WARNING:root:Prefix vice not contained at the beginning of wordform vicomte
WARNING:root:Suffix oïde not contained at the end of wordform polaroid
WARNING:root:Suffix iste not contained at the end of wordform analyste
WARNING:root:Suffix eur not contained at the end of wordform challenger
WARNING:root:Suffix ier not contained at the end of wordform cornouiller
WARNING:root:Suffix eur not contained at the end of wordform dealer
WARNING:root:Prefix dé not contained at the beginning of wordform dessert
WARNING:root:Suffix ière not contained at the end of wordform écaillère
WARNING:root:Prefix entre not contained at the beginning of wordform entraide
WARNING:root:Suffix euse2 not contained at the end of wordform fâcheuse
WARNING:root:Prefix in not contained at the beginning of wordform illogisme
WARNING:root:Suffix euse2 not contained at the end of wordform lépreuse
WARNING:root:Suffix euse2 not contained at the end of wordform malchanceuse
WARNING:root:Suffix euse2 not contained at the end of wordform morveuse
WARNING:root:Suffix ure not contained at the end of wordform piqûre
WARNING:root:Suffix ette not contained at the end of wordform porte-cigarettes
WARNING:root:Prefix para not contained at the beginning of wordform porte-parapluies
WARNING:root:Suffix euse2 not contained at the end of wordform pouilleuse
WARNING:root:Suffix euse2 not contained at the end of wordform précieuse
WARNING:root:Suffix ard not contained at the end of wordform racontar
WARNING:root:Prefix sous not contained at the beginning of wordform soupente
WARNING:root:Prefix sous not contained at the beginning of wordform souterrain
WARNING:root:Suffix ant not contained at the end of wordform transparent
WARNING:root:Suffix euse2 not contained at the end of wordform tuberculeuse
WARNING:root:Suffix ien not contained at the end of wordform uruguayen
WARNING:root:Suffix erie not contained at the end of wordform voirie
WARNING:root:Suffix iser not contained at the end of wordform vocalise
