Root ಬಗಎ not at position 0, of wordform ಅಡಿಯ, normalized ಅಡಇಯ, af: ['ಬಗೆ', 'n', '', 'sg', '3', 'o', 'ಎಯ್+ಅ', 'eVy+a']
Morpheme ಗಳಉ not at position 11, of wordform ಅತ್ಯುಪಯುಕ್ತ, normalized ಅತ್ಯಉಪಯಉಕ್ತ, af: ['ಅತ್ಯುಪಯುಕ್ತ', 'adj', '', '', '', 'o', 'ಗಳು', 'galYu']
Morpheme kkeV not at position 2, of wordform ಅದಕ್ಕೆ, normalized ಅದಕ್ಕಎ, af: ['ಅದು', 'pn', 'n', 'sg', '3', '', 'kkeV', 'ಕ್ಕೆ']
Root ಆದರಎ not at position 0, of wordform ಅದ್ದರಿಂದ, normalized ಅದ್ದರಇಂದ, af: ['ಆದರೆ', 'avy', '', '', '', 'o', 'ಅರ್+ಇ+ಇಂದ', 'ar+i+iMxa']
Root ಹಆಸನ not at position 0, of wordform ಅನಾರೋಗ್ಯದಿಂದ, normalized ಅನಆರಓಗ್ಯದಇಂದ, af: ['ಹಾಸನ', 'n', '', 'sg', '3', 'o', 'ಅದ್+ಇ+ಇಂದ', 'ax+i+iMxa']
Morpheme ಒಡನಎ not at position 5, of wordform ಅರ್ಜಿಯ, normalized ಅರ್ಜಇಯ, af: ['ಅರ್ಜಿ', 'n', '', 'sg', '3', 'o', 'ಒಡನೆ', 'oVdaneV']
Root ಆಡಳಇತ not at position 0, of wordform ಅರ್ಥದ, normalized ಅರ್ಥದ, af: ['ಆಡಳಿತ', 'n', '', 'sg', '3', 'o', 'ಅದ್+ಅ', 'ax+a']
Morpheme ದ್ not at position 4, of wordform ಅಲ್ವೆ, normalized ಅಲ್ವಎ, af: ['ಅಲ್ವೆ', 'v', '', '', '', '', 'ಉವ್+ದ್+ಉ', 'uv+x+u']
Morpheme ಗಳಉ not at position 9, of wordform ಅವರ್ಣನೀಯ, normalized ಅವರ್ಣನಇೕಯ, af: ['ಅವರ್ಣನೀಯ', 'adj', '', 'sg', '3', '', 'ಗಳು', 'galYu']
Morpheme ಏಯ್ not at position 6, of wordform ಅವಿತಿದೆಯೋ, normalized ಅವಇತಇದಎಯಓ, af: ['ಅವಿತಿರು', 'v', '', 'sg', '3', '', 'ಇರು+ದ್+ಏಯ್+ಒ', 'iru+x+ey+oV']
Morpheme ದ್ not at position 3, of wordform ಅಸಾಧಾರಣ, normalized ಅಸಆಧಆರಣ, af: ['ಅಸಾಧಾರಣ', 'adj', '', '', '', 'o', 'ಅವ್+ಆ+ಆಗು+ದ್+ಅ', 'av+A+Agu+x+a']
Morpheme ಅಲ್ಲಇ not at position 8, of wordform ಆಕರ್ಷಣೆಯ, normalized ಆಕರ್ಷಣಎಯ, af: ['ಆಕರ್ಷಣೆ', 'n', '', 'sg', '3', 'o', 'ಇಯ್+ಅ+ಅಲ್ಲಿ', 'iy+a+alli']
Root ಸಔಲಭ್ಯ not at position 0, of wordform ಆಗಿ, normalized ಆಗಇ, af: ['ಸೌಲಭ್ಯ', 'v', '', 'pl', '3', 'o', 'ಗಳು+ಇ+ಇಗ್+ಎ+ಆಗು+ಇ', 'galYu+i+ig+eV+Agu+i']
Morpheme ರಉ not at position 3, of wordform ಆಗಿದೆ, normalized ಆಗಇದಎ, af: ['ಆಗು', 'v', '', 'sg', '3', '', 'ಇ+ರು+ದ್+ಎ', 'i+iru+x+eV']
Morpheme ಉತ್ತ್ not at position 3, of wordform ಆಗಿದೆ, normalized ಆಗಇದಎ, af: ['ಆಗು', 'v', '', 'sg', '3', '', 'ಇರು+ಉತ್ತ್+ಅ+ಅದ್+ಎ', 'iru+uww+a+ax+eV']
Morpheme ಇರಉ not at position 3, of wordform ಆಗುತ್ತದೆ, normalized ಆಗಉತ್ತದಎ, af: ['ಆಗು', 'v', '', 'sg', '3', '', 'ಇರು+ಉತ್ತ್+ಅ+ಅದ್+ಎ', 'iru+uww+a+ax+eV']
Morpheme ಓದ್ not at position 2, of wordform ಆಗೊದಿಲ್ವೆ, normalized ಆಗಒದಇಲ್ವಎ, af: ['ಆಗು', 'v', '', 'sg', '3', '', 'ಓ+ಓದ್+ಇ+ಇಲ್+ವ್+ಎ', 'o+ox+i+ill+v+eV']
Morpheme ಬಯಸಉ not at position 6, of wordform ಆಚರಿಸುವವರಿಗೆ, normalized ಆಚರಇಸಉವವರಇಗಎ, af: ['ಆಚರಿಸು', 'v', '', 'sg', '3', 'o', 'ಅ+ಬಯಸು+ಉವ್+ಅ+ಅವರು+ಇ+ಇಗೆ', 'a+bayasu+uv+avaru+i+igeV']
Morpheme ಇರಉ not at position 1, of wordform ಆದ, normalized ಆದ, af: ['ಆವರಿಸು', 'v', '', 'sg', '3', '', 'ಇ+ಇರು+ದ್+ಅ', 'i+iru+x+a']
Root ನಇರ್ಮಆಣ not at position 0, of wordform ಆದ, normalized ಆದ, af: ['ನಿರ್ಮಾಣ', 'v', '', 'sg', '3', 'o', 'ಅವ್+ಆ+ಆಗು+ದ್+ಅ', 'av+A+Agu+x+a']
Root ಅವ್ not at position 0, of wordform ಆದ, normalized ಆದ, af: ['ನಿರ್ಮಾಣ', 'v', '', 'sg', '3', 'o', 'ಅವ್+ಆ+ಆಗು+ದ್+ಅ', 'av+A+Agu+x+a']
Root ಅಗಉ not at position 0, of wordform ಆದನು, normalized ಆದನಉ, af: ['ಅಗು', 'v', '', 'sg', '3', '', 'ದ್+ಅ+ಅನ್+ಉ', 'x+a+an+u']
Morpheme ಇರಉ not at position 7, of wordform ಆದುದಾಗುತ್ತದೆ, normalized ಆದಉದಆಗಉತ್ತದಎ, af: ['ಆದುದಾಗು', 'v', '', 'sg', '3', '', 'ಇರು+ಉತ್ತ್+ಅ+ಅದ್+ಎ', 'iru+uww+a+ax+eV']
Root ಸಮಆನ not at position 0, of wordform ಆದುದು, normalized ಆದಉದಉ, af: ['ಸಮಾನ', 'v', '', '', '', 'd', 'ಅವ್+ಆ+ಆಗು+ದ್+ಉ+ಉದ್+ಉ', 'av+A+Agu+x+u+ux+u']
Root ಅವ್ not at position 0, of wordform ಆದುದು, normalized ಆದಉದಉ, af: ['ಸಮಾನ', 'v', '', '', '', 'd', 'ಅವ್+ಆ+ಆಗು+ದ್+ಉ+ಉದ್+ಉ', 'av+A+Agu+x+u+ux+u']
Morpheme galYu not at position 4, of wordform ಆಮದುಗಳನ್ನು, normalized ಆಮದಉಗಳನ್ನಉ, af: ['ಆಮದು', 'n', '', 'pl', '3', 'o', 'galYu+a+ಅನ್ನು', 'galYu+a+annu']
Morpheme ಅನ್ನಉ not at position 9, of wordform ಇತ್ಯಾದಿಗಳಲ್ಲಿ, normalized ಇತ್ಯಆದಇಗಳಲ್ಲಇ, af: ['ಇತ್ಯಾದಿ', 'avy', '', 'sg', '3', 'o', 'ಗಳು+ಅ+ಅನ್ನು', 'galYu+a+annu']
Morpheme ಅಲ್ಲಇ not at position 2, of wordform ಇದನ್ನು, normalized ಇದನ್ನಉ, af: ['ಇದು', 'pn', 'n', 'sg', '3', 'o', 'ಅದ್+ಅ+ಅಲ್ಲಿ', 'ax+a+alli']
Morpheme ಅವ್ not at position 2, of wordform ಇದನ್ನು, normalized ಇದನ್ನಉ, af: ['ಇದು', 'pn', 'n', 'sg', '3', 'o', 'ಅವ್+ಅ+ಅನ್ನು', 'av+a+annu']
Morpheme ಅವ್ not at position 6, of wordform ಇದರಿಂದಾಗಿ, normalized ಇದರಇಂದಆಗಇ, af: ['ಇದರಿಂದ', 'avy', '', '', '', 'o', 'ಅವ್+ಆ+ಆಗು+ಇ', 'av+A+Agu+i']
Root ಚಇನ್ನ not at position 0, of wordform ಇರುವ, normalized ಇರಉವ, af: ['ಚಿನ್ನ', 'v', '', 'sg', '3', '', 'ದ್+ಅ+ಅಂತೆ+ಇ+ಇರು+ಉವ್+ಅ', 'x+a+aMweV+i+iru+uv+a']
Root ದ್ not at position 0, of wordform ಇರುವ, normalized ಇರಉವ, af: ['ಚಿನ್ನ', 'v', '', 'sg', '3', '', 'ದ್+ಅ+ಅಂತೆ+ಇ+ಇರು+ಉವ್+ಅ', 'x+a+aMweV+i+iru+uv+a']
Root ಅ not at position 0, of wordform ಇರುವ, normalized ಇರಉವ, af: ['ಚಿನ್ನ', 'v', '', 'sg', '3', '', 'ದ್+ಅ+ಅಂತೆ+ಇ+ಇರು+ಉವ್+ಅ', 'x+a+aMweV+i+iru+uv+a']
Root ಅಂತಎ not at position 0, of wordform ಇರುವ, normalized ಇರಉವ, af: ['ಚಿನ್ನ', 'v', '', 'sg', '3', '', 'ದ್+ಅ+ಅಂತೆ+ಇ+ಇರು+ಉವ್+ಅ', 'x+a+aMweV+i+iru+uv+a']
Morpheme ಬಲ್ಲ not at position 2, of wordform ಇರೋ, normalized ಇರಓ, af: ['ಇರು', 'v', 'any', 'pl', '3', '', 'ಅ+ಬಲ್ಲ+ಅರ್+ಏ', 'a+balla+ar+e']
Root ಊರಉ not at position 0, of wordform ಇಳಿಜಾರಿನ, normalized ಇಳಇಜಆರಇನ, af: ['ಊರು', 'n', '', 'sg', '3', 'o', 'ಇ+ಇನ್+ಅ+ಅಲ್ಲಿ', 'i+in+a+alli']
Morpheme ಅಲ್ಲಇ not at position 8, of wordform ಇಳಿಜಾರಿನ, normalized ಇಳಇಜಆರಇನ, af: ['ಊರು', 'n', '', 'sg', '3', 'o', 'ಇ+ಇನ್+ಅ+ಅಲ್ಲಿ', 'i+in+a+alli']
Morpheme ದ್ not at position 1, of wordform ಇವೆ, normalized ಇವಎ, af: ['ಇರು', 'v', '', 'pl', '3', '', 'ದ್+ಎ', 'x+eV']
Root ಆಚಎ not at position 0, of wordform ಈಚೆಗೆ, normalized ಈಚಎಗಎ, af: ['ಆಚೆ', 'nst', '', '', '', 'o', 'ಗೆ', 'geV']
Root ಕಊಡಉ not at position 0, of wordform ಉಳಿದು, normalized ಉಳಇದಉ, af: ['ಕೂಡು', 'v', '', 'sg', '3', '', 'ಇ+ಕೊಳ್ಳು+ಉತ್ತ್+ಅ+ಅದ್+ಎ', 'i+koVlYlYu+uww+a+ax+eV']
Morpheme ಕಒಳ್ಳಉ not at position 3, of wordform ಉಳಿದು, normalized ಉಳಇದಉ, af: ['ಕೂಡು', 'v', '', 'sg', '3', '', 'ಇ+ಕೊಳ್ಳು+ಉತ್ತ್+ಅ+ಅದ್+ಎ', 'i+koVlYlYu+uww+a+ax+eV']
Morpheme ಅಲ್ not at position 4, of wordform ಉಳಿಯುವುದಕ್ಕಾಗಿ, normalized ಉಳಇಯಉವಉದಕ್ಕಆಗಇ, af: ['ಉಳಿ', 'v', '', 'sg', '3', '', 'ಇಯ್+ಅ+ಅಲ್+ಉ', 'iy+a+al+u']
Morpheme 0ಬ್ not at position 9, of wordform ಎಂಬುದನ್ನು, normalized ಎಂಬಉದನ್ನಉ, af: ['ಎನ್ನು', 'v', '', '', '', '', '0ಬ್+ಉ+ಉದ್+ಅ+ಅನ್ನು', 'Mb+u+ux+a+annu']
Morpheme ಉವ್ not at position 4, of wordform ಎತ್ತೋದೇ, normalized ಎತ್ತಓದಏ, af: ['ಎತ್ತು', 'v', '', '', '', '', 'ಉವ್+ದ್+ಏ', 'uv+x+e']
Root ಏಳಉ not at position 0, of wordform ಎದ್ದ, normalized ಎದ್ದ, af: ['ಏಳು', 'v', '', '', '', '', 'ದ್ದ್+ಅ', 'xx+a']
Root ಏಳಉ not at position 0, of wordform ಎದ್ದ, normalized ಎದ್ದ, af: ['ಏಳು', 'v', '', '', '', 'd', 'ದ್ದ್+ಅ', 'xx+a']
Root ಏಳಉ not at position 0, of wordform ಎದ್ದಿತು, normalized ಎದ್ದಇತಉ, af: ['ಏಳು', 'v', '', 'sg', '3', '', 'ದ್ದ್+ಇ+ಇರು+ಇತ್+ಉ', 'xx+i+iru+iw+u']
Root ಏಳಉ not at position 0, of wordform ಎದ್ದು, normalized ಎದ್ದಉ, af: ['ಏಳು', 'adv', '', '', '', '', 'ದ್ದ್+ಉ', 'xx+u']
Root ಏಳಉ not at position 0, of wordform ಎದ್ದು, normalized ಎದ್ದಉ, af: ['ಏಳು', 'v', '', '', '', '', 'ದ್ದ್+ಉ', 'xx+u']
Root ಏಳಉ not at position 0, of wordform ಎದ್ದುಕೊಂಡಿತು, normalized ಎದ್ದಉಕಒಂಡಇತಉ, af: ['ಏಳು', 'v', '', 'sg', '3', '', 'ದ್ದ್+ಉ+ಕೊಳ್ಳು+ಂಡ್+ಇ+ಇತ್+ಉ', 'xx+u+koVlYlYu+Md+i+iw+u']
Morpheme pಊ not at position 4, of wordform ಎಲ್ಲೂ, normalized ಎಲ್ಲಊ, af: ['ಎಲ್ಲಿ', 'pn', '', '', '', 'o', 'pಊ', 'U']
Morpheme ಇಯ್ not at position 4, of wordform ಎಲ್ಲೂ, normalized ಎಲ್ಲಊ, af: ['ಎಲ್ಲಿ', 'pn', '', '', '', 'o', 'ಇಯ್+ಊ', 'iy+U']
Morpheme ರ್ not at position 9, of wordform ಎಲ್ಲೆಲ್ಲಿ, normalized ಎಲ್ಲಎಲ್ಲಇ, af: ['ಎಲ್ಲೆಲ್ಲಿ', 'pn', 'any', 'pl', '2', 'o', 'ರ್+ಉ', 'r+u']
Morpheme ಉವ್ not at position 5, of wordform ಒದಗಿಸಿ, normalized ಒದಗಇಸಇ, af: ['ಒದಗಿಸು', 'v', '', 'sg', '3', 'd', 'ಉವ್+ಅ', 'uv+a']
Morpheme ಅದ್ not at position 10, of wordform ಕಂಡುಬರುತ್ತವೆ, normalized ಕಂಡಉಬರಉತ್ತವಎ, af: ['ಕಾಣು', 'v', '', 'pl', '3', '', 'ಂಡ್+ಉ+ಬರು+ಉತ್ತ್+ಅ+ಅದ್+ಎ', 'Md+u+baru+uww+a+ax+eV']
Morpheme ಅನ್ not at position 7, of wordform ಕಟ್ಟಿಸಿ, normalized ಕಟ್ಟಇಸಇ, af: ['ಕಟ್ಟು', 'v', '', '', '', '', 'ಇಸ್+ಇ+ಇದ್+ಅ+ಅನ್+ಉ', 'is+i+ix+an+u']
Morpheme ಆಳಉ not at position 9, of wordform ಕಟ್ಟಿಸಿದ್ದಳು, normalized ಕಟ್ಟಇಸಇದ್ದಳಉ, af: ['ಕಟ್ಟು', 'v', 'f', 'sg', '3', '', 'ಇ+ಇಸ್+ಇ+ಇದ್+ಅ+ಆಳು', 'i+is+i+ix+a+alYu']
Morpheme ಆಗಇ not at position 5, of wordform ಕಡಿಮೆ, normalized ಕಡಇಮಎ, af: ['ಕಡಿಮೆ', 'n', '', '', '', 'o', 'ಆಗಿ', 'Agi']
Morpheme ಅವ್ not at position 8, of wordform ಕಲಿತಿದ್ದನ್ನು, normalized ಕಲಇತಇದ್ದನ್ನಉ, af: ['ಕಲಿ', 'v', '', '', '', '', 'ಇತ್+ಇ+ಇರು+ದ್ದ್+ಅ+ಅವ್+ಅ+ಅನ್ನು', 'iw+i+iru+xx+a+annu']
Morpheme ಆಲ್ not at position 6, of wordform ಕಲ್ಪಿಸಲು, normalized ಕಲ್ಪಇಸಲಉ, af: ['ಕಲ್ಪಿಸು', 'v', '', '', '', '', 'ಅ+ಆಲ್+ಉ', 'a+al+u']
Morpheme ಅಲ್ಲಇ not at position 8, of wordform ಕಾರ್ಖಾನೆ, normalized ಕಆರ್ಖಆನಎ, af: ['ಕಾರ್ಖಾನೆ', 'n', '', 'sg', '3', 'o', 'ಎಯ್+ಅ+ಅಲ್ಲಿ', 'eVy+a+alli']
Morpheme ಅಲ್ಲಇ not at position 9, of wordform ಕಾರ್ಖಾನೆಯ, normalized ಕಆರ್ಖಆನಎಯ, af: ['ಕಾರ್ಖಾನೆ', 'n', '', 'sg', '3', 'o', 'ಎಯ್+ಅ+ಅಲ್ಲಿ', 'eVy+a+alli']
Morpheme ಗಳಉ not at position 2, of wordform ಕೈ, normalized ಕಐ, af: ['ಕೈ', 'n', '', 'pl', '3', 'o', 'ಗಳು', 'galYu']
Morpheme al not at position 9, of wordform ಕೈಗೊಳ್ಳಲು, normalized ಕಐಗಒಳ್ಳಲಉ, af: ['ಕೈಗೊಳ್ಳು', 'v', '', '', '', '', 'ಅ+ಅಲ್+ಉa+al+u', '']
Morpheme 0ಡ್ not at position 2, of wordform ಕೊಂಡಾಗ, normalized ಕಒಂಡಆಗ, af: ['ಕೊಳ್ಳು', 'v', '', '', '', '', '0ಡ್+ಆ+ಆಗ', 'Md+A+Aga']
Morpheme ಇರಉ not at position 9, of wordform ಕೊಡಬೇಕಾಗುತ್ತದೆ, normalized ಕಒಡಬಏಕಆಗಉತ್ತದಎ, af: ['ಕೊಡಬೇಕಾಗು', 'v', '', 'sg', '3', '', 'ಇರು+ಉತ್ತ್+ಅ+ಅದ್+ಎ', 'iru+uww+a+ax+eV']
Morpheme ಇರಉ not at position 7, of wordform ಕೊಡಲಾಗುತ್ತದೆ, normalized ಕಒಡಲಆಗಉತ್ತದಎ, af: ['ಕೊಡಲಾಗು', 'v', '', 'sg', '3', '', 'ಇರು+ಉತ್ತ್+ಅ+ಅದ್+ಎ', 'iru+uww+a+ax+eV']
Morpheme ಉತ್ತ್ not at position 5, of wordform ಕೊಡಿಸಿದ್ದೇನೆ, normalized ಕಒಡಇಸಇದ್ದಏನಎ, af: ['ಕೊಡಿಸು', 'v', '', 'sg', '3', '', 'ಉತ್ತ್+ಇ+ಇರು+ದ್ದ್+ಏ+ಏನ್+ಎ', 'uww+i+iru+xx+e+eneV']
Morpheme ಇಲ್ಲ not at position 6, of wordform ಕೊಡೋದು, normalized ಕಒಡಓದಉ, af: ['ಕೊಡು', 'v', '', '', '3', '', 'ದ್+ಇ+ಇಲ್ಲ', 'x+i+illa']
Morpheme ಇಯ್ not at position 5, of wordform ಕೊಳ್ಳದಲ್ಲೋ, normalized ಕಒಳ್ಳದಲ್ಲಓ, af: ['ಕೊಳ್ಳ', 'n', '', 'sg', '3', 'o', 'ಇಯ್+ಅ+ಅಲ್ಲ್+ಓ', 'iy+a+all+o']
Morpheme ಗಳಉ not at position 7, of wordform ಕ್ಷೇತ್ರ, normalized ಕ್ಷಏತ್ರ, af: ['ಕ್ಷೇತ್ರ', 'n', '', 'pl', '3', 'o', 'ಗಳು+ಅ', 'galYu+a']
Morpheme koVlYlYu not at position 18, of wordform ಖಚಿತಪಡಿಸಿಕೊಳ್ಳಬೇಕು, normalized ಖಚಇತಪಡಇಸಇಕಒಳ್ಳಬಏಕಉ, af: ['ಖಚಿತಪಡಿಸು', 'v', '', '', '', '', 'ಇ+ಕೊಳ್ಳು+ಅ+ಬೇಕುi+koVlYlYu+a+beku', '']
Morpheme beku not at position 18, of wordform ಖಚಿತಪಡಿಸಿಕೊಳ್ಳಬೇಕು, normalized ಖಚಇತಪಡಇಸಇಕಒಳ್ಳಬಏಕಉ, af: ['ಖಚಿತಪಡಿಸು', 'v', '', '', '', '', 'ಇ+ಕೊಳ್ಳು+ಅ+ಬೇಕುi+koVlYlYu+a+beku', '']
Morpheme ಆದ not at position 5, of wordform ಖರ್ಚು, normalized ಖರ್ಚಉ, af: ['ಖರ್ಚು', 'n', '', 'sg', '3', 'o', 'ಆದ', 'Axa']
Morpheme ಇಯ್ not at position 11, of wordform ಗಂಟೆಗಟ್ಟೆಲೆ, normalized ಗಂಟಎಗಟ್ಟಎಲಎ, af: ['ಗಂಟೆಗಟ್ಟೆಲೆ', 'n', '', '', '3', 'o', 'ಇಯ್+ಅ+ಅಲ್ಲಿ', 'iy+a+alli']
Morpheme ಅi not at position 13, of wordform ಗಳಿಸಿಕೊಂಡಿರುವ, normalized ಗಳಇಸಇಕಒಂಡಇರಉವ, af: ['ಗಳಿಸು', 'v', '', '', '', '', 'ಇ+ಕೊಳ್ಳು+ಂಡ್+ಇ+ಇರು+ಉವ್+ಅi+koVlYlYu+Md+i+iru+uv+a', '']
Morpheme koVlYlYu not at position 13, of wordform ಗಳಿಸಿಕೊಂಡಿರುವ, normalized ಗಳಇಸಇಕಒಂಡಇರಉವ, af: ['ಗಳಿಸು', 'v', '', '', '', '', 'ಇ+ಕೊಳ್ಳು+ಂಡ್+ಇ+ಇರು+ಉವ್+ಅi+koVlYlYu+Md+i+iru+uv+a', '']
Morpheme Md not at position 13, of wordform ಗಳಿಸಿಕೊಂಡಿರುವ, normalized ಗಳಇಸಇಕಒಂಡಇರಉವ, af: ['ಗಳಿಸು', 'v', '', '', '', '', 'ಇ+ಕೊಳ್ಳು+ಂಡ್+ಇ+ಇರು+ಉವ್+ಅi+koVlYlYu+Md+i+iru+uv+a', '']
Morpheme iru not at position 13, of wordform ಗಳಿಸಿಕೊಂಡಿರುವ, normalized ಗಳಇಸಇಕಒಂಡಇರಉವ, af: ['ಗಳಿಸು', 'v', '', '', '', '', 'ಇ+ಕೊಳ್ಳು+ಂಡ್+ಇ+ಇರು+ಉವ್+ಅi+koVlYlYu+Md+i+iru+uv+a', '']
Morpheme uv not at position 13, of wordform ಗಳಿಸಿಕೊಂಡಿರುವ, normalized ಗಳಇಸಇಕಒಂಡಇರಉವ, af: ['ಗಳಿಸು', 'v', '', '', '', '', 'ಇ+ಕೊಳ್ಳು+ಂಡ್+ಇ+ಇರು+ಉವ್+ಅi+koVlYlYu+Md+i+iru+uv+a', '']
Root ಸಆಲ not at position 0, of wordform ಗಾತ್ರ, normalized ಗಆತ್ರ, af: ['ಸಾಲ', 'n', '', 'sg', '3', 'o', 'ಅ', 'a']
Root ಅ not at position 0, of wordform ಗಾತ್ರ, normalized ಗಆತ್ರ, af: ['ಸಾಲ', 'n', '', 'sg', '3', 'o', 'ಅ', 'a']
Morpheme ಅವ್ not at position 6, of wordform ಗುರುತುಗಳನ್ನೇ, normalized ಗಉರಉತಉಗಳನ್ನಏ, af: ['ಗುರುತು', 'n', '', 'pl', '3', 'o', 'ಅವ್+ಅ+ಅನ್ನು+ಏ', 'av+a+annu+e']
Root ಬಉದ್ಧಇ not at position 0, of wordform ಗೆಡ್ಡೆಯನ್ನು, normalized ಗಎಡ್ಡಎಯನ್ನಉ, af: ['ಬುದ್ಧಿ', 'n', '', 'sg', '3', 'o', 'ಎಯ್+ಅ+ಅನ್ನು', 'eVy+a+annu']
Morpheme ಏಯ್ not at position 4, of wordform ಗೋಡೆಯ, normalized ಗಓಡಎಯ, af: ['ಗೋಡೆ', 'n', '', 'sg', '3', 'o', 'ಏಯ್+ಅ', 'eVy+a']
Morpheme ಆವರಎಗಊ not at position 6, of wordform ಘಳಿಗೆಯವರೆಗೂ, normalized ಘಳಇಗಎಯವರಎಗಊ, af: ['ಘಳಿಗೆ', 'n', '', 'sg', '3', 'o', 'ಎಯ್+ಅ+ಆವರೆಗೂ', 'eVy+a+AvareVgU']
Morpheme ಗಳಉ not at position 7, of wordform ಚಿತ್ತಾರ, normalized ಚಇತ್ತಆರ, af: ['ಚಿತ್ತಾರ', 'n', '', 'sg', '3', 'o', 'ಗಳು', 'galYu']
Morpheme ಉವ್ not at position 2, of wordform ಚಿನ್ನದಂತೆ, normalized ಚಇನ್ನದಂತಎ, af: ['ಚಿನ್ನ', 'n', '', 'sg', '3', '', 'ದ್+ಅ+ಅಂತೆ+ಇ+ಇರು+ಉವ್+ಅ', 'x+a+aMweV+i+iru+uv+a']
Root ಮಔಲ್ಯ not at position 0, of wordform ಚಿನ್ನವು, normalized ಚಇನ್ನವಉ, af: ['ಮೌಲ್ಯ', 'n', '', 'sg', '3', 'o', 'ಅವ್+ಅ+ಅನ್ನು', 'av+a+annu']
Morpheme ಅದ್ not at position 5, of wordform ಜಲಪಾತವನ್ನು, normalized ಜಲಪಆತವನ್ನಉ, af: ['ಜಲಪಾತ', 'n', '', 'sg', '3', 'o', 'ಅದ್+ಅ+ಅನ್ನು', 'ax+a+annu']
Morpheme ಅವ್ not at position 6, of wordform ಜಾಗೃತರಾಗಿ, normalized ಜಆಗಋತರಆಗಇ, af: ['ಜಾಗೃತರು', 'adv', '', '', '', '', 'ಅವ್+ಆ+ಆಗು+ಇ', 'av+A+Agu+i']
Morpheme ಅಲ್ಲಇ not at position 9, of wordform ಜಾರ್ಖಂಡಿನ, normalized ಜಆರ್ಖಂಡಇನ, af: ['ಜಾರ್ಖಂಡ', 'n', '', 'sg', '3', 'o', 'ಇ+ಇನ್+ಅ+ಅಲ್ಲಿ', 'i+in+a+alli']
Morpheme ಇಯ್ not at position 3, of wordform ಜೊತೇಲೇ, normalized ಜಒತಏಲಏ, af: ['ಜೊತೆ', 'psp', '', '', '', '', 'ಇಯ್+ಏ', 'iy+e']
Morpheme ಅವ್ not at position 3, of wordform ಜೋರಾಗಿ, normalized ಜಓರಆಗಇ, af: ['ಜೋರು', 'adv', '', '', '', '', 'ಅವ್+ಆ+ಆಗು+ಇ', 'av+A+Agu+i']
Morpheme ಎಯ್ not at position 5, of wordform ತಟ್ಟೇಲಿ, normalized ತಟ್ಟಏಲಇ, af: ['ತಟ್ಟೇ', 'n', '', 'sg', '3', 'o', 'ಎಯ್+ಲ್+ಇ', 'eVy+l+i']
Morpheme ಈರ್ not at position 8, of wordform ತಲುಪುತ್ತಿರಿ, normalized ತಲಉಪಉತ್ತಇರಇ, af: ['ತಲುಪು', 'v', 'any', 'pl', '2', '', 'ಉತ್ತ್+ಈ+ಈರ್+ಇ', 'uww+I+Ir+i']
Morpheme ಇಯ್ not at position 6, of wordform ತಾವಾಗೆ, normalized ತಆವಆಗಎ, af: ['ತಾನು', 'pn', 'any', 'sg', '1', 'o', 'ವ್+ಆ+ಆಗು+ಇ+ಇಯ್+ಏ', 'v+A+Agu+iy+eV']
Morpheme ಏಯ್ not at position 7, of wordform ತಿಳಿದುಕೊಂಡೆಯಾ, normalized ತಇಳಇದಉಕಒಂಡಎಯಆ, af: ['ತಿಳಿದುಕೊಳ್ಳು', 'v', '', '', '2', '', 'ಏ+ಏಯ್+ಅ', 'e+ey+a']
Morpheme ಅವ್ not at position 3, of wordform ತೆರನಾದ, normalized ತಎರನಆದ, af: ['ತೆರ', 'adj', '', '', '', 'o', 'ಅವ್+ಆ+ಆಗು+ದ್+ಅ', 'av+A+Agu+x+a']
Morpheme is not at position 6, of wordform ತೋರಿಸದ, normalized ತಓರಇಸದ, af: ['ತೋರು', 'v', '', '', '', '', 'ಇ+ಇಸ್+ಅ+ಅದ್+ಅ.i+is+a+ax+a', '']
Morpheme ax not at position 6, of wordform ತೋರಿಸದ, normalized ತಓರಇಸದ, af: ['ತೋರು', 'v', '', '', '', '', 'ಇ+ಇಸ್+ಅ+ಅದ್+ಅ.i+is+a+ax+a', '']
Root ಅಸಆಧಆರಣ not at position 0, of wordform ದ, normalized ದ, af: ['ಅಸಾಧಾರಣ', 'v', '', '', '', 'o', 'ಅವ್+ಆ+ಆಗು+ದ್+ಅ', 'av+A+Agu+x+a']
Root ಅವ್ not at position 0, of wordform ದ, normalized ದ, af: ['ಅಸಾಧಾರಣ', 'v', '', '', '', 'o', 'ಅವ್+ಆ+ಆಗು+ದ್+ಅ', 'av+A+Agu+x+a']
Root ಆ not at position 0, of wordform ದ, normalized ದ, af: ['ಅಸಾಧಾರಣ', 'v', '', '', '', 'o', 'ಅವ್+ಆ+ಆಗು+ದ್+ಅ', 'av+A+Agu+x+a']
Root ಆಗಉ not at position 0, of wordform ದ, normalized ದ, af: ['ಅಸಾಧಾರಣ', 'v', '', '', '', 'o', 'ಅವ್+ಆ+ಆಗು+ದ್+ಅ', 'av+A+Agu+x+a']
Morpheme aಇಂದ not at position 7, of wordform ದಾಖಲೆಯಿಂದ, normalized ದಆಖಲಎಯಇಂದ, af: ['ದಾಖಲೆ', 'n', '', 'sg', '3', 'o', 'ಎಯ್+ಇ+aಇಂದ', 'eVy+i+iMxa']
Morpheme ಅಲ್ಲಇ not at position 4, of wordform ದೂರದ, normalized ದಊರದ, af: ['ದೂರ', 'n', '', 'sg', '3', '', 'ಅದ್+ಅ+ಅಲ್ಲಿ', 'ax+a+alli']
Morpheme ಅವ್ not at position 5, of wordform ದೃಶ್ಯ, normalized ದಋಶ್ಯ, af: ['ದೃಶ್ಯ', 'n', '', 'sg', '3', 'o', 'ಅವ್+ಅ+ಅನ್ನು', 'av+a+annu']
Morpheme ಅನ್ನಉ not at position 5, of wordform ದೃಶ್ಯ, normalized ದಋಶ್ಯ, af: ['ದೃಶ್ಯ', 'n', '', 'sg', '3', 'o', 'ಅವ್+ಅ+ಅನ್ನು', 'av+a+annu']
Morpheme ಅಕ್ಕಎ not at position 11, of wordform ದೊರೆತಿರುವುದು, normalized ದಒರಎತಇರಉವಉದಉ, af: ['ದೊರೆ', 'v', '', '', '', '', 'ಎತ್+ಇ+ಇರು+ಉವ್+ಉ+ಉದ್+ಅ+ಅಕ್ಕೆ', 'eVw+i+iru+uv+u+ux+a+akkeV']
Root ಹಏಳಉ not at position 0, of wordform ಧರಿಸಿದ್ದಕ್ಕಾಗಿ, normalized ಧರಇಸಇದ್ದಕ್ಕಆಗಇ, af: ['ಹೇಳು', 'v', '', 'sg', '3', '', 'ಇದ್+ಅ+ಅಕ್ಕ್+ಆ+ಆಗು+ಇ', 'ix+a+akk+Agu+i']
Morpheme eVx not at position 4, of wordform ನಡೆದ, normalized ನಡಎದ, af: ['ನಡೆ', 'v', '', '', '', '', 'ಎದ್+ಅ+eVx+a', '']
Morpheme ಅದ್ not at position 11, of wordform ನಡೆಸಲಾಗುತ್ತವೆ, normalized ನಡಎಸಲಆಗಉತ್ತವಎ, af: ['ನಡೆಸು', 'v', '', 'sg', '3', '', 'ಅ+ಅಲ್+ಆ+ಆಗು+ಉತ್ತ್+ಅ+ಅದ್+ಎ', 'a+al+A+Agu+uww+a+ax+eV']
Morpheme ದ್ not at position 5, of wordform ನಿಂತಿವೆ, normalized ನಇಂತಇವಎ, af: ['ನಿಲ್ಲು', 'v', '', 'pl', '3', '', 'ಂತ್+ಇ+ಇರು+ದ್+ಎ', 'Mw+i+iru+x+eV']
Morpheme ಅಲ್ಲಇ not at position 5, of wordform ನಿತ್ಯ, normalized ನಇತ್ಯ, af: ['ನಿತ್ಯ', 'n', '', 'sg', '3', 'o', 'ಅಲ್ಲಿ', 'alli']
Morpheme ಮ್ not at position 1, of wordform ನಿನಗಾಗಿ, normalized ನಇನಗಆಗಇ, af: ['ನೀನು', 'pn', 'any', 'pl', '1', 'o', 'ಮ್+ಅ+ಗ್+ಆ+ಆಗು+ಇ', 'm+a+g+A+Agu+i']
Morpheme ಅವ್ not at position 4, of wordform ನಿಯಮಗಳನ್ನು, normalized ನಇಯಮಗಳನ್ನಉ, af: ['ನಿಯಮ', 'n', '', 'pl', '3', 'o', 'ಅವ್+ಅ+ಅನ್ನು', 'av+a+annu']
Morpheme ಅವ್ not at position 7, of wordform ನಿರ್ಮಾಣ, normalized ನಇರ್ಮಆಣ, af: ['ನಿರ್ಮಾಣ', 'n', '', 'sg', '3', 'o', 'ಅವ್+ಆ+ಆಗು+ದ್+ಅ', 'av+A+Agu+x+a']
Morpheme ದ್ not at position 6, of wordform ನಿರ್ಮಾಣ, normalized ನಇರ್ಮಆಣ, af: ['ನಿರ್ಮಾಣ', 'n', '', 'sg', '3', 'o', 'ಅವ್+ಆ+ಆಗು+ದ್+ಅ', 'av+A+Agu+x+a']
Root ಮನಓಹರ not at position 0, of wordform ನ್ಯಾಯವಾದ, normalized ನ್ಯಆಯವಆದ, af: ['ಮನೋಹರ', 'adj', '', '', '', 'o', 'ಅವ್+ಆ+ಆಗು+ದ್+ಅ', 'av+A+Agu+x+a']
Root ಮಉಸ್ಲಇಮ not at position 0, of wordform ಪಂಚಬಕ್ಖತರ್, normalized ಪಂಚಬಕ್ಖತರ್, af: ['ಮುಸ್ಲಿಮ', 'n', 'any', 'pl', '3', 'o', 'ಅರ್+ಇ+ಇಂದ', 'ar+i+iMxa']
Root ಕ್ಷಏತ್ರ not at position 0, of wordform ಪಟ್ಟಣಗಳಲ್ಲಿ, normalized ಪಟ್ಟಣಗಳಲ್ಲಇ, af: ['ಕ್ಷೇತ್ರ', 'n', '', 'pl', '3', 'o', 'ಗಳು+ಅ+ಅಲ್ಲಿ', 'galYu+a+alli']
Morpheme ಉವ್ not at position 5, of wordform ಪಡೆದಿದೆ, normalized ಪಡಎದಇದಎ, af: ['ಪಡೆ', 'v', '', 'sg', '3', '', 'ಎದ್+ಇ+ಇರು+ಉವ್+ಅ', 'eVx+i+iru+uv+a']
Root ಲಕ್ಷಣ not at position 0, of wordform ಪದರಗಳು, normalized ಪದರಗಳಉ, af: ['ಲಕ್ಷಣ', 'n', '', 'pl', '3', 'o', 'ಗಳು', 'galYu']
Morpheme ದ್ not at position 9, of wordform ಪರಿಣಾಮವಾಗಿ, normalized ಪರಇಣಆಮವಆಗಇ, af: ['ಪರಿಣಾಮ', 'n', '', 'sg', '3', 'o', 'ಅವ್+ಆ+ಆಗು+ದ್+ಅ', 'av+A+Agu+x+a']
Root ಜಈವನ not at position 0, of wordform ಪರಿಸರದಿಂದ, normalized ಪರಇಸರದಇಂದ, af: ['ಜೀವನ', 'n', '', 'sg', '3', 'o', 'ಅದ್+ಇ+ಇಂದ', 'ax+i+iMxa']
Morpheme ಅಲ್ಲಇ not at position 7, of wordform ಪಾರ್ಕಿನ, normalized ಪಆರ್ಕಇನ, af: ['ಪಾರ್ಕ', 'n', '', 'sg', '3', 'o', 'ಇನ್+ಅ+ಅಲ್ಲಿ', 'in+a+alli']
Morpheme ಅಲ್ಲಇ not at position 6, of wordform ಪೂರ್ವದ, normalized ಪಊರ್ವದ, af: ['ಪೂರ್ವ', 'n', '', 'sg', '3', 'o', 'ಅದ್+ಅ+ಅಲ್ಲಿ', 'ax+a+alli']
Morpheme ಆದ not at position 7, of wordform ಪ್ರತ್ಯಯ, normalized ಪ್ರತ್ಯಯ, af: ['ಪ್ರತ್ಯಯ', 'n', '', 'sg', '3', 'o', 'ಆದ', 'Axa']
Morpheme ಅಲ್ಲಇ not at position 7, of wordform ಪ್ರದೇಶದ, normalized ಪ್ರದಏಶದ, af: ['ಪ್ರದೇಶ', 'n', '', '', '3', 'o', 'ಅದ್+ಅ+ಅಲ್ಲಿ', 'ax+a+alli']
Morpheme ಅವ್ not at position 8, of wordform ಪ್ರಫುಲ್ಲ, normalized ಪ್ರಫಉಲ್ಲ, af: ['ಪ್ರಫುಲ್ಲ', 'n', '', '', '', '', 'ಅವ್+ಆ+ಆಗು+ಇ', 'av+A+Agu+i']
Morpheme ಆಗಉ not at position 8, of wordform ಪ್ರಫುಲ್ಲ, normalized ಪ್ರಫಉಲ್ಲ, af: ['ಪ್ರಫುಲ್ಲ', 'n', '', '', '', '', 'ಅವ್+ಆ+ಆಗು+ಇ', 'av+A+Agu+i']
Morpheme ಇಯ್ not at position 5, of wordform ಬಂಗಲೆ, normalized ಬಂಗಲಎ, af: ['ಬಂಗಲೆ', 'n', '', 'sg', '3', 'o', 'ಇಯ್+ಅ+ಅನ್ನು', 'iy+a+annu']
Morpheme ಅನ್ನಉ not at position 5, of wordform ಬಂಗಲೆ, normalized ಬಂಗಲಎ, af: ['ಬಂಗಲೆ', 'n', '', 'sg', '3', 'o', 'ಇಯ್+ಅ+ಅನ್ನು', 'iy+a+annu']
Root ಹಒಣಎಗಆರಇಕಎ not at position 0, of wordform ಬಗ್ಗೆ, normalized ಬಗ್ಗಎ, af: ['ಹೊಣೆಗಾರಿಕೆ', 'avy', '', 'pl', '3', 'o', 'ಅನ್ನೂ', 'annU']
Root ಅನ್ನಊ not at position 0, of wordform ಬಗ್ಗೆ, normalized ಬಗ್ಗಎ, af: ['ಹೊಣೆಗಾರಿಕೆ', 'avy', '', 'pl', '3', 'o', 'ಅನ್ನೂ', 'annU']
Morpheme ಇರಉ not at position 6, of wordform ಬದಲಾಗುತ್ತದೆ, normalized ಬದಲಆಗಉತ್ತದಎ, af: ['ಬದಲಾಗು', 'v', '', 'sg', '3', '', 'ಇರು+ಉತ್ತ್+ಅ+ಅದ್+ಎ', 'iru+uww+a+ax+eV']
Morpheme ಆಲ್ not at position 2, of wordform ಬರಲು, normalized ಬರಲಉ, af: ['ಬರು', 'v', '', '', '', '', 'ಅ+ಆಲ್+ಉ', 'a+al+u']
Morpheme ದ್ದ್ not at position 3, of wordform ಬರುವ, normalized ಬರಉವ, af: ['ಬರು', 'v', '', '', '', '', 'ಉತ್ತ್+ಇ+ಇರು+ದ್ದ್+ಅ', 'uww+i+iru+xx+a']
Morpheme ಉವ್ not at position 2, of wordform ಬರೋದಿಲ್ಲ, normalized ಬರಓದಇಲ್ಲ, af: ['ಬರು', 'v', '', 'sg', '3', '', 'ಉವ್+ಉ+ಉದ್+ಇ+ಇಲ್ಲ', 'uv+u+ux+i+illa']
Morpheme ಉತ್ತ್ not at position 2, of wordform ಬೀದ್ದರೆ, normalized ಬಈದ್ದರಎ, af: ['ಬೀಳು', 'v', '', 'sg', '3', '', 'ಉತ್ತ್+ಅ+ಅದ್+ಎ', 'uww+a+ax+eV']
Morpheme alli not at position 11, of wordform ಬುಟ್ಟಿಯಲ್ಲಿ, normalized ಬಉಟ್ಟಇಯಲ್ಲಇ, af: ['ಬುಟ್ಟಿ', 'n', '', 'sg', '3', 'o', 'ಇಯ್+ಅ+ಅಲ್ಲಿiy+a+alli', '']
Morpheme ಅಲ್ not at position 12, of wordform ಬೆಚ್ಚಿಬೀಳಿಸುತ್ತದೆ, normalized ಬಎಚ್ಚಇಬಈಳಇಸಉತ್ತದಎ, af: ['ಬೆಚ್ಚಿಬೀಳಿಸು', 'v', '', 'sg', '3', '', 'ಅ+ಅಲ್+ಆ+ಆಗು+ಉತ್ತ್+ಅ+ಅದ್+ಎ', 'uww+a+ax+eV']
Morpheme ಆಗಉ not at position 12, of wordform ಬೆಚ್ಚಿಬೀಳಿಸುತ್ತದೆ, normalized ಬಎಚ್ಚಇಬಈಳಇಸಉತ್ತದಎ, af: ['ಬೆಚ್ಚಿಬೀಳಿಸು', 'v', '', 'sg', '3', '', 'ಅ+ಅಲ್+ಆ+ಆಗು+ಉತ್ತ್+ಅ+ಅದ್+ಎ', 'uww+a+ax+eV']
Root ಲಓಹಜಂಗ not at position 0, of wordform ಬೆದನಿಕುಂಡದಿಂದ, normalized ಬಎದನಇಕಉಂಡದಇಂದ, af: ['ಲೋಹಜಂಗ', 'n', '', 'sg', '3', 'o', 'ಅದ್+ಇ+ಇಂದ', 'ax+i+iMxa']
Root ವರ್ಷ not at position 0, of wordform ಬೆಲೆಯನ್ನು, normalized ಬಎಲಎಯನ್ನಉ, af: ['ವರ್ಷ', 'n', '', 'sg', '3', 'o', 'ಎಯ್+ಅ+ಅನ್ನು', 'eVy+a+annu']
Root ಬಸದಇ not at position 0, of wordform ಭಕ್ತಿಯನ್ನೂ, normalized ಭಕ್ತಇಯನ್ನಊ, af: ['ಬಸದಿ', 'n', '', 'sg', '3', 'o', 'ಇಯ್+ಅ+ಅನ್ನ್+ಊ', 'iy+a+ann+U']
Morpheme ಅಲ್ಲಇ not at position 9, of wordform ಭದ್ರಕಾಳಿಯ, normalized ಭದ್ರಕಆಳಇಯ, af: ['ಭದ್ರಕಾಳಿ', 'n', '', 'sg', '3', 'o', 'ಇಯ್+ಅ+ಅಲ್ಲಿ', 'iy+a+alli']
Morpheme ಅಲ್ಲಇ not at position 5, of wordform ಭಾರತದ, normalized ಭಆರತದ, af: ['ಭಾರತ', 'n', '', 'sg', '3', 'o', 'ಅದ್+ಅ+ಅಲ್ಲಿ', 'ax+a+alli']
Morpheme ಆದ್ not at position 5, of wordform ಮಂದಿರದ, normalized ಮಂದಇರದ, af: ['ಮಂದಿರ', 'n', '', 'sg', '3', 'o', 'ಆದ್+ಅ', 'ax+a']
Morpheme ಗಳಉ not at position 5, of wordform ಮಕ್ಕಳಂತೆ, normalized ಮಕ್ಕಳಂತಎ, af: ['ಮಕ್ಕಳು', 'n', 'any', 'pl', '3', 'o', 'ಗಳು+ಅ+ಅಂತೆ', 'galYu+a+aMweV']
Morpheme ಇರಉ not at position 7, of wordform ಮಾಡಲಾಗುತ್ತದೆ, normalized ಮಆಡಲಆಗಉತ್ತದಎ, af: ['ಮಾಡು', 'v', '', 'sg', '3', '', 'ಅ+ಅಲ್+ಆ+ಆಗು+ಇ+ಇರು+ದ್+ಎ', 'a+al+A+Agu+i+iru+x+eV']
Morpheme ix not at position 5, of wordform ಮಾಡಿದ, normalized ಮಆಡಇದ, af: ['ಮಾಡು', 'v', '', '', '', '', 'ಇ+ಇದ್+ಅ.i+ix+a', '']
Morpheme ಅವ್ not at position 7, of wordform ಮಾಡುತ್ತದೆ, normalized ಮಆಡಉತ್ತದಎ, af: ['ಮಾಡು', 'v', '', 'sg', '3', '', 'ಉತ್ತ್+ಅ+ಅವ್+ಎ', 'uww+a+ax+eV']
Morpheme ಅಲ್ಲ not at position 9, of wordform ಮಾಡುತ್ತೀಯ, normalized ಮಆಡಉತ್ತಈಯ, af: ['ಮಾಡು', 'v', '', 'sg', '3', '', 'ಉತ್ತ್+ಇ+ಇಯ್+ಅ+ಅಲ್ಲ', 'uww+i+iy+a']
Morpheme ಏರ್ not at position 7, of wordform ಮಾಡುತ್ತೀರಾ, normalized ಮಆಡಉತ್ತಈರಆ, af: ['ಮಾಡು', 'v', 'any', 'sg', '1', '', 'ತ್ತ್+ಏ+ಏರ್+ಅ', 'ww+e+er+a']
Root ತಯಆರಉಮಆಡಉ not at position 0, of wordform ಮಾಡುವ, normalized ಮಆಡಉವ, af: ['ತಯಾರುಮಾಡು', 'v', '', '', '', '', 'ಉವ್+ಅ', 'uv+a']
Morpheme ಇನ್ not at position 5, of wordform ಮೀಟರು, normalized ಮಈಟರಉ, af: ['ಮೀಟರು', 'n', '', 'sg', '3', 'o', 'ಇ+ಇನ್+ಅ+ಅಲ್ಲಿ', 'i+in+a+alli']
Morpheme ಅಲ್ಲಇ not at position 5, of wordform ಮೀಟರು, normalized ಮಈಟರಉ, af: ['ಮೀಟರು', 'n', '', 'sg', '3', 'o', 'ಇ+ಇನ್+ಅ+ಅಲ್ಲಿ', 'i+in+a+alli']
Morpheme ದ್ not at position 7, of wordform ರಕ್ಷಿಸವುಕ್ಕಾಗಿ, normalized ರಕ್ಷಇಸವಉಕ್ಕಆಗಇ, af: ['ರಕ್ಷಿಸು', 'v', '', 'sg', '3', 'o', 'ಉವ್+ದ್+ಅ+ಅಕ್ಕ್+ಆ+ಆಗು+ಇ', 'uv+x+a+akk+A+Agu+i']
Root ಮಐ not at position 0, of wordform ರಸ್ತೆಯಲ್ಲಿ, normalized ರಸ್ತಎಯಲ್ಲಇ, af: ['ಮೈ', 'n', '', 'sg', '3', 'o', 'ಇಯ್+ಅ+ಅಲ್ಲಿ', 'iy+a+alli']
Morpheme ಅದ್ not at position 8, of wordform ರಾಜಸ್ಥಾನ, normalized ರಆಜಸ್ಥಆನ, af: ['ರಾಜಸ್ಥಾನ', 'n', '', 'sg', '3', 'o', 'ಅದ್+ಅ', 'ax+a']
Root ಸ್ನಏಹಇತ not at position 0, of wordform ರಾಮನನ್ನು, normalized ರಆಮನನ್ನಉ, af: ['ಸ್ನೇಹಿತ', 'n', 'any', 'sg', '3', 'o', 'ಅನ್+ಅ+ಅನ್ನು', 'an+a+annu']
Morpheme ಅಲ್ಲಇ not at position 5, of wordform ರೀತಿಯ, normalized ರಈತಇಯ, af: ['ರೀತಿ', 'n', '', 'sg', '3', 'o', 'ಇಯ್+ಅ+ಅಲ್ಲಿ', 'iy+a+alli']
Morpheme ಅದ್ not at position 3, of wordform ರೂಪ, normalized ರಊಪ, af: ['ರೂಪ', 'n', '', 'sg', '3', 'o', 'ಅದ್+ಅ', 'ax+a']
Morpheme ಅದ್ not at position 7, of wordform ರೋಮಾಂಚನ, normalized ರಓಮಆಂಚನ, af: ['ರೋಮಾಂಚನ', 'n', '', 'sg', '3', 'o', 'ಅದ್+ಇ+ಇಂದ', 'ax+i+iMxa']
Morpheme ಅರ್ not at position 5, of wordform ವಯಸ್ಕ, normalized ವಯಸ್ಕ, af: ['ವಯಸ್ಕ', 'n', 'any', 'pl', '3', 'o', 'ಅರ್+ಅ', 'ar+a']
Root ಆಕಋತಇ not at position 0, of wordform ವಸತಿಗಳನ್ನು, normalized ವಸತಇಗಳನ್ನಉ, af: ['ಆಕೃತಿ', 'n', '', 'pl', '3', 'o', 'ಗಳು+ಅ+ಅನ್ನು', 'galYu+a+annu']
Morpheme ಆದ not at position 6, of wordform ವಿತರಣೆ, normalized ವಇತರಣಎ, af: ['ವಿತರಣೆ', 'n', '', 'sg', '3', 'o', 'ಆದ', 'Axa']
Morpheme ಅಲ್ಲಇ not at position 6, of wordform ವಿಶ್ವದ, normalized ವಇಶ್ವದ, af: ['ವಿಶ್ವ', 'n', '', 'sg', '3', 'o', 'ಅದ್+ಅ+ಅಲ್ಲಿ', 'ax+a+alli']
Morpheme ey not at position 8, of wordform ವ್ಯವಸ್ಥೆಯಲ್ಲಿ, normalized ವ್ಯವಸ್ಥಎಯಲ್ಲಇ, af: ['ವ್ಯವಸ್ಥೆ', 'n', '', 'sg', '3', 'o', 'ey+a+alli', 'ಎಯ್+ಅ+ಅಲ್ಲಿ']
Morpheme alli not at position 8, of wordform ವ್ಯವಸ್ಥೆಯಲ್ಲಿ, normalized ವ್ಯವಸ್ಥಎಯಲ್ಲಇ, af: ['ವ್ಯವಸ್ಥೆ', 'n', '', 'sg', '3', 'o', 'ey+a+alli', 'ಎಯ್+ಅ+ಅಲ್ಲಿ']
Morpheme ದ್ not at position 11, of wordform ವ್ಯವಸ್ಥೆಯಾಗಿ, normalized ವ್ಯವಸ್ಥಎಯಆಗಇ, af: ['ವ್ಯವಸ್ಥೆ', 'n', '', 'sg', '3', 'o', 'ಎಯ್+ಆ+ಆಗು+ದ್+ಅ', 'eVy+A+Agu+x+a']
Morpheme ಅವ್ not at position 4, of wordform ಶೈಲಿಯನ್ನು, normalized ಶಐಲಇಯನ್ನಉ, af: ['ಶೈಲಿ', 'n', '', 'sg', '3', 'o', 'ಅವ್+ಅ+ಅನ್ನು', 'av+a+annu']
Morpheme ಅಲ್ಲಇ not at position 7, of wordform ಸಂಖ್ಯೆಯ, normalized ಸಂಖ್ಯಎಯ, af: ['ಸಂಖ್ಯೆ', 'n', '', 'sg', '3', 'o', 'ಎಯ್+ಅ+ಅಲ್ಲಿ', 'eVy+a+alli']
Morpheme ಆಲ್ not at position 7, of wordform ಸಂತೋಷಿಸಲು, normalized ಸಂತಓಷಇಸಲಉ, af: ['ಸಂತೋಷಿಸು', 'v', '', 'sg', '', '', 'ಅ+ಆಲ್+ಉ', 'a+al+u']
Morpheme ಅವ್ not at position 6, of wordform ಸಮತಟ್ಟಾದ, normalized ಸಮತಟ್ಟಆದ, af: ['ಸಮತಟ್ಟು', 'adj', '', '', '', 'o', 'ಅವ್+ಆ+ಆಗು+ದ್+ಅ', 'av+A+Agu+x+a']
Morpheme ಅವ್ not at position 4, of wordform ಸಮಾನ, normalized ಸಮಆನ, af: ['ಸಮಾನ', 'n', '', '', '', 'd', 'ಅವ್+ಆ+ಆಗು+ದ್+ಉ+ಉದ್+ಉ', 'av+A+Agu+x+u+ux+u']
Morpheme ದ್ not at position 3, of wordform ಸಮಾನ, normalized ಸಮಆನ, af: ['ಸಮಾನ', 'n', '', '', '', 'd', 'ಅವ್+ಆ+ಆಗು+ದ್+ಉ+ಉದ್+ಉ', 'av+A+Agu+x+u+ux+u']
Morpheme ಉದ್ not at position 3, of wordform ಸಮಾನ, normalized ಸಮಆನ, af: ['ಸಮಾನ', 'n', '', '', '', 'd', 'ಅವ್+ಆ+ಆಗು+ದ್+ಉ+ಉದ್+ಉ', 'av+A+Agu+x+u+ux+u']
Morpheme ಅವ್ not at position 3, of wordform ಸರಿಯಾಗಿ, normalized ಸರಇಯಆಗಇ, af: ['ಸರಿ', 'adv', '', '', '', '', 'ಅವ್+ಆ+ಆಗು+ಇ', 'av+A+Agu+i']
Morpheme ಅವ್ not at position 7, of wordform ಸಾಹಸಿಗರನ್ನು, normalized ಸಆಹಸಇಗರನ್ನಉ, af: ['ಸಾಹಸಿಗರು', 'n', 'any', 'pl', '3', 'o', 'ಅವ್+ಅ+ಅನ್ನು', 'av+a+annu']
Morpheme ಎಯ್ not at position 8, of wordform ಸುತ್ತಾಡುವ, normalized ಸಉತ್ತಆಡಉವ, af: ['ಸುತ್ತಾಡು', 'v', '', '', '', '', 'ಎಯ್+ಅ+ಅಲ್+ಪಡು+ಉವ್+ಅ', 'eVy+a+al+padu+v+a']
Morpheme ಅಲ್ not at position 8, of wordform ಸುತ್ತಾಡುವ, normalized ಸಉತ್ತಆಡಉವ, af: ['ಸುತ್ತಾಡು', 'v', '', '', '', '', 'ಎಯ್+ಅ+ಅಲ್+ಪಡು+ಉವ್+ಅ', 'eVy+a+al+padu+v+a']
Morpheme ಪಡಉ not at position 8, of wordform ಸುತ್ತಾಡುವ, normalized ಸಉತ್ತಆಡಉವ, af: ['ಸುತ್ತಾಡು', 'v', '', '', '', '', 'ಎಯ್+ಅ+ಅಲ್+ಪಡು+ಉವ್+ಅ', 'eVy+a+al+padu+v+a']
Morpheme ಕ್ಕ್ not at position 6, of wordform ಸುಳಿವು, normalized ಸಉಳಇವಉ, af: ['ಸುಳಿವು', 'n', '', 'sg', '3', '', 'ಕ್ಕ್+ಅ', 'kk+a']
Morpheme ಆಗಉ not at position 6, of wordform ಸುಸ್ತುದಕ್ಕೆ, normalized ಸಉಸ್ತಉದಕ್ಕಎ, af: ['ಸುಸ್ತು', 'v', '', 'sg', '3', '', 'ಆಗು+ದ್+ಅ+ಅಕ್ಕೆ', 'Agu+x+a+akkeV']
Morpheme galYu not at position 15, of wordform ಸೂಕ್ಷ್ಮದರ್ಶಕಗಳು, normalized ಸಊಕ್ಷ್ಮದರ್ಶಕಗಳಉ, af: ['ಸೂಕ್ಷ್ಮದರ್ಶಕ', 'n', '', 'pl', '3', 'd', 'ಗಳು+galYu', '']
Morpheme ಉವ್ not at position 4, of wordform ಸೂಸೋದರಿಂದ, normalized ಸಊಸಓದರಇಂದ, af: ['ಸೂಸೋ', 'v', '', 'sg', '3', '', 'ಉವ್+ಉ+ಉದ್+ಅ+ಅರ್+ಇ+ಇಂದ', 'uv+u+ux+a+ar+i+iMxa']
Morpheme ದ್ not at position 12, of wordform ಸೇರ್ಪಡೆಗೊಂಡಿವೆ, normalized ಸಏರ್ಪಡಎಗಒಂಡಇವಎ, af: ['ಸೇರ್ಪಡೆಗೊಳ್ಳು', 'v', '', 'sg', '3', '', 'ಂಡ್+ಇ+ಇರು+ದ್+ಎ', 'Md+i+iru+x+eV']
Morpheme ದ್ದ್ not at position 6, of wordform ಸೊಕ್ಕಿ, normalized ಸಒಕ್ಕಇ, af: ['ಸೊಕ್ಕು', 'n', '', '', '3', '', 'ಇ+ಇರು+ದ್ದ್+ಎ', 'i+iru+xx+eV']
Morpheme ಆಗಉ not at position 11, of wordform ಸೌಲಭ್ಯಗಳಿಗೆ, normalized ಸಔಲಭ್ಯಗಳಇಗಎ, af: ['ಸೌಲಭ್ಯ', 'n', '', 'pl', '3', 'o', 'ಗಳು+ಇ+ಇಗ್+ಎ+ಆಗು+ಇ', 'galYu+i+ig+eV+Agu+i']
Morpheme ಗಳಉ not at position 4, of wordform ಸ್ಥಳ, normalized ಸ್ಥಳ, af: ['ಸ್ಥಳ', 'n', '', 'pl', '3', 'o', 'ಗಳು+ಅ+ಅಲ್ಲಿ', 'galYu+a+alli']
Morpheme ಅಲ್ಲಇ not at position 4, of wordform ಸ್ಥಳ, normalized ಸ್ಥಳ, af: ['ಸ್ಥಳ', 'n', '', 'pl', '3', 'o', 'ಗಳು+ಅ+ಅಲ್ಲಿ', 'galYu+a+alli']
Morpheme ಅರ್ not at position 2, of wordform ಹಣವು, normalized ಹಣವಉ, af: ['ಹಣ', 'n', '', 'sg', '3', 'o', 'ಅರ್+ಉ', 'ar+u']
Morpheme ಓಲ್ಲ not at position 3, of wordform ಹಾಕೊಲ್ಲ, normalized ಹಆಕಒಲ್ಲ, af: ['ಹಾಕು', 'v', '', 'sg', '1', '', 'ಓ+ಓಲ್ಲ', 'o+olla']
Morpheme ಉವ್ not at position 3, of wordform ಹಾಡೋದೇ, normalized ಹಆಡಓದಏ, af: ['ಹಾಡು', 'v', '', 'sg', '3', '', 'ಉವ್+ದ್+ಏ', 'uv+x+e']
Morpheme ಂದ್ not at position 7, of wordform ಹಾರಿಬರುತ್ತಿದ್ದಾಗ, normalized ಹಆರಇಬರಉತ್ತಇದ್ದಆಗ, af: ['ಹಾರಿಬರು', 'v', '', 'sg', '3', '', 'ಂದ್+ಇ+ಇರು+ಉತ್ತ್+ಇ+ಇರು+ದ್ದ್+ಆ+ಆಗ', 'Mx+i+iru+uww+i+iru+xx+Aga']
Morpheme ಅವ್ not at position 5, of wordform ಹಿರಿದಾಗಿ, normalized ಹಇರಇದಆಗಇ, af: ['ಹಿರಿದು', 'adv', '', '', '', '', 'ಅವ್+ಆ+ಆಗು+ಇ', 'av+A+Agu+i']
Morpheme ಅವ್ not at position 3, of wordform ಹೀಗಾಗಿ, normalized ಹಈಗಆಗಇ, af: ['ಹೀಗೆ', 'avy', '', '', '', 'o', 'ಅವ್+ಆ+ಆಗು+ಇ', 'av+A+Agu+i']
Morpheme ಇರಉ not at position 7, of wordform ಹೇಳಲಾಗುತ್ತದೆ, normalized ಹಏಳಲಆಗಉತ್ತದಎ, af: ['ಹೇಳು', 'v', '', '', '', '', 'ಅ+ಅಲ್+ಆ+ಆಗು+ಇ+ಇರು+ದ್+ಎ', 'a+al+A+Agu+i+iru+x+eV']
Morpheme ಇದ್ not at position 3, of wordform ಹೇಳ್ತಾರೆ, normalized ಹಏಳ್ತಆರಎ, af: ['ಹೇಳು', 'v', 'any', 'pl', '3', '', 'ಇದ್+ಅ+ಅರ್+ಎ', 'ix+a+ar+eV']
Morpheme ವ್ not at position 5, of wordform ಹೊಂದಿದೆ, normalized ಹಒಂದಇದಎ, af: ['ಹೊಂದು', 'v', '', 'pl', '3', '', 'ಇರು+ವ್+ಎ', 'iru+v+eV']
Morpheme ಅವ್ not at position 3, of wordform ಹೊಸದಾಗಿ, normalized ಹಒಸದಆಗಇ, af: ['ಹೊಸ', 'adv', '', '', '', '', 'ಅವ್+ಆ+ಆಗು+ಇ', 'av+A+Agu+i']
Morpheme ಇಯ್ not at position 4, of wordform ಹೋಗುವವರನ್ನು, normalized ಹಓಗಉವವರನ್ನಉ, af: ['ಹೋಗು', 'v', 'any', 'pl', '3', '', 'ಇಯ್+ಉ+ಉವ್+ಅ+ಅವರು+ಅ+ಅವ್+ಅ+ಅನ್ನು', 'iy+u+uv+a+avaru+a+annu']
Morpheme ಎಯ್ not at position 4, of wordform ಹೋಗುವುದಕ್ಕಾಗಿ, normalized ಹಓಗಉವಉದಕ್ಕಆಗಇ, af: ['ಹೋಗು', 'v', '', 'sg', '3', '', 'ಎಯ್+ಉ+ಉದ್+ಅ+ಅಕ್ಕ್+ಆ+ಆಗು+ಇ', 'eVy+u+ux+a+akk+A+Agu+i']
Morpheme ಉವ್ not at position 4, of wordform ಹೋಗೋದಾದ್ರೂ, normalized ಹಓಗಓದಆದ್ರಊ, af: ['ಹೋಗೋ', 'v', '', '', '', '', 'ಉವ್+ಉ+ಉದ್+ಆದರೂ', 'uv+u+ux+AxarU']
Morpheme ಇರಉ not at position 7, of wordform ಹೋದದ್ದು, normalized ಹಓದದ್ದಉ, af: ['ಹೋಗು', 'v', '', 'sg', '3', '', 'ಇ+ಇರು+ದ್ದ್+ಉ', 'i+iru+xx+u']
