Converting ../../data//original/KCIS/hin//simplified_ssf.txt to ../../data//converted/hin-KCIS/with_duplicates.useg
Wordform कहीं has af: [''] without enough fields
Wordform - has af: [''] without enough fields
Wordform / has af: [''] without enough fields
Wordform / has af: ['punc'] without enough fields
Wordform / has af: ['punc'] without enough fields
Wordform / has af: ['punc'] without enough fields
Wordform / has af: ['punc'] without enough fields
Wordform / has af: ['punc'] without enough fields
Wordform / has af: ['punc'] without enough fields
Wordform / has af: ['punc'] without enough fields
Wordform / has af: ['punc'] without enough fields
Wordform / has af: ['punc'] without enough fields
Wordform / has af: ['punc'] without enough fields
Wordform सबसे has af: [''] without enough fields
Wordform NULL has af: ['NULL'] without enough fields
Wordform NULL has af: ['gap'] without enough fields
Wordform NULL has af: ['NULL'] without enough fields
Wordform NULL has af: ['NULL2'] without enough fields
Wordform NULL has af: ['NULL3'] without enough fields
Wordform NULL has af: ['NULL'] without enough fields
Wordform NULL has af: ['NULL2'] without enough fields
Wordform NULL has af: ['NULL'] without enough fields
Wordform NULL has af: ['NULL2'] without enough fields
Wordform NULL has af: ['NULL'] without enough fields
Wordform NULL has af: ['NULL2'] without enough fields
Wordform NULL has af: ['NULL3'] without enough fields
Wordform NULL has af: ['NULL'] without enough fields
Wordform NULL has af: ['NULL2'] without enough fields
Wordform NULL has af: ['NULL'] without enough fields
Wordform NULL has af: ['NULL'] without enough fields
Wordform NULL has af: ['NULL2'] without enough fields
Wordform NULL has af: ['NULL3'] without enough fields
Wordform NULL has af: ['NULL4'] without enough fields
Wordform NULL has af: ['NULL'] without enough fields
