Root तुम not in wordform आपको 
Root यह not in wordform इनका 
Root यह not in wordform इनका 
Root यह not in wordform इनका 
Root यह not in wordform इनका 
Root यह not in wordform इनका 
Root यह not in wordform इनका 
Root यह not in wordform इनका 
Root यह not in wordform इनका 
Root यह not in wordform इनका 
Root यह not in wordform इनका 
Root यह not in wordform इनका 
Root यह not in wordform इनका 
Root यह not in wordform इनकी 
Root यह not in wordform इनकी 
Root यह not in wordform इनकी 
Root यह not in wordform इनकी 
Root यह not in wordform इनकी 
Root यह not in wordform इनकी 
Root यह not in wordform इनके 
Root यह not in wordform इनके 
Root यह not in wordform इनके 
Root यह not in wordform इनके 
Root यह not in wordform इनके 
Root यह not in wordform इनके 
Root यह not in wordform इनके 
Root यह not in wordform इनके 
Root यह not in wordform इनके 
Root यह not in wordform इनको 
Root यह not in wordform इनको 
Root यह not in wordform इनमें 
Root यह not in wordform इनमें 
Root यह not in wordform इनमें 
Root यह not in wordform इनमें 
Root यह not in wordform इनमें 
Root यह not in wordform इनमें 
Root यह not in wordform इनमें 
Root यह not in wordform इनमें 
Root यह not in wordform इनमें 
Root यह not in wordform इनमें 
Root यह not in wordform इनमें 
Root यह not in wordform इनमें 
Root यह not in wordform इनमें 
Root यह not in wordform इनमें 
Root यह not in wordform इनसे 
Root यह not in wordform इन्हें 
Root यह not in wordform इन्हें 
Root यह not in wordform इन्हें 
Root यह not in wordform इन्हें 
Root यह not in wordform इन्होंने 
Root यह not in wordform इन्होंने 
Root यह not in wordform इन्होंने 
Root यह not in wordform इसका 
Root यह not in wordform इसका 
Root यह not in wordform इसका 
Root यह not in wordform इसका 
Root यह not in wordform इसका 
Root यह not in wordform इसका 
Root यह not in wordform इसका 
Root यह not in wordform इसका 
Root यह not in wordform इसका 
Root यह not in wordform इसका 
Root यह not in wordform इसका 
Root यह not in wordform इसका 
Root यह not in wordform इसका 
Root यह not in wordform इसका 
Root यह not in wordform इसका 
Root यह not in wordform इसका 
Root यह not in wordform इसका 
Root यह not in wordform इसका 
Root यह not in wordform इसका 
Root यह not in wordform इसका 
Root यह not in wordform इसका 
Root यह not in wordform इसका 
Root यह not in wordform इसका 
Root यह not in wordform इसका 
Root यह not in wordform इसका 
Root यह not in wordform इसका 
Root यह not in wordform इसका 
Root यह not in wordform इसका 
Root यह not in wordform इसका 
Root यह not in wordform इसका 
Root यह not in wordform इसका 
Root यह not in wordform इसका 
Root यह not in wordform इसका 
Root यह not in wordform इसका 
Root यह not in wordform इसकी 
Root यह not in wordform इसकी 
Root यह not in wordform इसकी 
Root यह not in wordform इसकी 
Root यह not in wordform इसकी 
Root यह not in wordform इसकी 
Root यह not in wordform इसकी 
Root यह not in wordform इसकी 
Root यह not in wordform इसकी 
Root यह not in wordform इसकी 
Root यह not in wordform इसकी 
Root यह not in wordform इसकी 
Root यह not in wordform इसकी 
Root यह not in wordform इसकी 
Root यह not in wordform इसकी 
Root यह not in wordform इसकी 
Root यह not in wordform इसकी 
Root यह not in wordform इसकी 
Root यह not in wordform इसकी 
Root यह not in wordform इसकी 
Root यह not in wordform इसकी 
Root यह not in wordform इसकी 
Root यह not in wordform इसकी 
Root यह not in wordform इसकी 
Root यह not in wordform इसके 
Root यह not in wordform इसके 
Root यह not in wordform इसके 
Root यह not in wordform इसके 
Root यह not in wordform इसके 
Root यह not in wordform इसके 
Root यह not in wordform इसके 
Root यह not in wordform इसके 
Root यह not in wordform इसके 
Root यह not in wordform इसके 
Root यह not in wordform इसके 
Root यह not in wordform इसके 
Root यह not in wordform इसके 
Root यह not in wordform इसके 
Root यह not in wordform इसके 
Root यह not in wordform इसके 
Root यह not in wordform इसके 
Root यह not in wordform इसके 
Root यह not in wordform इसके 
Root यह not in wordform इसके 
Root यह not in wordform इसके 
Root यह not in wordform इसके 
Root यह not in wordform इसके 
Root यह not in wordform इसके 
Root यह not in wordform इसके 
Root यह not in wordform इसके 
Root यह not in wordform इसके 
Root यह not in wordform इसके 
Root यह not in wordform इसके 
Root यह not in wordform इसके 
Root यह not in wordform इसके 
Root यह not in wordform इसके 
Root यह not in wordform इसके 
Root यह not in wordform इसके 
Root यह not in wordform इसके 
Root यह not in wordform इसके 
Root यह not in wordform इसके 
Root यह not in wordform इसके 
Root यह not in wordform इसके 
Root यह not in wordform इसके 
Root यह not in wordform इसके 
Root यह not in wordform इसके 
Root यह not in wordform इसके 
Root यह not in wordform इसके 
Root यह not in wordform इसके 
Root यह not in wordform इसके 
Root यह not in wordform इसके 
Root यह not in wordform इसके 
Root यह not in wordform इसके 
Root यह not in wordform इसके 
Root यह not in wordform इसके 
Root यह not in wordform इसके 
Root यह not in wordform इसके 
Root यह not in wordform इसके 
Root यह not in wordform इसके 
Root यह not in wordform इसके 
Root यह not in wordform इसके 
Root यह not in wordform इसके 
Root यह not in wordform इसके 
Root यह not in wordform इसके 
Root यह not in wordform इसके 
Root यह not in wordform इसके 
Root यह not in wordform इसके 
Root यह not in wordform इसके 
Root यह not in wordform इसके 
Root यह not in wordform इसको 
Root यह not in wordform इसको 
Root यह not in wordform इसको 
Root यह not in wordform इसको 
Root यह not in wordform इसको 
Root यह not in wordform इसने 
Root यह not in wordform इसने 
Root यह not in wordform इसने 
Root यह not in wordform इसने 
Root यह not in wordform इसमें 
Root यह not in wordform इसमें 
Root यह not in wordform इसमें 
Root यह not in wordform इसमें 
Root यह not in wordform इसमें 
Root यह not in wordform इसमें 
Root यह not in wordform इसमें 
Root यह not in wordform इसमें 
Root यह not in wordform इसमें 
Root यह not in wordform इसमें 
Root यह not in wordform इसमें 
Root यह not in wordform इसमें 
Root यह not in wordform इसमें 
Root यह not in wordform इससे 
Root यह not in wordform इससे 
Root यह not in wordform इससे 
Root यह not in wordform इससे 
Root यह not in wordform इससे 
Root यह not in wordform इससे 
Root यह not in wordform इससे 
Root यह not in wordform इससे 
Root यह not in wordform इससे 
Root यह not in wordform इससे 
Root यह not in wordform इससे 
Root यह not in wordform इससे 
Root यह not in wordform इससे 
Root यह not in wordform इससे 
Root यह not in wordform इससे 
Root यह not in wordform इसे 
Root यह not in wordform इसे 
Root यह not in wordform इसे 
Root यह not in wordform इसे 
Root यह not in wordform इसे 
Root यह not in wordform इसे 
Root यह not in wordform इसे 
Root यह not in wordform इसे 
Root यह not in wordform इसे 
Root यह not in wordform इसे 
Root यह not in wordform इसे 
Root यह not in wordform इसे 
Root यह not in wordform इसे 
Root यह not in wordform इसे 
Root यह not in wordform इसे 
Root यह not in wordform इसे 
Root यह not in wordform इसे 
Root यह not in wordform इसे 
Root यह not in wordform इसे 
Root यह not in wordform इसे 
Root वह not in wordform उनका 
Root वह not in wordform उनका 
Root वह not in wordform उनका 
Root वह not in wordform उनका 
Root वह not in wordform उनका 
Root वह not in wordform उनकी 
Root वह not in wordform उनकी 
Root वह not in wordform उनकी 
Root वह not in wordform उनकी 
Root वह not in wordform उनकी 
Root वह not in wordform उनकी 
Root वह not in wordform उनकी 
Root वह not in wordform उनकी 
Root वह not in wordform उनकी 
Root वह not in wordform उनकी 
Root वह not in wordform उनकी 
Root वह not in wordform उनकी 
Root वह not in wordform उनकी 
Root वह not in wordform उनकी 
Root वह not in wordform उनके 
Root वह not in wordform उनके 
Root वह not in wordform उनके 
Root वह not in wordform उनके 
Root वह not in wordform उनके 
Root वह not in wordform उनके 
Root वह not in wordform उनके 
Root वह not in wordform उनके 
Root वह not in wordform उनके 
Root वह not in wordform उनके 
Root वह not in wordform उनके 
Root वह not in wordform उनके 
Root वह not in wordform उनके 
Root वह not in wordform उनके 
Root वह not in wordform उनके 
Root वह not in wordform उनके 
Root वह not in wordform उनके 
Root वह not in wordform उनके 
Root वह not in wordform उनके 
Root वह not in wordform उनके 
Root वह not in wordform उनके 
Root वह not in wordform उनके 
Root वह not in wordform उनके 
Root वह not in wordform उनके 
Root वह not in wordform उनके 
Root वह not in wordform उनके 
Root वह not in wordform उनके 
Root वह not in wordform उनको 
Root वह not in wordform उनको 
Root वह not in wordform उनको 
Root वह not in wordform उनको 
Root वह not in wordform उनपर 
Root वह not in wordform उनपर 
Root वह not in wordform उनमें 
Root वह not in wordform उनमें 
Root वह not in wordform उनमें 
Root वह not in wordform उनमें 
Root वह not in wordform उनमें 
Root वह not in wordform उनमें 
Root वह not in wordform उनमें 
Root वह not in wordform उनमें 
Root वह not in wordform उनमें 
Root वह not in wordform उनमें 
Root वह not in wordform उनमें 
Root वह not in wordform उनमें 
Root वह not in wordform उनमें 
Root वह not in wordform उनमें 
Root वह not in wordform उनमें 
Root वह not in wordform उनमें 
Root वह not in wordform उनमें 
Root वह not in wordform उनमें 
Root वह not in wordform उनसे 
Root वह not in wordform उनसे 
Root वह not in wordform उनसे 
Root वह not in wordform उनसे 
Root वह not in wordform उनसे 
Root वह not in wordform उन्हे 
Root वह not in wordform उन्हें 
Root वह not in wordform उन्हें 
Root वह not in wordform उन्हें 
Root वह not in wordform उन्हें 
Root वह not in wordform उन्हें 
Root वह not in wordform उन्हें 
Root वह not in wordform उन्हें 
Root वह not in wordform उन्हें 
Root वह not in wordform उन्हें 
Root वह not in wordform उन्हें 
Root वह not in wordform उन्हें 
Root वह not in wordform उन्हें 
Root वह not in wordform उन्हें 
Root वह not in wordform उन्हें 
Root वह not in wordform उन्हें 
Root वह not in wordform उन्हें 
Root वह not in wordform उन्हें 
Root वह not in wordform उन्होंने 
Root वह not in wordform उन्होंने 
Root वह not in wordform उन्होंने 
Root वह not in wordform उन्होंने 
Root वह not in wordform उसका 
Root वह not in wordform उसका 
Root वह not in wordform उसका 
Root वह not in wordform उसका 
Root वह not in wordform उसका 
Root वह not in wordform उसका 
Root वह not in wordform उसका 
Root वह not in wordform उसका 
Root वह not in wordform उसका 
Root वह not in wordform उसकी 
Root वह not in wordform उसकी 
Root वह not in wordform उसकी 
Root वह not in wordform उसकी 
Root वह not in wordform उसकी 
Root वह not in wordform उसकी 
Root वह not in wordform उसकी 
Root वह not in wordform उसकी 
Root वह not in wordform उसकी 
Root वह not in wordform उसके 
Root वह not in wordform उसके 
Root वह not in wordform उसके 
Root वह not in wordform उसके 
Root वह not in wordform उसके 
Root वह not in wordform उसके 
Root वह not in wordform उसके 
Root वह not in wordform उसके 
Root वह not in wordform उसके 
Root वह not in wordform उसके 
Root वह not in wordform उसके 
Root वह not in wordform उसके 
Root वह not in wordform उसके 
Root वह not in wordform उसके 
Root वह not in wordform उसके 
Root वह not in wordform उसके 
Root वह not in wordform उसके 
Root वह not in wordform उसके 
Root वह not in wordform उसके 
Root वह not in wordform उसके 
Root वह not in wordform उसके 
Root वह not in wordform उसके 
Root वह not in wordform उसके 
Root वह not in wordform उसके 
Root वह not in wordform उसके 
Root वह not in wordform उसके 
Root वह not in wordform उसके 
Root वह not in wordform उसके 
Root वह not in wordform उसके 
Root वह not in wordform उसके 
Root वह not in wordform उसके 
Root वह not in wordform उसके 
Root वह not in wordform उसके 
Root वह not in wordform उसके 
Root वह not in wordform उसके 
Root वह not in wordform उसको 
Root वह not in wordform उसको 
Root वह not in wordform उसको 
Root वह not in wordform उसको 
Root वह not in wordform उसको 
Root वह not in wordform उसने 
Root वह not in wordform उसने 
Root वह not in wordform उसने 
Root वह not in wordform उसने 
Root वह not in wordform उसमें 
Root वह not in wordform उसमें 
Root वह not in wordform उससे 
Root वह not in wordform उससे 
Root वह not in wordform उससे 
Root वह not in wordform उससे 
Root वह not in wordform उसे 
Root वह not in wordform उसे 
Root वह not in wordform उसे 
Root वह not in wordform उसे 
Root वह not in wordform उसे 
Root वह not in wordform उसे 
Root वह not in wordform उसे 
Root वह not in wordform उसे 
Root वह not in wordform उसे 
Root वह not in wordform उसे 
Root वह not in wordform उसे 
Root वह not in wordform उसे 
Root वह not in wordform उसे 
Root जा not in wordform गईं 
Root जा not in wordform गई 
Root जा not in wordform गई 
Root जा not in wordform गई 
Root जा not in wordform गई 
Root जा not in wordform गई 
Root जा not in wordform गई 
Root जा not in wordform गई 
Root जा not in wordform गई 
Root जा not in wordform गई 
Root जा not in wordform गई 
Root जा not in wordform गई 
Root जा not in wordform गई 
Root जा not in wordform गई 
Root जा not in wordform गई 
Root जा not in wordform गई 
Root जा not in wordform गई 
Root जा not in wordform गई 
Root जा not in wordform गई 
Root जा not in wordform गई 
Root जा not in wordform गई 
Root जा not in wordform गई 
Root जा not in wordform गई 
Root जा not in wordform गई 
Root जा not in wordform गई 
Root जा not in wordform गई 
Root जा not in wordform गई 
Root जा not in wordform गई 
Root जा not in wordform गई 
Root जा not in wordform गई 
Root जा not in wordform गई 
Root जा not in wordform गई 
Root जा not in wordform गई 
Root जा not in wordform गए 
Root जा not in wordform गए 
Root जा not in wordform गए 
Root जा not in wordform गए 
Root जा not in wordform गए 
Root जा not in wordform गए 
Root जा not in wordform गए 
Root जा not in wordform गए 
Root जा not in wordform गए 
Root जा not in wordform गए 
Root जा not in wordform गए 
Root जा not in wordform गए 
Root जा not in wordform गए 
Root जा not in wordform गए 
Root जा not in wordform गए 
Root जा not in wordform गए 
Root जा not in wordform गए 
Root जा not in wordform गए 
Root जा not in wordform गए 
Root जा not in wordform गए 
Root जा not in wordform गए 
Root जा not in wordform गए 
Root जा not in wordform गए 
Root जा not in wordform गए 
Root जा not in wordform गए 
Root जा not in wordform गए 
Root जा not in wordform गए 
Root जा not in wordform गए 
Root जा not in wordform गए 
Root जा not in wordform गए 
Root जा not in wordform गया 
Root जा not in wordform गया 
Root जा not in wordform गया 
Root जा not in wordform गया 
Root जा not in wordform गया 
Root जा not in wordform गया 
Root जा not in wordform गया 
Root जा not in wordform गया 
Root जा not in wordform गया 
Root जा not in wordform गया 
Root जा not in wordform गया 
Root जा not in wordform गया 
Root जा not in wordform गया 
Root जा not in wordform गया 
Root जा not in wordform गया 
Root जा not in wordform गया 
Root जा not in wordform गया 
Root जा not in wordform गया 
Root जा not in wordform गया 
Root जा not in wordform गया 
Root जा not in wordform गया 
Root जा not in wordform गया 
Root जा not in wordform गया 
Root जा not in wordform गया 
Root जा not in wordform गया 
Root जा not in wordform गया 
Root जा not in wordform गया 
Root जा not in wordform गया 
Root जा not in wordform गया 
Root जा not in wordform गया 
Root जा not in wordform गया 
Root जा not in wordform गया 
Root जा not in wordform गया 
Root जा not in wordform गया 
Root जा not in wordform गया 
Root जा not in wordform गया 
Root जा not in wordform गया 
Root जा not in wordform गया 
Root जा not in wordform गया 
Root जा not in wordform गया 
Root जा not in wordform गया 
Root जा not in wordform गया 
Root जा not in wordform गया 
Root जा not in wordform गया 
Root जा not in wordform गया 
Root जा not in wordform गया 
Root जा not in wordform गया 
Root जा not in wordform गया 
Root जा not in wordform गया 
Root जा not in wordform गया 
Root जा not in wordform गया 
Root जा not in wordform गयी 
Root जा not in wordform गयी 
Root जा not in wordform गयी 
Root जा not in wordform गयी 
Root जा not in wordform गयी 
Root जा not in wordform गयी 
Root जा not in wordform गयी 
Root जा not in wordform गयी 
Root जा not in wordform गयी 
Root जा not in wordform गयी 
Root जा not in wordform गयी 
Root जा not in wordform गयी 
Root जा not in wordform गयी 
Root जा not in wordform गयी 
Root जा not in wordform गयी 
Root जा not in wordform गयी 
Root जा not in wordform गयी 
Root जा not in wordform गयी 
Root जा not in wordform गयी 
Root जा not in wordform गयी 
Root जा not in wordform गयी 
Root जा not in wordform गयी 
Root जा not in wordform गयी 
Root जा not in wordform गयी 
Root जा not in wordform गयी 
Root जा not in wordform गयी 
Root जा not in wordform गयी 
Root जा not in wordform गयीं 
Root जा not in wordform गयीं 
Root जा not in wordform गयीं 
Root जा not in wordform गये 
Root जा not in wordform गये 
Root जा not in wordform गये 
Root जा not in wordform गये 
Root जा not in wordform गये 
Root जा not in wordform गये 
Root जा not in wordform गये 
Root जा not in wordform गये 
Root जा not in wordform गये 
Root जा not in wordform गये 
Root जा not in wordform गये 
Root जा not in wordform गये 
Root जा not in wordform गये 
Root जा not in wordform गये 
Root जा not in wordform गये 
Root जा not in wordform गये 
Root जा not in wordform गये 
Root जा not in wordform गये 
Root जा not in wordform गये 
Root जा not in wordform गये 
Root जा not in wordform गये 
Root जा not in wordform गये 
