Root എന഻നത not at position 0, of wordform അകലങ്ങളില്‍, normalized അകലങ഻ങളഇല഻‍
Root ശ഻രഈനഗറ഻ not at position 0, of wordform അകലെ, normalized അകലഎ
Root തഒഴഇലവസര not at position 0, of wordform അക്കാദമികവിഷയങ്ങള്‍, normalized അക഻കആദമഇകവഇഷയങ഻ങള഻‍
Root ദഉര഻‍ഘടം not at position 0, of wordform അഗളിയിലേക്ക്, normalized അഗളഇയഇലഏക഻ക഻
Morpheme ഇലഎ not at position 11, of wordform അഞ്ചുതെങ്ങ്, normalized അഞ഻ചഉതഎങ഻ങ഻
Morpheme മആര഻‍ not at position 9, of wordform അടിസ്ഥാനം, normalized അടഇസ഻ഥആനം
Root വഋക഻ക not at position 0, of wordform അഡ്രിനലിൽ, normalized അഡ഻രഇനലഇഌ
Morpheme ‍ഞ഻ഞ഻ഇരഇ not at position 3, of wordform അണിഞ്ഞിരിക്കും, normalized അണഇഞ഻ഞഇരഇക഻കഉം
Morpheme ഉ഻ not at position 2, of wordform അതിനെ, normalized അതഇനഎ
Morpheme ഉ഻ not at position 2, of wordform അതിനെ, normalized അതഇനഎ
Morpheme ഉം not at position 2, of wordform അതിന്, normalized അതഇന഻
Root ഗ഻രആമ not at position 0, of wordform അതിര്‍ത്തി, normalized അതഇര഻‍ത഻തഇ
Root കള഻‍ not at position 0, of wordform അതിര്‍ത്തി, normalized അതഇര഻‍ത഻തഇ
Morpheme കള഻‍ not at position 3, of wordform അത്, normalized അത഻
Root ശആഖ not at position 0, of wordform അനുഷ്ഠാനകലകളില്‍, normalized അനഉഷ഻ഠആനകലകളഇല഻‍
Root സഊചഇപ഻പഇ not at position 0, of wordform അന്വേഷിക്കുന്നത്, normalized അന഻വഏഷഇക഻കഉന഻നത഻
Root മആതഋക not at position 0, of wordform അപകടത്തിലേക്ക്, normalized അപകടത഻തഇലഏക഻ക഻
Root വടക഻കഏഅമഏരഇക഻ക഻ not at position 0, of wordform അമേരിക്കയിലും, normalized അമഏരഇക഻കയഇലഉം
Root സ഻‌കഓട഻‌ലആന഻ not at position 0, of wordform അയര്‍ലണ്ടില്‍, normalized അയര഻‍ലണ഻ടഇല഻‍
Morpheme ഇഇരഇഉന഻ന not at position 9, of wordform അരങ്ങേറുന്നത്, normalized അരങ഻ങഏറഉന഻നത഻
Morpheme ‍ഞ഻ഞ not at position 3, of wordform അറിഞ്ഞ, normalized അറഇഞ഻ഞ
Morpheme ‍ഞ഻ഞ not at position 3, of wordform അറിഞ്ഞ, normalized അറഇഞ഻ഞ
Morpheme ഉം not at position 5, of wordform അറിയാമോ, normalized അറഇയആമഓ
Morpheme ഉന഻നഉ഻ not at position 4, of wordform അറിയേണ്ടത്, normalized അറഇയഏണ഻ടത഻
Root തഉമ഻പഇ not at position 0, of wordform അല്പനേരം, normalized അല഻പനഏരം
Root എ not at position 0, of wordform അല്പനേരം, normalized അല഻പനഏരം
Root തടആക not at position 0, of wordform അവയ്ക്കു്, normalized അവയ഻ക഻കഉ഻
Morpheme ‍‍‍‍‍‍‍ഇട഻ടഉഇല഻ല not at position 6, of wordform അവസാനിച്ചിട്ടില്ല, normalized അവസആനഇച഻ചഇട഻ടഇല഻ല
Morpheme കള഻ not at position 4, of wordform അസ്ബെസ്റ്റോസ്, normalized അസ഻ബഎസ഻റ഻റഓസ഻
Root എത഻ത഻ not at position 0, of wordform ആകർഷിക്കുന്നു, normalized ആകൄഷഇക഻കഉന഻നഉ
Morpheme ഉംഓട഻ not at position 11, of wordform ആഗോളസാഹചര്യത്തിനോട്, normalized ആഗഓളസആഹചര഻യത഻തഇനഓട഻
Morpheme vum not at position 5, of wordform ആഗ്രഹവും, normalized ആഗ഻രഹവഉം
Root തപസഇരഇ not at position 0, of wordform ആണ്, normalized ആണ഻
Root ഉന഻നഉആണ഻ not at position 0, of wordform ആണ്, normalized ആണ഻
Root ഫലപ഻രദം not at position 0, of wordform ആണ്, normalized ആണ഻
Root കഇട഻ട഻ not at position 0, of wordform ആണ്, normalized ആണ഻
Root ഉന഻നആണ഻ not at position 0, of wordform ആണ്, normalized ആണ഻
Root പറ not at position 0, of wordform ആണ്, normalized ആണ഻
Root ഉന഻നത഻ not at position 0, of wordform ആണ്, normalized ആണ഻
Root പഉറപ഻പഎടഉവഇ not at position 0, of wordform ആണ്, normalized ആണ഻
Root ച഻ച഻ not at position 0, of wordform ആണ്, normalized ആണ഻
Morpheme ഓട഻ not at position 5, of wordform ആധാരം, normalized ആധആരം
Morpheme ya not at position 1, of wordform ആയ, normalized ആയ
Morpheme atu not at position 2, of wordform ആയത്, normalized ആയത഻
Morpheme അഅപ഻പഓഴഏയ഻ക഻കഉം not at position 1, of wordform ആയപ്പോഴേയ്ക്കും, normalized ആയപ഻പഓഴഏയ഻ക഻കഉം
Morpheme അഅര഻ക഻ക഻ not at position 1, of wordform ആയവര്‍‍ക്ക്, normalized ആയവര഻‍‍ക഻ക഻
Root ஆ not at position 0, of wordform ആയി, normalized ആയഇ
Morpheme അന഻‍ not at position 1, of wordform ആയി, normalized ആയഇ
Root കഉറ not at position 0, of wordform ആയി, normalized ആയഇ
Root ജനകഈയആരഓഗ഻യനയ not at position 0, of wordform ആരോഗ്യനയങ്ങള്‍ക്ക്, normalized ആരഓഗ഻യനയങ഻ങള഻‍ക഻ക഻
Root സംഭവ not at position 0, of wordform ആളുകള്‍ക്ക്, normalized ആളഉകള഻‍ക഻ക഻
Root മറ഻രഉള഻ളവര഻ not at position 0, of wordform ആള്‍ക്കാരുടെ, normalized ആള഻‍ക഻കആരഉടഎ
Root അന഻തആരആഷ഻ട഻രപ഻രഖ഻യആപന not at position 0, of wordform ആവശ്യങ്ങള്‍ക്കും, normalized ആവശ഻യങ഻ങള഻‍ക഻കഉം
Morpheme കള഻‍ not at position 7, of wordform ആശുപത്രി, normalized ആശഉപത഻രഇ
Morpheme ടഎ not at position 12, of wordform ഇക്കോഡോണ്‍നെ്ര, normalized ഇക഻കഏആഡഏആണ഻‍നഎ഻ര
Root വഇത഻ത഻ not at position 0, of wordform ഇടണം, normalized ഇടണം
Root പഏരഇട഻ not at position 0, of wordform ഇട്ടിരിക്കുന്നത്, normalized ഇട഻ടഇരഇക഻കഉന഻നത഻
Morpheme ഉ഻അകം not at position 2, of wordform ഇതിനകം, normalized ഇതഇനകം
Morpheme ഉ഻ not at position 2, of wordform ഇതിനെ, normalized ഇതഇനഎ
Morpheme ഉ഻ not at position 2, of wordform ഇതിനെ, normalized ഇതഇനഎ
Morpheme ഉ഻ not at position 2, of wordform ഇതിനെ, normalized ഇതഇനഎ
Morpheme ക഻ക഻ not at position 2, of wordform ഇതിന്, normalized ഇതഇന഻
Root ധആരണ not at position 0, of wordform ഇത്തവണയും, normalized ഇത഻തവണയഉം
Root ടഊറഇസംവഇപണഇ not at position 0, of wordform ഇപ്പോള്‍, normalized ഇപ഻പഓള഻‍
Root ഉടഎ not at position 0, of wordform ഇപ്പോള്‍, normalized ഇപ഻പഓള഻‍
Root യത഻നഇ not at position 0, of wordform ഇരിക്കണം, normalized ഇരഇക഻കണം
Root ജലവര഻ഗ഻ഗ഻ not at position 0, of wordform ഇലവര്‍ഗ്ഗങ്ങള്‍, normalized ഇലവര഻‍ഗ഻ഗങ഻ങള഻‍
Morpheme ഉന഻ന not at position 4, of wordform ഇല്ല, normalized ഇല഻ല
Morpheme ഉം not at position 2, of wordform ഇവയില്‍, normalized ഇവയഇല഻‍
Morpheme ‍ഞ഻ഞ഻ not at position 2, of wordform ഉടഞ്ഞ്, normalized ഉടഞ഻ഞ഻
Root ഇവ not at position 0, of wordform ഉട്ടോയ്ക്കു, normalized ഉട഻ടഓയ഻ക഻കഉ
Morpheme അര഻‍ not at position 5, of wordform ഉണ്ടായ, normalized ഉണ഻ടആയ
Root പഓ not at position 0, of wordform ഉണ്ടായി, normalized ഉണ഻ടആയഇ
Root ചഎയ഻ not at position 0, of wordform ഉണ്ട്, normalized ഉണ഻ട഻
Root ചഎയ഻ not at position 0, of wordform ഉണ്ട്, normalized ഉണ഻ട഻
Morpheme മആര഻‍ not at position 5, of wordform ഉത്സവങ്ങള്‍, normalized ഉത഻സവങ഻ങള഻‍
Root അറഉപത഻ not at position 0, of wordform ഉത്സവവേളകളിലും, normalized ഉത഻സവവഏളകളഇലഉം
Root ശആഖ not at position 0, of wordform ഉത്സവവേളകളില്‍, normalized ഉത഻സവവഏളകളഇല഻‍
Root ചഎറഉകഇടപങ഻കആളഇ not at position 0, of wordform ഉപഭോക്താക്കള്, normalized ഉപഭഓക഻തആക഻കള഻
Root മആറ഻ not at position 0, of wordform ഉപയോഗിക്കുന്നു, normalized ഉപയഓഗഇക഻കഉന഻നഉ
Root ചഎല഻ലആര഻‍കഓവഇല഻ not at position 0, of wordform ഉയരത്തില്‍, normalized ഉയരത഻തഇല഻‍
Root സംഗമസ഻ഥആന not at position 0, of wordform ഉയരത്തില്‍, normalized ഉയരത഻തഇല഻‍
Root രഓഗ not at position 0, of wordform ഉല്പന്നങ്ങള്‍ക്ക്, normalized ഉല഻പന഻നങ഻ങള഻‍ക഻ക഻
Morpheme ‌ഉന഻നഉ not at position 9, of wordform ഉള്‍പ്പെടുന്നു, normalized ഉള഻‍പ഻പഎടഉന഻നഉ
Root തട not at position 0, of wordform ഉള്ള, normalized ഉള഻ള
Root ആന഻‍ not at position 0, of wordform ഉള്ള, normalized ഉള഻ള
Morpheme അഅര഻ not at position 3, of wordform ഉള്ളവര്‍, normalized ഉള഻ളവര഻‍
Morpheme അഅര഻ not at position 3, of wordform ഉള്ളവര്‍, normalized ഉള഻ളവര഻‍
Morpheme അഅര഻‍ not at position 3, of wordform ഉള്ളവര്‍, normalized ഉള഻ളവര഻‍
Morpheme അര഻‍ not at position 3, of wordform ഉള്ളവ൪, normalized ഉള഻ളവ൪
Morpheme ഞ഻ഞഉ not at position 2, of wordform എടുത്തും, normalized എടഉത഻തഉം
Root പഎനല഻രരഇഷഊട഻ട഻ഔട഻ട഻഻ not at position 0, of wordform എട്ടിന്, normalized എട഻ടഇന഻
Root ആ not at position 0, of wordform എത്തുന്ന, normalized എത഻തഉന഻ന
Root ഇരഇഉന഻ന not at position 0, of wordform എത്തുന്ന, normalized എത഻തഉന഻ന
Root ടഊറഇസ not at position 0, of wordform എഫിന്, normalized എഫഇന഻
Root ഗണ not at position 0, of wordform എയര്‍പോര്‍ട്ടില്‍, normalized എയര഻‍പഓര഻‍ട഻ടഇല഻‍
Root മലപ഻പഉറ not at position 0, of wordform എറണാകുളത്തെയും, normalized എറണആകഉളത഻തഎയഉം
Morpheme ടഎ not at position 9, of wordform എല്‍ഡിഎഫ്, normalized എല഻‍ഡഇഎഫ഻
Morpheme um not at position 7, of wordform ഏകാന്തതയും, normalized ഏകആന഻തതയഉം
Root മലയആക഻കആരന഻ not at position 0, of wordform ഏതാണെങ്കിലും, normalized ഏതആണഎങ഻കഇലഉം
Root അര഻ഇല഻ not at position 0, of wordform ഏതാണെങ്കിലും, normalized ഏതആണഎങ഻കഇലഉം
Morpheme ച഻ചഉകഒട഻ത഻തഓടഎ not at position 1, of wordform ഏറ്റെടുത്തതോടെ, normalized ഏറ഻റഎടഉത഻തതഓടഎ
Root ആ not at position 0, of wordform ഒന്നിച്ചുചേരുന്നു, normalized ഒന഻നഇച഻ചഉചഏരഉന഻നഉ
Root മനഉഷ഻യപ഻രയത഻‌ന not at position 0, of wordform ഒരുതരത്തില്, normalized ഒരഉതരത഻തഇല഻
Morpheme ‍ഞ഻ഞ not at position 3, of wordform ഒഴിഞ്ഞ, normalized ഒഴഇഞ഻ഞ
Root ആ not at position 0, of wordform ഒഴുകുന്നത്, normalized ഒഴഉകഉന഻നത഻
Root ഇ not at position 0, of wordform ഒഴുകുന്നത്, normalized ഒഴഉകഉന഻നത഻
Root ഒആട഻ not at position 0, of wordform ഓടിച്ചു, normalized ഓടഇച഻ചഉ
Morpheme കള഻‍ഇല഻‍ not at position 12, of wordform ഓട്ടന്തു്ള്ളലില്‍, normalized ഓട഻ടന഻തഉ഻ള഻ളലഇല഻‍
Root ആഗഓളതല not at position 0, of wordform ഔലിയില്‍, normalized ഔലഇയഇല഻‍
Morpheme ഇല഻‍ not at position 8, of wordform ഔഷധഗവേഷണം, normalized ഔഷധഗവഏഷണം
Root മഔലഇകഔഷധഗവഏഷണ not at position 0, of wordform ഔഷധഗവേഷണത്തിനു, normalized ഔഷധഗവഏഷണത഻തഇനഉ
Morpheme ഇഅത഻ not at position 1, of wordform കടന്നുപോയത്, normalized കടന഻നഉപഓയത഻
Root രണക഻ക഻ not at position 0, of wordform കണക്കില്, normalized കണക഻കഇല഻
Morpheme NTAl not at position 1, of wordform കണ്ടാല്‍, normalized കണ഻ടആല഻‍
Morpheme ‌ഉന഻ന not at position 7, of wordform കണ്ടുവരുന്നത്, normalized കണ഻ടഉവരഉന഻നത഻
Root ശഏഖരഇ not at position 0, of wordform കത്തിച്ച്, normalized കത഻തഇച഻ച഻
Root വര഻‍ഗഈയത not at position 0, of wordform കഥകളിയോട്, normalized കഥകളഇയഓട഻
Morpheme ‍ഞ഻ഞ഻ not at position 3, of wordform കനിഞ്ഞ്, normalized കനഇഞ഻ഞ഻
Root സആമ഻രആജ഻യ not at position 0, of wordform കമ്പനി, normalized കമ഻പനഇ
Root വഐറസ഻ not at position 0, of wordform കമ്മീഷനുകളെ, normalized കമ഻മഈഷനഉകളഎ
Root മന഻ത഻രഇ not at position 0, of wordform കരാര്, normalized കരആര഻
Root മആര഻‍ not at position 0, of wordform കരാര്, normalized കരആര഻
Root പറ not at position 0, of wordform കരുതാന്‍, normalized കരഉതആന഻‍
Root മകല not at position 0, of wordform കലകളില്‍, normalized കലകളഇല഻‍
Root തന഻ത഻ര not at position 0, of wordform കലാരൂപങ്ങള്‍, normalized കലആരഊപങ഻ങള഻‍
Morpheme ‍ഞ഻ഞ഻ not at position 2, of wordform കളഞ്ഞ്, normalized കളഞ഻ഞ഻
Morpheme ‍ഞ഻ഞ഻ not at position 2, of wordform കളഞ്ഞ്, normalized കളഞ഻ഞ഻
Root ഗ഻രആമ not at position 0, of wordform കളനാശിനികളുടെയും, normalized കളനആശഇനഇകളഉടഎയഉം
Root ഖഴഇ not at position 0, of wordform കഴിക്കുന്നതോട്, normalized കഴഇക഻കഉന഻നതഓട഻
Morpheme ‍‍‍‍‍ഇല഻ല not at position 3, of wordform കഴിഞ്ഞിട്ടില്ല, normalized കഴഇഞ഻ഞഇട഻ടഇല഻ല
Morpheme ‍‍‍‍‍‍‍ഞ഻ഞഉഇട഻ടഉഇല഻ല not at position 3, of wordform കഴിഞ്ഞിട്ടില്ല, normalized കഴഇഞ഻ഞഇട഻ടഇല഻ല
Morpheme ‍‍‍‍‍‍‍ഞ഻ഞഉഇട഻ടഉഇല഻ല not at position 3, of wordform കഴിഞ്ഞിട്ടില്ല, normalized കഴഇഞ഻ഞഇട഻ടഇല഻ല
Morpheme ‍ഞ഻ഞ not at position 3, of wordform കഴിഞ്ഞില്ല, normalized കഴഇഞ഻ഞഇല഻ല
Morpheme ‍ഞ഻ഞഉകഊട഻ഇ not at position 3, of wordform കഴിഞ്ഞുകൂടി, normalized കഴഇഞ഻ഞഉകഊടഇ
Root ചഎയ഻ not at position 0, of wordform കഴിയുന്നത്, normalized കഴഇയഉന഻നത഻
Morpheme ട഻ഉന഻നഉ not at position 3, of wordform കഴിയുന്നു, normalized കഴഇയഉന഻നഉ
Morpheme ഉടഎ not at position 5, of wordform കഴിവ്, normalized കഴഇവ഻
Root മഴക഻കആലരഓഗ not at position 0, of wordform കാറ്റും, normalized കആറ഻റഉം
Root നആള഻ not at position 0, of wordform കാലഘട്ടത്തില്‍, normalized കആലഘട഻ടത഻തഇല഻‍
Root നടത഻തഇപ഻പ഻ not at position 0, of wordform കാലാകാലങ്ങളില്‍, normalized കആലആകആലങ഻ങളഇല഻‍
Root ഡല഻‍ഹഇ not at position 0, of wordform കാശ്മീരിഗേറ്റ്, normalized കആശ഻മഈരഇഗഏറ഻റ഻
Morpheme ന഻നഉ not at position 3, of wordform കിടക്കാം, normalized കഇടക഻കആം
Root ഗ഻രആമ not at position 0, of wordform കീടനാശിനികളുടെയും, normalized കഈടനആശഇനഇകളഉടഎയഉം
Root മഉട഻ട not at position 0, of wordform കുഞ്ഞുങ്ങളെയും, normalized കഉഞ഻ഞഉങ഻ങളഎയഉം
Root രഓഗലക഻ഷണ not at position 0, of wordform കുടുംബങ്ങള്, normalized കഉടഉംബങ഻ങള഻
Root നഇഗആമ഻ not at position 0, of wordform കുമയൂണ്‍, normalized കഉമയഊണ഻‍
Root ടഎ not at position 0, of wordform കുമയൂണ്‍, normalized കഉമയഊണ഻‍
Morpheme ‍ഞ഻ഞ not at position 3, of wordform കുറഞ്ഞ, normalized കഉറഞ഻ഞ
Morpheme ‍ഞ഻ഞ not at position 3, of wordform കുറഞ്ഞ, normalized കഉറഞ഻ഞ
Morpheme ‍ഞ഻ഞആല഻‍ not at position 3, of wordform കുറഞ്ഞാലും, normalized കഉറഞ഻ഞആലഉം
Root ശഏഖരഇ not at position 0, of wordform കുറിച്ച, normalized കഉറഇച഻ച
Root നഇന഻ not at position 0, of wordform കുഴപ്പം, normalized കഉഴപ഻പം
Root തഉമ഻പഇതഉള഻ളല഻‍ not at position 0, of wordform കുഴലിന്‍, normalized കഉഴലഇന഻‍
Root ശഇങ഻കആരഇമഏള not at position 0, of wordform കൂട്ടുകാര്‍, normalized കഊട഻ടഉകആര഻‍
Root എ not at position 0, of wordform കൂട്ടുകാര്‍, normalized കഊട഻ടഉകആര഻‍
Morpheme ഇല഻‍ not at position 5, of wordform കെ.കെ, normalized കഎ.കഎ
Root പഏര഻ not at position 0, of wordform കേന്ദ്രത്തില്‍, normalized കഏന഻ദ഻രത഻തഇല഻‍
Root ലഓക not at position 0, of wordform കേന്ദ്രബാങ്കിന്റെ, normalized കഏന഻ദ഻രബആങ഻കഇന഻റഎ
Root ഗ഻രആമ not at position 0, of wordform കേരളത്തിലും, normalized കഏരളത഻തഇലഉം
Root ബഈച഻ച഻ not at position 0, of wordform കേരളത്തില്‍, normalized കഏരളത഻തഇല഻‍
Root ചരട഻ not at position 0, of wordform കൈത്തണ്ട, normalized കഐത഻തണ഻ട
Root മആറ഻റ഻ not at position 0, of wordform കൈപ്പറ്റി, normalized കഐപ഻പറ഻റഇ
Root വലതഉകഐ not at position 0, of wordform കൈയിലെ, normalized കഐയഇലഎ
Root എന഻നഉള഻ളത഻ not at position 0, of wordform കൊണ്ടിട്ടുള്ളത്, normalized കഒണ഻ടഇട഻ടഉള഻ളത഻
Root ചഎയ഻ not at position 0, of wordform കൊളളാവുന്നത്, normalized കഒളളആവഉന഻നത഻
Root ജഗദല഻‍പഊര഻ not at position 0, of wordform കോട്ടംസറിലെ, normalized കഓട഻ടംസറഇലഎ
Root ജഇല഻ലആആശഉപത഻രഇ not at position 0, of wordform കോര്‍പ്പറേഷനുകള്‍, normalized കഓര഻‍പ഻പറഏഷനഉകള഻‍
Root ശആഖ not at position 0, of wordform ക്ഷേത്രകലകളില്‍, normalized ക഻ഷഏത഻രകലകളഇല഻‍
Root ബലആത഻സംഗ not at position 0, of wordform ക്ഷേത്രോല്സവങ്ങളോട്, normalized ക഻ഷഏത഻രഓല഻സവങ഻ങളഓട഻
Root മഉടഇയഏറ഻റ not at position 0, of wordform ഗനഹില്ലിന്‍റെ, normalized ഗനഹഇല഻ലഇന഻‍റഎ
Root തവഇ not at position 0, of wordform ഗവിയില്‍, normalized ഗവഇയഇല഻‍
Morpheme um not at position 8, of wordform ഗുണമേന്മയും, normalized ഗഉണമഏന഻മയഉം
Morpheme ഇല഻‍ not at position 9, of wordform ഗുരുദ്വാര, normalized ഗഉരഉദ഻വആര
Morpheme ടഎ not at position 3, of wordform ഗുഹയ്ക്ക്, normalized ഗഉഹയ഻ക഻ക഻
Root കഉറ഻റഇകഉരഉമഉളക഻ not at position 0, of wordform ഗ്രാഫ്റ്റ്, normalized ഗ഻രആഫ഻റ഻റ഻
Root ഇല഻‍ not at position 0, of wordform ഗ്രാഫ്റ്റ്, normalized ഗ഻രആഫ഻റ഻റ഻
Root പആരമ഻പര഻യ not at position 0, of wordform ഘടകങ്ങളും, normalized ഘടകങ഻ങളഉം
Root വആഹന not at position 0, of wordform ചടങ്ങുകളിലും, normalized ചടങ഻ങഉകളഇലഉം
Root നടപടഇക഻രമ not at position 0, of wordform ചട്ടങ്ങളും, normalized ചട഻ടങ഻ങളഉം
Morpheme van not at position 7, of wordform ചവിട്ടുവാന്‍, normalized ചവഇട഻ടഉവആന഻‍
Root മനസ഻ not at position 0, of wordform ചിത്രങ്ങള്‍, normalized ചഇത഻രങ഻ങള഻‍
Root കഏരള not at position 0, of wordform ചിറ്റമൃതിന്‍റ, normalized ചഇറ഻റമഋതഇന഻‍റ
Root പട഻ടണ not at position 0, of wordform ചുമരുകള്‍, normalized ചഉമരഉകള഻‍
Root ഋതഉ not at position 0, of wordform ചുറ്റുപാടുകള്ക്ക്, normalized ചഉറ഻റഉപആടഉകള഻ക഻ക഻
Root ശആഖ not at position 0, of wordform ചെണ്ടമേളങ്ങളിലും, normalized ചഎണ഻ടമഏളങ഻ങളഇലഉം
Root രഓഗനഇര഻ണ഻ണയ not at position 0, of wordform ചെയ്തതിനു, normalized ചഎയ഻തതഇനഉ
Morpheme ഉന഻ന not at position 4, of wordform ചെയ്തതോടെ, normalized ചഎയ഻തതഓടഎ
Root പഎയ഻ not at position 0, of wordform ചെയ്തത്, normalized ചഎയ഻തത഻
Root ഛഎയ഻ത not at position 0, of wordform ചെയ്തവരും, normalized ചഎയ഻തവരഉം
Morpheme ytu not at position 4, of wordform ചെയ്തു, normalized ചഎയ഻തഉ
Root ‌ചഎയ഻ not at position 0, of wordform ചെയ്യുന്ന, normalized ചഎയ഻യഉന഻ന
Root സ഻ഥഇതഇചഎയ഻ not at position 0, of wordform ചെയ്യുന്നു, normalized ചഎയ഻യഉന഻നഉ
Morpheme ആവ഻ഉന഻ന not at position 5, of wordform ചെയ്യേണ്ടത്, normalized ചഎയ഻യഏണ഻ടത഻
Morpheme kkAnum not at position 6, of wordform ചെലവഴിക്കാനും, normalized ചഎലവഴഇക഻കആനഉം
Root ആവശ഻യ not at position 0, of wordform ജനങ്ങളും, normalized ജനങ഻ങളഉം
Root ഝന not at position 0, of wordform ജനങ്ങളുടെ, normalized ജനങ഻ങളഉടഎ
Root ഝനത not at position 0, of wordform ജനതയ്ക്കും, normalized ജനതയ഻ക഻കഉം
Root ദഉര഻ബലജനവഇഭആഗ not at position 0, of wordform ജനവിഭാഗങ്ങളെ, normalized ജനവഇഭആഗങ഻ങളഎ
Root കആര഻‍ഷഇകമഏഖല not at position 0, of wordform ജയലളിതയുടെ, normalized ജയലളഇതയഉടഎ
Root പശ഻ചഇമജര഻‍മനഇ not at position 0, of wordform ജര്‍മനിയുടെ, normalized ജര഻‍മനഇയഉടഎ
Root ഭരണഘടന not at position 0, of wordform ജസ്റ്റിസ്, normalized ജസ഻റ഻റഇസ഻
Root ഛആര഻‍ഖണ഻ഡ഻ not at position 0, of wordform ജാര്‍ഖണ്ഡിലെ, normalized ജആര഻‍ഖണ഻ഡഇലഎ
Root കആരണം not at position 0, of wordform ജീവിതത്തോട്, normalized ജഈവഇതത഻തഓട഻
Root പഊര഻‍വ഻വഏഷ഻യന഻‍രആജ഻യ not at position 0, of wordform ജ്യങ്ങളിലും, normalized ജ഻യങ഻ങളഇലഉം
Root ‍ഞന഻ not at position 0, of wordform ഞങ്ങളക്ക്, normalized ഞങ഻ങളക഻ക഻
Root നഇന഻ not at position 0, of wordform ഞങ്ങള്‍, normalized ഞങ഻ങള഻‍
Root നഗര not at position 0, of wordform ടാക്സി, normalized ടആക഻സഇ
Morpheme മആര഻‍ not at position 17, of wordform ടൂര്‍ഓപ്പറേറ്റര്‍, normalized ടഊര഻‍ഓപ഻പറഏറ഻റര഻‍
Root ഗഓള഻ not at position 0, of wordform ടൂര്‍ണമെന്റിലെ, normalized ടഊര഻‍ണമഎന഻റഇലഎ
Root -ടഊറഇസംരംഗ not at position 0, of wordform ടൂറിസംരംഗത്തും, normalized ടഊറഇസംരംഗത഻തഉം
Root t not at position 0, of wordform ടൂറിസ്റ്റുകളുടെ, normalized ടഊറഇസ഻റ഻റഉകളഉടഎ
Morpheme കള഻‍ not at position 3, of wordform ടൂറിസ്റ്റ്, normalized ടഊറഇസ഻റ഻റ഻
Root യആത഻ര not at position 0, of wordform ടൂള്‍കിറ്റ്, normalized ടഊള഻‍കഇറ഻റ഻
Root ഡഓളഇമഹള഻ not at position 0, of wordform ടോളിമഹലിന്, normalized ടഓളഇമഹലഇന഻
Morpheme ടഎ not at position 4, of wordform ഡാനി, normalized ഡആനഇ
Morpheme ‍‍‍‍‍‍ആഇഇട഻ട഻ഇല഻ല not at position 6, of wordform തയ്യാറായിട്ടില്ല, normalized തയ഻യആറആയഇട഻ടഇല഻ല
Root പ഻രആദഏശഇകതല‍ not at position 0, of wordform തലത്തില്‍, normalized തലത഻തഇല഻‍
Morpheme ഞ഻ഞ not at position 4, of wordform തലമുതിര്‍ന്ന, normalized തലമഉതഇര഻‍ന഻ന
Root വളര഻‍ത഻ത഻ not at position 0, of wordform താമസിക്കുന്നതിനു, normalized തആമസഇക഻കഉന഻നതഇനഉ
Morpheme കള഻‍ not at position 4, of wordform താളം, normalized തആളം
Morpheme ഇല഻‍ not at position 6, of wordform താഴ്വര, normalized തആഴ഻വര
Morpheme ക഻ക഻ not at position 4, of wordform തിരിച്ച്, normalized തഇരഇച഻ച഻
Root പഴ not at position 0, of wordform തീരുമാനങ്ങളും, normalized തഈരഉമആനങ഻ങളഉം
Root ചരട഻ not at position 0, of wordform തുട, normalized തഉട
Root നടത഻ത഻ not at position 0, of wordform തുടങ്ങിയത്, normalized തഉടങ഻ങഇയത഻
Root ആവഇഷ഻കരഇ not at position 0, of wordform തുടങ്ങിയിരിക്കുന്നു, normalized തഉടങ഻ങഇയഇരഇക഻കഉന഻നഉ
Root ച഻ചഉതഉടങ഻ങ഻ഇരഇഉന഻നഉ not at position 0, of wordform തുടങ്ങിയിരിക്കുന്നു, normalized തഉടങ഻ങഇയഇരഇക഻കഉന഻നഉ
Root ഭഈമന഻നന഻നങ഻ങആടഇ not at position 0, of wordform തുണ്ടം, normalized തഉണ഻ടം
Root കള഻‍ not at position 0, of wordform തുണ്ടം, normalized തഉണ഻ടം
Morpheme അര഻‍ not at position 5, of wordform തുല്യ൪, normalized തഉല഻യ൪
Root മരഉന഻നഉകമ഻പന not at position 0, of wordform തെളിവുകള്‍, normalized തഎളഇവഉകള഻‍
Morpheme yum not at position 5, of wordform തേങ്ങയും, normalized തഏങ഻ങയഉം
Morpheme um not at position 7, of wordform ദഹനത്തെയും, normalized ദഹനത഻തഎയഉം
Root വര഻‍ണ഻ണ not at position 0, of wordform ദൃശ്യം, normalized ദഋശ഻യം
Root കള഻ഇല഻ not at position 0, of wordform ദൃശ്യം, normalized ദഋശ഻യം
Morpheme കള഻‍ not at position 12, of wordform ദൗത്യത്തില്‍, normalized ദൗത഻യത഻തഇല഻‍
Morpheme ഉ഻ not at position 5, of wordform ധനബാദിനെ, normalized ധനബആദഇനഎ
Root ലടത഻തപ഻പഎട഻ not at position 0, of wordform നടത്തപ്പെടുന്നത്, normalized നടത഻തപ഻പഎടഉന഻നത഻
Morpheme അര഻‍ not at position 5, of wordform നടപടി, normalized നടപടഇ
Morpheme അര഻‍ not at position 5, of wordform നടപടി, normalized നടപടഇ
Morpheme മമഹകഊട not at position 3, of wordform നടിച്ചുകൂടാ, normalized നടഇച഻ചഉകഊടആ
Root സആധഇ not at position 0, of wordform നന്നായിരിക്കും, normalized നന഻നആയഇരഇക഻കഉം
Morpheme കള഻ഇല഻ not at position 3, of wordform നമ്മളില്‍, normalized നമ഻മളഇല഻‍
Morpheme കള഻‍ഇല഻ not at position 3, of wordform നമ്മളില്‍, normalized നമ഻മളഇല഻‍
Morpheme കള഻ഉടഎ not at position 3, of wordform നമ്മളുടെ, normalized നമ഻മളഉടഎ
Morpheme കള഻‍ഉടഎ not at position 3, of wordform നമ്മളുടെ, normalized നമ഻മളഉടഎ
Morpheme കള഻എ not at position 3, of wordform നമ്മളെ, normalized നമ഻മളഎ
Morpheme കള഻എ not at position 3, of wordform നമ്മളെ, normalized നമ഻മളഎ
Morpheme കള഻‍ not at position 3, of wordform നമ്മളെ, normalized നമ഻മളഎ
Morpheme കള഻എ not at position 3, of wordform നമ്മളെ, normalized നമ഻മളഎ
Morpheme കള഻എ not at position 3, of wordform നമ്മളെ, normalized നമ഻മളഎ
Morpheme കള഻എ not at position 3, of wordform നമ്മളെ, normalized നമ഻മളഎ
Morpheme കള഻‍എ not at position 3, of wordform നമ്മളെ, normalized നമ഻മളഎ
Morpheme കള഻ഓട഻ not at position 3, of wordform നമ്മളോട്, normalized നമ഻മളഓട഻
Morpheme കള഻‍ not at position 3, of wordform നമ്മള്, normalized നമ഻മള഻
Morpheme കള഻‍ not at position 3, of wordform നമ്മള്, normalized നമ഻മള഻
Morpheme കള഻‍ not at position 3, of wordform നമ്മള്‍, normalized നമ഻മള഻‍
Morpheme കള഻‍ not at position 3, of wordform നമ്മള്‍, normalized നമ഻മള഻‍
Morpheme കള഻‍ not at position 3, of wordform നമ്മള്‍, normalized നമ഻മള഻‍
Morpheme കള഻‍ not at position 3, of wordform നമ്മള്‍, normalized നമ഻മള഻‍
Morpheme കള഻ not at position 3, of wordform നമ്മള്‍, normalized നമ഻മള഻‍
Morpheme കള഻‍ not at position 3, of wordform നമ്മള്‍, normalized നമ഻മള഻‍
Morpheme കള഻‍ not at position 3, of wordform നമ്മള്‍, normalized നമ഻മള഻‍
Morpheme കള഻‍ not at position 3, of wordform നമ്മള്‍, normalized നമ഻മള഻‍
Morpheme കള഻‍ not at position 3, of wordform നമ്മള്‍, normalized നമ഻മള഻‍
Morpheme കള഻‍ not at position 3, of wordform നമ്മള്‍, normalized നമ഻മള഻‍
Morpheme കള഻‍ not at position 3, of wordform നമ്മള്‍, normalized നമ഻മള഻‍
Morpheme കള഻‍ not at position 3, of wordform നമ്മള്‍, normalized നമ഻മള഻‍
Morpheme കള഻‍ not at position 3, of wordform നമ്മള്‍, normalized നമ഻മള഻‍
Morpheme കള഻‍ not at position 3, of wordform നമ്മള്‍, normalized നമ഻മള഻‍
Morpheme കള഻‍ not at position 3, of wordform നമ്മള്‍, normalized നമ഻മള഻‍
Morpheme കള഻‍ not at position 3, of wordform നമ്മള്‍, normalized നമ഻മള഻‍
Morpheme കള഻‍ not at position 3, of wordform നമ്മള്‍, normalized നമ഻മള഻‍
Morpheme കള഻‍ not at position 3, of wordform നമ്മള്‍, normalized നമ഻മള഻‍
Morpheme കള഻‍ not at position 3, of wordform നമ്മള്‍, normalized നമ഻മള഻‍
Morpheme കള഻‍ not at position 3, of wordform നമ്മള്‍, normalized നമ഻മള഻‍
Morpheme കള഻ not at position 3, of wordform നമ്മള്‍, normalized നമ഻മള഻‍
Morpheme കള഻‍ not at position 3, of wordform നമ്മള്‍, normalized നമ഻മള഻‍
Morpheme കള഻‍ not at position 3, of wordform നമ്മള്‍, normalized നമ഻മള഻‍
Morpheme കള഻‍ not at position 3, of wordform നമ്മള്‍, normalized നമ഻മള഻‍
Morpheme കള഻‍ not at position 3, of wordform നമ്മള്‍, normalized നമ഻മള഻‍
Morpheme കള഻‍ not at position 3, of wordform നമ്മള്‍, normalized നമ഻മള഻‍
Morpheme കള഻‍ not at position 3, of wordform നമ്മള്‍, normalized നമ഻മള഻‍
Root വല഻ക഻ not at position 0, of wordform നല്‍കുന്നു, normalized നല഻‍കഉന഻നഉ
Morpheme ഇല഻‍ not at position 6, of wordform നവാബുമാരുടെ, normalized നവആബഉമആരഉടഎ
Root മന഻ത഻രഇ not at position 0, of wordform നാട്ടുകാര്, normalized നആട഻ടഉകആര഻
Root മആര഻‍ not at position 0, of wordform നാട്ടുകാര്, normalized നആട഻ടഉകആര഻
Morpheme അ൯മആര഻ഉടഎ not at position 10, of wordform നാട്ടുരാജാക്കന്മാരുടെ, normalized നആട഻ടഉരആജആക഻കന഻മആരഉടഎ
Root മലയആള not at position 0, of wordform നിന്‍റെ, normalized നഇന഻‍റഎ
Morpheme അര഻‍ not at position 5, of wordform നിപുണ൪, normalized നഇപഉണ൪
Root സംബന഻ധഇ not at position 0, of wordform നിര്‍ബന്ധിച്ചപ്പോള്‍, normalized നഇര഻‍ബന഻ധഇച഻ചപ഻പഓള഻‍
Morpheme inu not at position 10, of wordform നിര്‍മ്മാണത്തിനും, normalized നഇര഻‍മ഻മആണത഻തഇനഉം
Root സആധഇക഻ക഻ not at position 0, of wordform നിര്‍മ്മിച്ചിരിക്കുന്നത്, normalized നഇര഻‍മ഻മഇച഻ചഇരഇക഻കഉന഻നത഻
Morpheme ‍ഞ഻ഞ not at position 3, of wordform നിറഞ്ഞ, normalized നഇറഞ഻ഞ
Morpheme ‍ഞ഻ഞ not at position 3, of wordform നിറഞ്ഞത്, normalized നഇറഞ഻ഞത഻
Root പറ not at position 0, of wordform നിറഞ്ഞത്, normalized നഇറഞ഻ഞത഻
Morpheme ‍‍ഞ഻ഞ഻ not at position 3, of wordform നിറഞ്ഞ്, normalized നഇറഞ഻ഞ഻
Root ശആഖ not at position 0, of wordform നിലക്ക്, normalized നഇലക഻ക഻
Root ശഞ഻ചരഇ not at position 0, of wordform നിലനില്‍ക്കുന്ന, normalized നഇലനഇല഻‍ക഻കഉന഻ന
Root സഐറ഻റകള഻഻ not at position 0, of wordform നിലയ്ക്കു, normalized നഇലയ഻ക഻കഉ
Root മഉഴങ഻ങ഻ not at position 0, of wordform നീങ്ങിക്കൊണ്ടിരുന്നു, normalized നഈങ഻ങഇക഻കഒണ഻ടഇരഉന഻നഉ
Morpheme അ൯മആര഻എ not at position 4, of wordform നേതാക്കന്മാരെ, normalized നഏതആക഻കന഻മആരഎ
Morpheme അ൯മആര഻എ not at position 4, of wordform നേതാക്കന്മാരെയും, normalized നഏതആക഻കന഻മആരഎയഉം
Morpheme അ൯മആര഻‍ not at position 4, of wordform നേതാക്കന്മാര്‍, normalized നഏതആക഻കന഻മആര഻‍
Morpheme ടഎ not at position 5, of wordform നോവലിന്‍െ, normalized നഏആവലഇന഻‍എ
Root അരങ഻ങ഻ not at position 0, of wordform നോട്ടത്തില്‍, normalized നഓട഻ടത഻തഇല഻‍
Root ശആഖ not at position 0, of wordform പക്ഷിമൃഗാദികളും, normalized പക഻ഷഇമഋഗആദഇകളഉം
Root ചര഻‍ച഻ച not at position 0, of wordform പങ്കാളികള്‍, normalized പങ഻കആളഇകള഻‍
Root തഐ not at position 0, of wordform പച്ചക്കറിയിനങ്ങള്‍, normalized പച഻ചക഻കറഇയഇനങ഻ങള഻‍
Root മര഻‍ഡഏആക഻ക഻ not at position 0, of wordform പഠിക്കാതെയോ, normalized പഠഇക഻കആതഎയഏആ
Root തളഇ not at position 0, of wordform പഠിപ്പിക്കണം, normalized പഠഇപ഻പഇക഻കണം
Morpheme cc not at position 6, of wordform പണികഴിപ്പിച്ചത്, normalized പണഇകഴഇപ഻പഇച഻ചത഻
Morpheme ടഎ not at position 7, of wordform പരശുരാമനെ, normalized പരശഉരആമനഎ
Root സഓഷ഻യല഻നഎറ഻ര഻വര഻ക഻ക഻ not at position 0, of wordform പരിഗണനകള്‍, normalized പരഇഗണനകള഻‍
Morpheme കള഻‍ not at position 7, of wordform പരിപാടി, normalized പരഇപആടഇ
Root വഇപഉലപ഻പഎടഉത഻ത഻ not at position 0, of wordform പരിശോധിക്കപ്പെടേണ്ടത്, normalized പരഇശഓധഇക഻കപ഻പഎടഏണ഻ടത഻
Root സഹആയഇ not at position 0, of wordform പര്യാപ്തമാക്കിയിരുന്നു, normalized പര഻യആപ഻തമആക഻കഇയഇരഉന഻നഉ
Morpheme ‍‍ഞ഻ഞഉകഊട not at position 2, of wordform പറഞ്ഞുകൂട, normalized പറഞ഻ഞഉകഊട
Morpheme ‍ഞ഻ഞഉകഒട഻ത഻തഉ not at position 2, of wordform പറഞ്ഞുകൊടുത്തു, normalized പറഞ഻ഞഉകഎആടഉത഻തഉ
Morpheme ‍ഞ഻ഞ഻ not at position 2, of wordform പറഞ്ഞ്, normalized പറഞ഻ഞ഻
Root ചഎയ഻ not at position 0, of wordform പറയും, normalized പറയഉം
Root കഏരള not at position 0, of wordform പലരും, normalized പലരഉം
Root മലയആളഇ not at position 0, of wordform പാര്‍ട്ടികള്‍ക്കും, normalized പആര഻‍ട഻ടഇകള഻‍ക഻കഉം
Morpheme unna not at position 7, of wordform പിടിക്കുന്നതില്‍, normalized പഇടഇക഻കഉന഻നതഇല഻‍
Morpheme 0ttu not at position 7, of wordform പിന്ഭാഗത്ത്, normalized പഇന഻ഭആഗത഻ത഻
Morpheme ഇല഻‍ not at position 9, of wordform പുരാതനവും, normalized പഉരആതനവഉം
Morpheme അ൪ഉടഎ not at position 12, of wordform പൂജിക്കുന്നവരുടെ, normalized പഊജഇക഻കഉന഻നവരഉടഎ
Morpheme ഉന഻ന not at position 3, of wordform പെടാത്തതോ, normalized പഎടആത഻തതഓ
Morpheme ‍ഞ഻ഞഉഇരഇഉന഻ന not at position 1, of wordform പൊതിഞ്ഞിരിക്കുന്നതും, normalized പഎആതഇഞ഻ഞഇരഇക഻കഉന഻നതഉം
Root വന not at position 0, of wordform പേരില്, normalized പഏരഇല഻
Root കഎആണ഻ടഉപഏആ not at position 0, of wordform പോയി, normalized പഏആയഇ
Root ഉണ഻ടആക഻ക഻ not at position 0, of wordform പോയേക്കാം, normalized പഓയഏക഻കആം
Root വര഻ not at position 0, of wordform പ്രതിനിധീകരിക്കുന്നത്, normalized പ഻രതഇനഇധഈകരഇക഻കഉന഻നത഻
Root ശരഈര not at position 0, of wordform പ്രതിഭാസങ്ങളെ, normalized പ഻രതഇഭആസങ഻ങളഎ
Morpheme ഇല഻‍ not at position 10, of wordform പ്രദേശത്ത്, normalized പ഻രദഏശത഻ത഻
Root ആ not at position 0, of wordform പ്രയത്നിച്ചിട്ട്, normalized പ഻രയത഻നഇച഻ചഇട഻ട഻
Morpheme മആര഻‍ not at position 12, of wordform പ്രശ്‌നക്കാരെയും, normalized പ഻രശ഻‌നക഻കആരഎയഉം
Root തഒഴഇലവസര not at position 0, of wordform പ്രശ്നങ്ങളെ, normalized പ഻രശ഻നങ഻ങളഎ
Root അമഋതസര഻ not at position 0, of wordform പ്രസിദ്ധം, normalized പ഻രസഇദ഻ധം
Root അടങ഻ങ഻ not at position 0, of wordform പ്രസിദ്ധീകരിക്കുന്ന, normalized പ഻രസഇദ഻ധഈകരഇക഻കഉന഻ന
Root വആയഇ not at position 0, of wordform പ്രസിദ്ധീകരിച്ചു, normalized പ഻രസഇദ഻ധഈകരഇച഻ചഉ
Root ഗ഻രന഻ഥഇ not at position 0, of wordform പ്രാണികളെ, normalized പ഻രആണഇകളഎ
Root വ഻യക഻തഇശഉചഇത഻വ not at position 0, of wordform പ്രോത്സാഹനത്തിന്, normalized പ഻രഓത഻സആഹനത഻തഇന഻
Morpheme ഒആട഻എ not at position 6, of wordform പ്രൗഢിയോടെ, normalized പ഻രൗഢഇയഓടഎ
Root പടവ഻ not at position 0, of wordform ഫോറസ്റ്റ്റേഞ്ചില്‍, normalized ഫഓറസ഻റ഻റ഻റഏഞ഻ചഇല഻‍
Root കള഻‍ not at position 0, of wordform ഫോറസ്റ്റ്റേഞ്ചില്‍, normalized ഫഓറസ഻റ഻റ഻റഏഞ഻ചഇല഻‍
Morpheme ഇഇട഻ട഻ഉള഻ not at position 4, of wordform ബന്ധമുള്ളത്, normalized ബന഻ധമഉള഻ളത഻
Morpheme um not at position 6, of wordform ബലത്തെയും, normalized ബലത഻തഎയഉം
Morpheme ടഎ not at position 5, of wordform ബഷീര്‍, normalized ബഷഈര഻‍
Root ഡല഻‍ഹഇ not at position 0, of wordform ബസ്സ്റ്റേഷനില്‍, normalized ബസ഻സ഻റ഻റഏഷനഇല഻‍
Root ഡല഻‍ഹഇ not at position 0, of wordform ബസ്സ്റ്റേഷനില്‍, normalized ബസ഻സ഻റ഻റഏഷനഇല഻‍
Root നആനആഭആഗ not at position 0, of wordform ബാധ്യതകളില്, normalized ബആധ഻യതകളഇല഻
Morpheme ഉടഎ not at position 3, of wordform ബാബാ, normalized ബആബആ
Morpheme ഉടഎ not at position 6, of wordform ബിജെപി, normalized ബഇജഎപഇ
Root തഎലങ഻കആന not at position 0, of wordform ബിഹാറിലെ, normalized ബഇഹആറഇലഎ
Root ജഈവഇത not at position 0, of wordform ബോര്‍ഡിന്റെ, normalized ബഓര഻‍ഡഇന഻റഎ
Root ക഻ഷഏത഻ര not at position 0, of wordform ഭഗവാന്‍റെ, normalized ഭഗവആന഻‍റഎ
Root ദശപഉഷ഻പ not at position 0, of wordform ഭരണഘടകങ്ങള്‍, normalized ഭരണഘടകങ഻ങള഻‍
Morpheme ‌ക഻ക഻ not at position 6, of wordform ഭരണഘടനയ്ക്ക്, normalized ഭരണഘടനയ഻ക഻ക഻
Morpheme ഇല഻‍ not at position 3, of wordform ഭാഗം, normalized ഭആഗം
Root മആധ഻യമ not at position 0, of wordform ഭാവനയുടെ, normalized ഭആവനയഉടഎ
Root കള഻ഉടഎ not at position 0, of wordform ഭാവനയുടെ, normalized ഭആവനയഉടഎ
Root സആമ഻രആജ഻യത഻വ not at position 0, of wordform ഭാഷയുടെയും, normalized ഭആഷയഉടഎയഉം
Root ജഈവഇത not at position 0, of wordform ഭൂപരിതിയില്‍, normalized ഭഊപരഇതഇയഇല഻‍
Root ന഻യഊനത not at position 0, of wordform മണിക്കൂറുകള്‍, normalized മണഇക഻കഊറഉകള഻‍
Root സമഉദ഻രതല not at position 0, of wordform മധ്യത്തില്‍, normalized മധ഻യത഻തഇല഻‍
Root ചഇത഻രപഉരം not at position 0, of wordform മനസ്സിനും, normalized മനസ഻സഇനഉം
Morpheme അഅര഻ not at position 9, of wordform മറ്റുള്ളവര്‍, normalized മറ഻റഉള഻ളവര഻‍
Morpheme ഉന഻ന not at position 2, of wordform മറ്റ്, normalized മറ഻റ഻
Root അഭഇമഉഖ not at position 0, of wordform മാഗസീനില്‍, normalized മആഗസഈനഇല഻‍
Root ഗ഻രആമ not at position 0, of wordform മാധ്യമങ്ങളും, normalized മആധ഻യമങ഻ങളഉം
Root പരഇഭവ not at position 0, of wordform മാധ്യമങ്ങളോ, normalized മആധ഻യമങ഻ങളഓ
Morpheme കള഻ഇല഻ not at position 6, of wordform മാധ്യമത്തിലും, normalized മആധ഻യമത഻തഇലഉം
Morpheme കള഻‍ not at position 6, of wordform മാറ്റം, normalized മആറ഻റം
Root ഘട഻ട not at position 0, of wordform മാറ്റങ്ങളില്‍, normalized മആറ഻റങ഻ങളഇല഻‍
Morpheme ന഻നഉകഒണ഻ട഻ not at position 3, of wordform മാറ്റുമ്പോഴും, normalized മആറ഻റഉമ഻പഓഴഉം
Root കആഴ഻ച not at position 0, of wordform മാറ്റ്, normalized മആറ഻റ഻
Morpheme കള഻‍ not at position 10, of wordform മാസ്റ്റര്‍, normalized മആസ഻റ഻റര഻‍
Root ആവശ഻യ not at position 0, of wordform മിശ്രിതത്തിന്, normalized മഇശ഻രഇതത഻തഇന഻
Morpheme കള഻‍ not at position 9, of wordform മുടിഏറ്റ്, normalized മഉടഇഏറ഻റ഻
Root കഉളഉ not at position 0, of wordform മുതല്, normalized മഉതല഻
Morpheme um not at position 7, of wordform മുന്നിലും, normalized മഉന഻നഇലഉം
Morpheme അര഻ഇല഻ not at position 1, of wordform മുന്നില്‍, normalized മഉന഻നഇല഻‍
Morpheme ‌ഉ഻ not at position 7, of wordform മുന്നൂറിനും, normalized മഉന഻നഊറഇനഉം
Morpheme 0ttu not at position 7, of wordform മുന്ഭാഗത്ത്, normalized മഉന഻ഭആഗത഻ത഻
Root ശതമആന not at position 0, of wordform മൂന്നിലൊന്നില്‍, normalized മഊന഻നഇലഒന഻നഇല഻‍
Root രഎക഻സഇക഻കഓ not at position 0, of wordform മെക്സിക്കോയിലും, normalized മഎക഻സഇക഻കഓയഇലഉം
Morpheme atu not at position 16, of wordform മെച്ചപ്പെടുത്തിയത്, normalized മഎച഻ചപ഻പഎടഉത഻തഇയത഻
Root ഗ഻രആമ not at position 0, of wordform മേഖലകളില്‍, normalized മഏഖലകളഇല഻‍
Root ബഈന not at position 0, of wordform മേഖലയുടെ, normalized മഏഖലയഉടഎ
Root ചരട഻ not at position 0, of wordform മേല്‍, normalized മഏല഻‍
Root ടഎ not at position 0, of wordform മേല്‍, normalized മഏല഻‍
Morpheme um not at position 7, of wordform മോമോസും, normalized മഏആമഏആസഉം
Root സ഻വപ഻ന not at position 0, of wordform യാഥാര്‍ഥ്യത്തില്‍, normalized യആഥആര഻‍ഥ഻യത഻തഇല഻‍
Morpheme അര഻‍ not at position 5, of wordform യുപിഎ, normalized യഉപഇഎ
Morpheme അ൯മആര഻ഉടഎ not at position 4, of wordform രാജാക്കന്മാരുടെ, normalized രആജആക഻കന഻മആരഉടഎ
Morpheme അ൯മആര഻ഉടഎ not at position 4, of wordform രാജാക്കന്‍മാരുടെ, normalized രആജആക഻കന഻‍മആരഉടഎ
Morpheme ഉ഻ not at position 5, of wordform രാജാവിനെ, normalized രആജആവഇനഎ
Morpheme ഉ഻ not at position 5, of wordform രാജാവിനെ, normalized രആജആവഇനഎ
Root മഉതലആളഇത഻യരആജ഻യ not at position 0, of wordform രാജ്യങ്ങളില്, normalized രആജ഻യങ഻ങളഇല഻
Root പആശ഻ചആത഻യരആജ഻യ not at position 0, of wordform രാജ്യങ്ങളില്‍, normalized രആജ഻യങ഻ങളഇല഻‍
Morpheme ഉം not at position 5, of wordform രാജ്യത്ത്, normalized രആജ഻യത഻ത഻
Root ഗ഻രആമ not at position 0, of wordform രാസവളങ്ങളുടെയും, normalized രആസവളങ഻ങളഉടഎയഉം
Root ഭരണകഊട not at position 0, of wordform രീതികളില്, normalized രഈതഇകളഇല഻
Morpheme um not at position 6, of wordform രുചിയെയും, normalized രഉചഇയഎയഉം
Morpheme കള഻ഇല഻ not at position 7, of wordform രോഗശമനത്തിന്‍, normalized രഏആഗശമനത഻തഇന഻‍
Root തകരആറ഻ not at position 0, of wordform രോഗങ്ങളോ, normalized രഓഗങ഻ങളഓ
Root ഔഷധച഻ചഎടഇ not at position 0, of wordform രോഗങ്ങള്‍ക്ക്, normalized രഓഗങ഻ങള഻‍ക഻ക഻
Root അള഻ഷഇമഏഴ഻സ഻രഓഗ not at position 0, of wordform രോഗത്തിന്റെ, normalized രഓഗത഻തഇന഻റഎ
Root rs not at position 0, of wordform റെയില്‍വേസ്റ്റേഷൻ, normalized റഎയഇല഻‍വഏസ഻റ഻റഏഷൻ
Root നഏതആവ഻ not at position 0, of wordform റോമാക്കാര്‍, normalized റഓമആക഻കആര഻‍
Morpheme ഉ഻ not at position 3, of wordform റോസിനെ, normalized റഓസഇനഎ
Morpheme um not at position 5, of wordform ലഭ്യതയും, normalized ലഭ഻യതയഉം
Morpheme um not at position 5, of wordform ലഭ്യതയും, normalized ലഭ഻യതയഉം
Morpheme ക഻ക഻ not at position 5, of wordform ലാന്പ്ഷെയ്ഡ്, normalized ലആന഻പ഻ഷഎയ഻ഡ഻
Morpheme കള഻ഇല഻ not at position 5, of wordform വഞ്ചിയിൽ, normalized വഞ഻ചഇയഇഌ
Root ലഭഇ not at position 0, of wordform വയ്ക്കണം, normalized വയ഻ക഻കണം
Morpheme ‌ആറ഻ഇല഻ല not at position 2, of wordform വരാറില്ല, normalized വരആറഇല഻ല
Root മര഻ not at position 0, of wordform വരും, normalized വരഉം
Root ആ not at position 0, of wordform വരും, normalized വരഉം
Root പ഻രവര഻ത഻തഇ not at position 0, of wordform വര്‍‍ത്തിക്കുന്ന, normalized വര഻‍‍ത഻തഇക഻കഉന഻ന
Morpheme ടഎ not at position 8, of wordform വര്‍ക്കല, normalized വര഻‍ക഻കല
Root കഉറ not at position 0, of wordform വര്‍ധിപ്പിച്ച്, normalized വര഻‍ധഇപ഻പഇച഻ച഻
Morpheme ഇല഻‍ not at position 15, of wordform വര്‍ഷങ്ങള്‍ക്ക്, normalized വര഻‍ഷങ഻ങള഻‍ക഻ക഻
Morpheme ഒആട഻ not at position 3, of wordform വളവോടു, normalized വളവഓടഉ
Root സആധഇ not at position 0, of wordform വഹിച്ചു, normalized വഹഇച഻ചഉ
Morpheme atu not at position 7, of wordform വാങ്ങിയത്, normalized വആങ഻ങഇയത഻
Root രഓഗ not at position 0, of wordform വാദത്തിന്, normalized വആദത഻തഇന഻
Morpheme അര഻‍ not at position 7, of wordform വിദേശീയ൪, normalized വഇദഏശഈയ൪
Root നഇര഻മഇ not at position 0, of wordform വിധിച്ച്, normalized വഇധഇച഻ച഻
Morpheme ഉ഻ not at position 5, of wordform വിപണനം, normalized വഇപണനം
Root രആജ഻യആന഻തരവഇപണഇ not at position 0, of wordform വിപണിയില്‍, normalized വഇപണഇയഇല഻‍
Root നഇല not at position 0, of wordform വിഭാഗത്തില്, normalized വഇഭആഗത഻തഇല഻
Morpheme ഉ഻ not at position 5, of wordform വിവാഹ, normalized വഇവആഹ
Morpheme ന഻ന not at position 2, of wordform വീണത്, normalized വഈണത഻
Morpheme ന഻ന not at position 2, of wordform വീണത്‌, normalized വഈണത഻‌
Morpheme ന഻നഉ not at position 2, of wordform വീണു, normalized വഈണഉ
Morpheme ന഻ത not at position 4, of wordform വേണ്ട, normalized വഏണ഻ട
Root ഴഏണ഻ not at position 0, of wordform വേണ്ടത്, normalized വഏണ഻ടത഻
Root ‌വ഻യക഻‍തമആക഻ക഻ not at position 0, of wordform വ്യക്‍തമാക്കുന്നുണ്ട്, normalized വ഻യക഻‍തമആക഻കഉന഻നഉണ഻ട഻
Root ന഻യക഻തമആക഻ക഻ not at position 0, of wordform വ്യക്തമാക്കി, normalized വ഻യക഻തമആക഻കഇ
Root കഋഷഇയഇട not at position 0, of wordform വ്യവസ്ഥയില്‍, normalized വ഻യവസ഻ഥയഇല഻‍
Morpheme അര഻ക഻ക഻ not at position 1, of wordform വർഗക്കാർക്ക്, normalized വൄഗക഻കആൄക഻ക഻
Morpheme Al not at position 6, of wordform ശതാബ്ദങ്ങളാല്‍, normalized ശതആബ഻ദങ഻ങളആല഻‍
Root ടഊറഇസ not at position 0, of wordform ശമ്പളവര്‍ദ്ധനവിനു, normalized ശമ഻പളവര഻‍ദ഻ധനവഇനഉ
Root ക഻ഷഏത഻രം not at position 0, of wordform ശിവന്‍റെ, normalized ശഇവന഻‍റഎ
Morpheme കള഻‍ not at position 12, of wordform ശുചിത്വസംവിധാനവും, normalized ശഉചഇത഻വസംവഇധആനവഉം
Root ഡആല഻‍തടആകം not at position 0, of wordform ശ്രീനഗറിന്‍റ, normalized ശ഻രഈനഗറഇന഻‍റ
Root ശആഖ not at position 0, of wordform സംഗീതസദസ്സുകളില്‍, normalized സംഗഈതസദസ഻സഉകളഇല഻‍
Root ഗ഻രഊപ഻പ഻ not at position 0, of wordform സംഘടനകളും, normalized സംഘടനകളഉം
Root മലയആളഇ not at position 0, of wordform സംഘടനകളും, normalized സംഘടനകളഉം
Root വഇമആനക഻കമ഻പനഇ not at position 0, of wordform സംഘടനകള്, normalized സംഘടനകള഻
Morpheme ച഻ചഉ not at position 6, of wordform സംയോജിപ്പിക്കാന്‍, normalized സംയഓജഇപ഻പഇക഻കആന഻‍
Morpheme ഇല഻‍എ not at position 7, of wordform സംസ്ഥാനങ്ങളെ, normalized സംസ഻ഥആനങ഻ങളഎ
Root ശഞ഻ചരഇ not at position 0, of wordform സഞ്ചരിക്കുന്ന, normalized സഞ഻ചരഇക഻കഉന഻ന
Morpheme കള഻‍ not at position 13, of wordform സന്തുലിതാവസ്ഥയെയും, normalized സന഻തഉലഇതആവസ഻ഥയഎയഉം
Root കഴഇ not at position 0, of wordform സമയത്തിനു, normalized സമയത഻തഇനഉ
Morpheme ച഻ചഉ not at position 3, of wordform സമയത്തും, normalized സമയത഻തഉം
Root പ഻രഭആത not at position 0, of wordform സമുദായത്തില്‍, normalized സമഉദആയത഻തഇല഻‍
Root ചഇകഇത഻സ not at position 0, of wordform സമ്പദ്‌വ്യവസ്ഥയിലേക്ക്, normalized സമ഻പദ഻‌വ഻യവസ഻ഥയഇലഏക഻ക഻
Root വ഻യവസ഻ഥ not at position 0, of wordform സര്‍ക്കാരുകളും, normalized സര഻‍ക഻കആരഉകളഉം
Root ഡഡ഻യ not at position 0, of wordform സസ്യങ്ങളും, normalized സസ഻യങ഻ങളഉം
Root ശആഖ not at position 0, of wordform സസ്യലതാദികളും, normalized സസ഻യലതആദഇകളഉം
Root ലഹആയഇ not at position 0, of wordform സഹായിക്കുന്നു, normalized സഹആയഇക഻കഉന഻നഉ
Morpheme ടഎ not at position 4, of wordform സാധനങ്ങളും, normalized സആധനങ഻ങളഉം
Root ജലസസ഻യ not at position 0, of wordform സാധനങ്ങളുടെ, normalized സആധനങ഻ങളഉടഎ
Root നഇയമ not at position 0, of wordform സാഹചര്യങ്ങള്‍ക്കും, normalized സആഹചര഻യങ഻ങള഻‍ക഻കഉം
Root ഗഉരഉ not at position 0, of wordform സുഹൃത്തുക്കളോ, normalized സഉഹഋത഻തഉക഻കളഓ
Root ചഉവര഻ച഻ചഇത഻ര not at position 0, of wordform സ്ഥാനങ്ങളും, normalized സ഻ഥആനങ഻ങളഉം
Morpheme ഉന഻നഉ not at position 6, of wordform സ്ഥിതി, normalized സ഻ഥഇതഇ
Root യഊണഇവഏഴ഻സഇറ഻റഇ not at position 0, of wordform സ്റ്റാറ്റിസ്റ്റിക്സ്, normalized സ഻റ഻റആറ഻റഇസ഻റ഻റഇക഻സ഻
Root വയറ഻ not at position 0, of wordform സ്റ്റോറിലെ, normalized സ഻റ഻റഓറഇലഎ
Morpheme കള഻‍ not at position 9, of wordform സ്റ്റ്ലേഗഠായ്റ്റ്, normalized സ഻റ഻റ഻ലഏഗഠആയ഻റ഻റ഻
Morpheme കള഻‍ not at position 6, of wordform സ്ലൈഡ്സും, normalized സ഻ലഐഡ഻സഉം
Morpheme അര഻‍ not at position 8, of wordform സ്വദേശീയ൪, normalized സ഻വദഏശഈയ൪
Root കളഇ not at position 0, of wordform സ്വന്തം, normalized സ഻വന഻തം
Root കള഻‍ not at position 0, of wordform സ്വന്തം, normalized സ഻വന഻തം
Root മആസ not at position 0, of wordform സ്വാതന്ത്ര്യലബ്ധിക്ക്, normalized സ഻വആതന഻ത഻ര഻യലബ഻ധഇക഻ക഻
Root പൗരന഻മആര഻‍ not at position 0, of wordform ഹരിദ്വാര്‍, normalized ഹരഇദ഻വആര഻‍
Root മആര഻‍ not at position 0, of wordform ഹരിദ്വാര്‍, normalized ഹരഇദ഻വആര഻‍
Root helicopter not at position 0, of wordform ഹെലിോപ്റററുകള്‍, normalized ഹഎലഇഓപ഻റററഉകള഻‍
Root ചരഇത഻രസ഻മആരക not at position 0, of wordform ഹോട്ടലുളോ, normalized ഹഓട഻ടലഉളഓ
Root കള഻‍ not at position 0, of wordform ഹോട്ടലുളോ, normalized ഹഓട഻ടലഉളഓ
Root പഓര഻മഓണ഻ not at position 0, of wordform ഹോര്‍മോണുകളുടെ, normalized ഹഓര഻‍മഓണഉകളഉടഎ
Root തഓംസണ഻ഹഓളഇഡഏയ഻സ഻ not at position 0, of wordform ഹോളിഡേയ്സ്, normalized ഹഓളഇഡഏയ഻സ഻
Root ഉം not at position 0, of wordform ഹോളിഡേയ്സ്, normalized ഹഓളഇഡഏയ഻സ഻
Root ഹഓംസ഻റ഻റഡഉകളഇല഻‍ not at position 0, of wordform hറഡുകളില്‍, normalized hറഡഉകളഇല഻‍
