Suffix মে not at end of wordform অতিথিশালায়, af: ['অতিথিশালা', 'n', '', 'sg', '', 'd', 'মে', 'মে']
Suffix নে not at end of wordform আছি, af: ['আছ', 'v', '', '', '1', '', 'নে', 'নে']
Suffix মে not at end of wordform আটটা, af: ['আট', 'n', '', 'sg', '', 'd', 'মে', 'মে']
Suffix মে not at end of wordform আটটা, af: ['আট', 'n', '', 'sg', '', 'd', 'মে', 'মে']
Suffix মে not at end of wordform আটটায়, af: ['আট', 'n', '', 'sg', '', 'd', 'মে', 'মে']
Suffix এর not at end of wordform আমাদেরই, af: ['আমি', 'pn', '', 'pl', '', 'o', 'এর', 'এর']
Suffix কে not at end of wordform আমায়, af: ['আমি', 'pn', '', 'sg', '', 'd', 'কে', 'কে']
Suffix মে not at end of wordform আলোয়, af: ['আলো', 'n', '', 'sg', '', 'd', 'মে', 'মে']
Suffix মে not at end of wordform আশায়, af: ['আশা', 'n', '', 'sg', '', 'd', 'মে', 'মে']
Suffix বে not at end of wordform আসব, af: ['আস', 'v', '', '', '1', '', 'বে', 'বে']
Suffix বে not at end of wordform আসবেন, af: ['আস', 'v', '', '', '3', '', 'বে', 'বে']
Suffix আ not at end of wordform আসা, af: ['আস', 'v', '', '', 'any', '', 'আ', 'আ']
Suffix আ not at end of wordform আসা, af: ['আস', 'v', '', '', 'any', '', 'আ', 'আ']
Suffix ক not at end of wordform আসুন, af: ['আস', 'v', '', '', '2', '', 'ক', 'ক']
Suffix মে not at end of wordform আস্তানায়, af: ['আস্তানা', 'n', '', 'sg', '', 'd', 'মে', 'মে']
Suffix মে not at end of wordform ইশারায়, af: ['ইশারা', 'n', '', 'sg', '', 'd', 'মে', 'মে']
Suffix ল not at end of wordform উঠলাম, af: ['উঠ', 'v', '', '', '1', '', 'ল', 'ল']
Suffix ল not at end of wordform উঠলাম, af: ['উঠ', 'v', '', '', '1', '', 'ল', 'ল']
Suffix মে not at end of wordform উত্তরদিকেই, af: ['উত্তরদিক', 'n', '', 'sg', '', 'd', 'মে', 'মে']
Suffix মে not at end of wordform উত্তেজনায়, af: ['উত্তেজনা', 'n', '', 'sg', '', 'd', 'মে', 'মে']
Suffix মে not at end of wordform এখনও, af: ['এখন', 'pn', '', '', '', 'd', 'মে', 'মে']
Suffix মে not at end of wordform এখনও, af: ['এখন', 'pn', '', '', '', 'd', 'মে', 'মে']
Suffix মে not at end of wordform এখনি, af: ['এখন', 'pn', '', '', '', 'd', 'মে', 'মে']
Suffix মে not at end of wordform এখান, af: ['এখান', 'pn', '', '', '', 'd', 'মে', 'মে']
Suffix মে not at end of wordform এখানেই, af: ['এখানে', 'pn', '', '', '', 'd', 'মে', 'মে']
Suffix মে not at end of wordform এখানেই, af: ['এখানে', 'pn', '', '', '', 'd', 'মে', 'মে']
Suffix এছে not at end of wordform এসেছি, af: ['আস', 'v', '', '', '1', '', 'এছে', 'এছে']
Suffix মে not at end of wordform ওইদিকেই, af: ['ওইদিক', 'n', '', 'sg', '', 'd', 'মে', 'মে']
Suffix মে not at end of wordform ওপরেই, af: ['ওপর', 'n', '', 'sg', '', 'd', 'মে', 'মে']
Suffix মে not at end of wordform কখন, af: ['কখন', 'pn', '', '', '', 'd', 'মে', 'মে']
Suffix মে not at end of wordform কখনই, af: ['কখন', 'pn', '', '', '', 'd', 'মে', 'মে']
Suffix মে not at end of wordform কখনও, af: ['কখন', 'pn', '', '', '', 'd', 'মে', 'মে']
Suffix মে not at end of wordform কখনও, af: ['কখন', 'pn', '', '', '', 'd', 'মে', 'মে']
Suffix মে not at end of wordform কখনও, af: ['কখন', 'pn', '', '', '', 'd', 'মে', 'মে']
Suffix মে not at end of wordform কথায়, af: ['কথা', 'n', '', 'sg', '', 'd', 'মে', 'মে']
Suffix মে not at end of wordform কথায়, af: ['কথা', 'n', '', 'sg', '', 'd', 'মে', 'মে']
Suffix ত not at end of wordform কমতে, af: ['কম', 'v', '', '', '2', '', 'ত', 'ত']
Suffix নে not at end of wordform কর, af: ['কর', 'v', '', '', '2', '', 'নে', 'নে']
Suffix ছে not at end of wordform করছি, af: ['কর', 'v', '', '', '1', '', 'ছে', 'ছে']
Suffix ত not at end of wordform করতে, af: ['কর', 'v', '', '', '2', '', 'ত', 'ত']
Suffix ত not at end of wordform করতে, af: ['কর', 'v', '', '', '2', '', 'ত', 'ত']
Suffix ত not at end of wordform করতে, af: ['কর', 'v', '', '', '2', '', 'ত', 'ত']
Suffix ত not at end of wordform করতে, af: ['কর', 'v', '', '', '2', '', 'ত', 'ত']
Suffix বে not at end of wordform করব, af: ['কর', 'v', '', '', '1', '', 'বে', 'বে']
Suffix বে not at end of wordform করবেন, af: ['কর', 'v', '', '', '3', '', 'বে', 'বে']
Suffix ল not at end of wordform করলাম, af: ['কর', 'v', '', '', '1', '', 'ল', 'ল']
Suffix ল not at end of wordform করলেন, af: ['কর', 'v', '', '', '2', '', 'ল', 'ল']
Suffix ল not at end of wordform করলেন, af: ['কর', 'v', '', '', '3', '', 'ল', 'ল']
Suffix আ not at end of wordform করা, af: ['কর', 'v', '', '', 'any', '', 'আ', 'আ']
Suffix আ not at end of wordform করা, af: ['কর', 'v', '', '', 'any', '', 'আ', 'আ']
Suffix আ not at end of wordform করা, af: ['কর', 'v', '', '', 'any', '', 'আ', 'আ']
Suffix আ not at end of wordform করা, af: ['কর', 'v', '', '', 'any', '', 'আ', 'আ']
Suffix আ not at end of wordform করা, af: ['কর', 'v', '', '', 'any', '', 'আ', 'আ']
Suffix ক not at end of wordform করা, af: ['করা', 'v', '', '', '2', '', 'ক', 'ক']
Suffix নে not at end of wordform করি, af: ['কর', 'v', '', '', '1', '', 'নে', 'নে']
Suffix এছে not at end of wordform করেছ, af: ['কর', 'v', '', '', '2', '', 'এছে', 'এছে']
Suffix এছে not at end of wordform করেছি, af: ['কর', 'v', '', '', '1', '', 'এছে', 'এছে']
Suffix এছিল not at end of wordform করেছিলাম, af: ['কর', 'v', '', '', '1', '', 'এছিল', 'এছিল']
Suffix এছিল not at end of wordform করেছিলেন, af: ['কর', 'v', '', '', '2', '', 'এছিল', 'এছিল']
Suffix এছিল not at end of wordform করেছিলেন, af: ['কর', 'v', '', '', '3', '', 'এছিল', 'এছিল']
Suffix নে not at end of wordform করেন, af: ['কর', 'v', '', '', '3', '', 'নে', 'নে']
Suffix ক not at end of wordform করো, af: ['কর', 'v', '', '', '2', '', 'ক', 'ক']
Suffix কে not at end of wordform কর্মীদের, af: ['কর্মী', 'n', '', 'pl', '', 'o', 'কে', 'কে']
Suffix মে not at end of wordform কলকাতায়, af: ['কলকাতা', 'n', '', 'sg', '', 'd', 'মে', 'মে']
Suffix মে not at end of wordform কাঁটায়, af: ['কাঁটা', 'n', '', 'sg', '', 'd', 'মে', 'মে']
Suffix মে not at end of wordform কাঁটায়, af: ['কাঁটা', 'n', '', 'sg', '', 'd', 'মে', 'মে']
Suffix মে not at end of wordform কাছেই, af: ['কাছ', 'n', '', 'sg', '', 'd', 'মে', 'মে']
Suffix মে not at end of wordform কাছেই, af: ['কাছ', 'n', '', 'sg', '', 'd', 'মে', 'মে']
Suffix আ not at end of wordform কাটা, af: ['কাট', 'v', '', '', 'any', '', 'আ', 'আ']
Suffix আ not at end of wordform কাটানো, af: ['কাটা', 'v', '', '', 'any', '', 'আ', 'আ']
Suffix ল not at end of wordform কাটালাম, af: ['কাটা', 'v', '', '', '1', '', 'ল', 'ল']
Suffix মে not at end of wordform কাদায়, af: ['কাদা', 'n', '', 'sg', '', 'd', 'মে', 'মে']
Suffix মে not at end of wordform কারণেই, af: ['কারণ', 'n', '', 'sg', '', 'd', 'মে', 'মে']
Suffix মে not at end of wordform কায়দায়, af: ['কায়দা', 'n', '', 'sg', '', 'd', 'মে', 'মে']
Suffix ভেও not at end of wordform কিনেওছিলাম, af: ['কিনা', 'v', '', '', 'any', '', 'ভেও', 'ভেও']
Suffix ক not at end of wordform কিনো, af: ['কিন', 'v', '', '', '2', '', 'ক', 'ক']
Suffix মে not at end of wordform কুয়াশায়, af: ['কুয়াশা', 'n', '', 'sg', '', 'd', 'মে', 'মে']
Suffix ক not at end of wordform কেনা, af: ['কেনা', 'v', '', '', '2', '', 'ক', 'ক']
Suffix মে not at end of wordform ক্যামেরায়, af: ['ক্যামেরা', 'n', '', 'sg', '', 'd', 'মে', 'মে']
Suffix মে not at end of wordform ক্ষুধায়, af: ['ক্ষুধা', 'n', '', 'sg', '', 'd', 'মে', 'মে']
Suffix নে not at end of wordform খাও, af: ['খা', 'v', '', '', '2', '', 'নে', 'নে']
Suffix নে not at end of wordform খাও, af: ['খা', 'v', '', '', '2', '', 'নে', 'নে']
Suffix আ not at end of wordform খাওয়া, af: ['খা', 'v', '', '', 'any', '', 'আ', 'আ']
Suffix ক not at end of wordform খাওয়া, af: ['খাওয়া', 'v', '', '', '2', '', 'ক', 'ক']
Suffix ক not at end of wordform খান, af: ['খা', 'v', '', '', '3', '', 'ক', 'ক']
Suffix বে not at end of wordform খাব, af: ['খা', 'v', '', '', '1', '', 'বে', 'বে']
Suffix বে not at end of wordform খাবেন, af: ['খা', 'v', '', '', '3', '', 'বে', 'বে']
Suffix নে not at end of wordform খায়, af: ['খা', 'v', '', '', '3', '', 'নে', 'নে']
Suffix ছিল not at end of wordform খুঁজছিলাম, af: ['খুঁজ', 'v', '', '', '1', '', 'ছিল', 'ছিল']
Suffix ত not at end of wordform খেতে, af: ['খা', 'v', '', '', '2', '', 'ত', 'ত']
Suffix ল not at end of wordform খেলাম, af: ['খা', 'v', '', '', '1', '', 'ল', 'ল']
Suffix আ not at end of wordform খোলা, af: ['খুল', 'v', '', '', 'any', '', 'আ', 'আ']
Suffix নে not at end of wordform খোলেন, af: ['খুল', 'v', '', '', '2', '', 'নে', 'নে']
Suffix মে not at end of wordform গলায়, af: ['গলা', 'n', '', 'sg', '', 'd', 'মে', 'মে']
Suffix মে not at end of wordform গাছপালায়, af: ['গাছপালা', 'n', '', 'sg', '', 'd', 'মে', 'মে']
Suffix মে not at end of wordform গাছেই, af: ['গাছ', 'n', '', 'sg', '', 'd', 'মে', 'মে']
Suffix নে not at end of wordform গাড়ি, af: ['গাড়ি', 'v', '', '', '2', '', 'নে', 'নে']
Suffix এছে not at end of wordform গিয়েছি, af: ['যা', 'v', '', '', '1', '', 'এছে', 'এছে']
Suffix এছিল not at end of wordform গিয়েছিলাম, af: ['যা', 'v', '', '', '1', '', 'এছিল', 'এছিল']
Suffix ল not at end of wordform গেলাম, af: ['যা', 'v', '', '', '1', '', 'ল', 'ল']
Suffix মে not at end of wordform গোটাতেই, af: ['গোটা', 'n', '', 'sg', '', 'd', 'মে', 'মে']
Suffix মে not at end of wordform ঘন্টায়, af: ['ঘন্টা', 'n', '', 'sg', '', 'd', 'মে', 'মে']
Suffix মে not at end of wordform ঘরেই, af: ['ঘর', 'n', '', 'sg', '', 'd', 'মে', 'মে']
Suffix নে not at end of wordform চল, af: ['চল', 'v', '', '', '2', '', 'নে', 'নে']
Suffix ত not at end of wordform চলতে, af: ['চল', 'v', '', '', '2', '', 'ত', 'ত']
Suffix ল not at end of wordform চললাম, af: ['চল', 'v', '', '', '1', '', 'ল', 'ল']
Suffix ল not at end of wordform চললাম, af: ['চল', 'v', '', '', '1', '', 'ল', 'ল']
Suffix আ not at end of wordform চলা, af: ['চল', 'v', '', '', 'any', '', 'আ', 'আ']
Suffix এছে not at end of wordform চলেছি, af: ['চল', 'v', '', '', '1', '', 'এছে', 'এছে']
Suffix নে not at end of wordform চাই, af: ['চা', 'v', '', '', '1', '', 'নে', 'নে']
Suffix ল not at end of wordform চাইলাম, af: ['চা', 'v', '', '', '1', '', 'ল', 'ল']
Suffix ক not at end of wordform চাপা, af: ['চাপা', 'v', '', '', '2', '', 'ক', 'ক']
Suffix বে not at end of wordform চাবি, af: ['চা', 'v', '', '', '2', '', 'বে', 'বে']
Suffix মে not at end of wordform চারদিক, af: ['চারদিক', 'n', '', 'sg', '', 'd', 'মে', 'মে']
Suffix মে not at end of wordform চারদিকেই, af: ['চারদিক', 'n', '', 'sg', '', 'd', 'মে', 'মে']
Suffix নে not at end of wordform চায়, af: ['চা', 'v', '', '', '3', '', 'নে', 'নে']
Suffix এর not at end of wordform চায়েরই, af: ['চা', 'n', '', 'sg', '', 'o', 'এর', 'এর']
Suffix বে not at end of wordform চিনব, af: ['চিন', 'v', '', '', '1', '', 'বে', 'বে']
Suffix মে not at end of wordform চেষ্টায়, af: ['চেষ্টা', 'n', '', 'sg', '', 'd', 'মে', 'মে']
Suffix ত not at end of wordform চড়তে, af: ['চড়', 'v', '', '', '2', '', 'ত', 'ত']
Suffix মে not at end of wordform ছটায়, af: ['ছটা', 'n', '', 'sg', '', 'd', 'মে', 'মে']
Suffix ত not at end of wordform ছুটতে, af: ['ছুট', 'v', '', '', '2', '', 'ত', 'ত']
Suffix ত not at end of wordform ছুটতে, af: ['ছুট', 'v', '', '', '2', '', 'ত', 'ত']
Suffix কে not at end of wordform জঙ্গলকেই, af: ['জঙ্গল', 'n', '', 'sg', '', 'd', 'কে', 'কে']
Suffix মে not at end of wordform জঙ্গলেই, af: ['জঙ্গল', 'n', '', 'sg', '', 'd', 'মে', 'মে']
Suffix ল not at end of wordform জমালাম, af: ['জমা', 'v', '', '', '1', '', 'ল', 'ল']
Suffix কে not at end of wordform জলধারাকেও, af: ['জলধারা', 'n', '', 'sg', '', 'd', 'কে', 'কে']
Suffix বে not at end of wordform জানব, af: ['জান', 'v', '', '', '1', '', 'বে', 'বে']
Suffix ল not at end of wordform জানলাম, af: ['জান', 'v', '', '', '1', '', 'ল', 'ল']
Suffix আ not at end of wordform জানা, af: ['জান', 'v', '', '', 'any', '', 'আ', 'আ']
Suffix ক not at end of wordform জানা, af: ['জানা', 'v', '', '', '2', '', 'ক', 'ক']
Suffix ল not at end of wordform জানালেন, af: ['জানা', 'v', '', '', '3', '', 'ল', 'ল']
Suffix নে not at end of wordform জানি, af: ['জান', 'v', '', '', '1', '', 'নে', 'নে']
Suffix মে not at end of wordform জায়গায়, af: ['জায়গা', 'n', '', 'sg', '', 'd', 'মে', 'মে']
Suffix এছে not at end of wordform জেনেছি, af: ['জান', 'v', '', '', '1', '', 'এছে', 'এছে']
Suffix মে not at end of wordform ঝটকায়, af: ['ঝটকা', 'n', '', 'sg', '', 'd', 'মে', 'মে']
Suffix মে not at end of wordform ঝোরায়, af: ['ঝোরা', 'n', '', 'sg', '', 'd', 'মে', 'মে']
Suffix ক not at end of wordform টাটা, af: ['টাটা', 'v', '', '', '2', '', 'ক', 'ক']
Suffix ল not at end of wordform টিপলাম, af: ['টিপ', 'v', '', '', '1', '', 'ল', 'ল']
Suffix বে not at end of wordform ঠকবেন, af: ['ঠক', 'v', '', '', '3', '', 'বে', 'বে']
Suffix মে not at end of wordform ঠিকানায়, af: ['ঠিকানা', 'n', '', 'sg', '', 'd', 'মে', 'মে']
Suffix মে not at end of wordform ঠিকানায়, af: ['ঠিকানা', 'n', '', 'sg', '', 'd', 'মে', 'মে']
Suffix ত not at end of wordform ঠেলতে, af: ['ঠেল', 'v', '', '', '2', '', 'ত', 'ত']
Suffix মে not at end of wordform ডাঁটেই, af: ['ডাঁট', 'n', '', 'sg', '', 'd', 'মে', 'মে']
Suffix ক not at end of wordform ঢাকা, af: ['ঢাকা', 'v', '', '', '2', '', 'ক', 'ক']
Suffix আ not at end of wordform ঢাকা, af: ['ঢাক', 'v', '', '', 'any', '', 'আ', 'আ']
Suffix ক not at end of wordform ঢাকা, af: ['ঢাকা', 'v', '', '', '2', '', 'ক', 'ক']
Suffix ত not at end of wordform ঢালতে, af: ['ঢাল', 'v', '', '', '2', '', 'ত', 'ত']
Suffix ত not at end of wordform ঢুকতে, af: ['ঢুক', 'v', '', '', '2', '', 'ত', 'ত']
Suffix ল not at end of wordform ঢুকলাম, af: ['ঢুক', 'v', '', '', '1', '', 'ল', 'ল']
Suffix এছে not at end of wordform ঢুকেছি, af: ['ঢুক', 'v', '', '', '1', '', 'এছে', 'এছে']
Suffix মে not at end of wordform তখনই, af: ['তখন', 'pn', '', '', '', 'd', 'মে', 'মে']
Suffix মে not at end of wordform তখনও, af: ['তখন', 'pn', '', '', '', 'd', 'মে', 'মে']
Suffix মে not at end of wordform তলায়, af: ['তলা', 'n', '', 'sg', '', 'd', 'মে', 'মে']
Suffix ত not at end of wordform তাকাতে, af: ['তাকা', 'v', '', '', '2', '', 'ত', 'ত']
Suffix এর not at end of wordform তারই, af: ['সে', 'pn', '', 'sg', '', 'o', 'এর', 'এর']
Suffix মে not at end of wordform তারায়, af: ['তারা', 'n', '', 'sg', '', 'd', 'মে', 'মে']
Suffix ত not at end of wordform তুলতে, af: ['তুল', 'v', '', '', '2', '', 'ত', 'ত']
Suffix ত not at end of wordform তুলতে, af: ['তুল', 'v', '', '', '2', '', 'ত', 'ত']
Suffix ক not at end of wordform তুলুন, af: ['তুল', 'v', '', '', '3', '', 'ক', 'ক']
Suffix কে not at end of wordform তোমাকেই, af: ['তুমি', 'pn', '', 'sg', '', 'd', 'কে', 'কে']
Suffix নে not at end of wordform তোল, af: ['তুল', 'v', '', '', '2', '', 'নে', 'নে']
Suffix নে not at end of wordform তোল, af: ['তুল', 'v', '', '', '2', '', 'নে', 'নে']
Suffix আ not at end of wordform তোলা, af: ['তুল', 'v', '', '', 'any', '', 'আ', 'আ']
Suffix ক not at end of wordform তোলাও, af: ['তোলা', 'v', '', '', '2', '', 'ক', 'ক']
Suffix ত not at end of wordform থাকতে, af: ['থাক', 'v', '', '', '2', '', 'ত', 'ত']
Suffix বে not at end of wordform থাকব, af: ['আছ', 'v', '', '', '1', '', 'বে', 'বে']
Suffix বে not at end of wordform থাকব, af: ['থাক', 'v', '', '', '1', '', 'বে', 'বে']
Suffix বে not at end of wordform থাকবেন, af: ['থাক', 'v', '', '', '2', '', 'বে', 'বে']
Suffix বে not at end of wordform থাকবেন, af: ['থাক', 'v', '', '', '2', '', 'বে', 'বে']
Suffix আ not at end of wordform থাকা, af: ['থাক', 'v', '', '', 'any', '', 'আ', 'আ']
Suffix আ not at end of wordform থাকা, af: ['থাক', 'v', '', '', 'any', '', 'আ', 'আ']
Suffix আ not at end of wordform থাকা, af: ['থাক', 'v', '', '', 'any', '', 'আ', 'আ']
Suffix ক not at end of wordform থাকা, af: ['থাকা', 'v', '', '', '2', '', 'ক', 'ক']
Suffix মে not at end of wordform দফায়, af: ['দফা', 'n', '', 'sg', '', 'd', 'মে', 'মে']
Suffix মে not at end of wordform দফায়, af: ['দফা', 'n', '', 'sg', '', 'd', 'মে', 'মে']
Suffix মে not at end of wordform দরজায়, af: ['দরজা', 'n', '', 'sg', '', 'd', 'মে', 'মে']
Suffix মে not at end of wordform দশটায়, af: ['দশ', 'n', '', 'sg', '', 'd', 'মে', 'মে']
Suffix ল not at end of wordform দাঁড়ালাম, af: ['দাড়া', 'v', '', '', '1', '', 'ল', 'ল']
Suffix ত not at end of wordform দিতে, af: ['দে', 'v', '', '', '2', '', 'ত', 'ত']
Suffix ত not at end of wordform দিতে, af: ['দে', 'v', '', '', '2', '', 'ত', 'ত']
Suffix ল not at end of wordform দিলাম, af: ['দে', 'v', '', '', '1', '', 'ল', 'ল']
Suffix ক not at end of wordform দে, af: ['দে', 'v', '', '', '2', '', 'ক', 'ক']
Suffix আ not at end of wordform দেওয়া, af: ['দে', 'v', '', '', 'any', '', 'আ', 'আ']
Suffix আ not at end of wordform দেওয়া, af: ['দে', 'v', '', '', 'any', '', 'আ', 'আ']
Suffix ছে not at end of wordform দেখছি, af: ['দেখ', 'v', '', '', '1', '', 'ছে', 'ছে']
Suffix ছে not at end of wordform দেখছি, af: ['দেখ', 'v', '', '', '1', '', 'ছে', 'ছে']
Suffix ত not at end of wordform দেখতে, af: ['দেখ', 'v', '', '', '2', '', 'ত', 'ত']
Suffix ত not at end of wordform দেখতে, af: ['দেখ', 'v', '', '', '2', '', 'ত', 'ত']
Suffix ত not at end of wordform দেখতে, af: ['দেখ', 'v', '', '', '2', '', 'ত', 'ত']
Suffix ত not at end of wordform দেখতে, af: ['দেখ', 'v', '', '', '2', '', 'ত', 'ত']
Suffix ল not at end of wordform দেখলাম, af: ['দেখ', 'v', '', '', '1', '', 'ল', 'ল']
Suffix আ not at end of wordform দেখা, af: ['দেখ', 'v', '', '', 'any', '', 'আ', 'আ']
Suffix আ not at end of wordform দেখা, af: ['দেখ', 'v', '', '', 'any', '', 'আ', 'আ']
Suffix ক not at end of wordform দেখা, af: ['দেখা', 'v', '', '', '2', '', 'ক', 'ক']
Suffix ল not at end of wordform দেখালেন, af: ['দেখা', 'v', '', '', '3', '', 'ল', 'ল']
Suffix ক not at end of wordform দেখি, af: ['দেখ', 'v', '', '', '1', '', 'ক', 'ক']
Suffix ক not at end of wordform দেখুন, af: ['দেখ', 'v', '', '', '2', '', 'ক', 'ক']
Suffix ক not at end of wordform দেখুন, af: ['দেখ', 'v', '', '', '3', '', 'ক', 'ক']
Suffix এছে not at end of wordform দেখেছি, af: ['দেখ', 'v', '', '', '1', '', 'এছে', 'এছে']
Suffix এছিল not at end of wordform দেখেছিলাম, af: ['দেখ', 'v', '', '', '1', '', 'এছিল', 'এছিল']
Suffix ক not at end of wordform দেখো, af: ['দেখ', 'v', '', '', '2', '', 'ক', 'ক']
Suffix বে not at end of wordform দেবেন, af: ['দে', 'v', '', '', '3', '', 'বে', 'বে']
Suffix মে not at end of wordform দেশেই, af: ['দেশ', 'n', '', 'sg', '', 'd', 'মে', 'মে']
Suffix ভে not at end of wordform দৌড়, af: ['দৌড়', 'v', '', '', 'any', '', 'ভে', 'ভে']
Suffix ক not at end of wordform ধর, af: ['ধর', 'v', '', '', '2', '', 'ক', 'ক']
Suffix ক not at end of wordform ধর, af: ['ধর', 'v', '', '', '2', '', 'ক', 'ক']
Suffix ত not at end of wordform ধরতে, af: ['ধর', 'v', '', '', '2', '', 'ত', 'ত']
Suffix বে not at end of wordform ধরব, af: ['ধর', 'v', '', '', '1', '', 'বে', 'বে']
Suffix ল not at end of wordform ধরলাম, af: ['ধর', 'v', '', '', '1', '', 'ল', 'ল']
Suffix ল not at end of wordform ধরলাম, af: ['ধর', 'v', '', '', '1', '', 'ল', 'ল']
Suffix নে not at end of wordform ধরাই, af: ['ধরা', 'v', '', '', '1', '', 'নে', 'নে']
Suffix ক not at end of wordform ধরুন, af: ['ধর', 'v', '', '', '2', '', 'ক', 'ক']
Suffix ক not at end of wordform ধাওয়া, af: ['ধাওয়া', 'v', '', '', '2', '', 'ক', 'ক']
Suffix মে not at end of wordform ধারায়, af: ['ধারা', 'n', '', 'sg', '', 'd', 'মে', 'মে']
Suffix মে not at end of wordform ধারেই, af: ['ধার', 'n', '', 'sg', '', 'd', 'মে', 'মে']
Suffix য় not at end of wordform নন, af: ['না', 'v', '', '', '2', '', 'য়', 'য়']
Suffix য় not at end of wordform নন, af: ['না', 'v', '', '', '3', '', 'য়', 'য়']
Suffix আ not at end of wordform না, af: ['দেখ', 'v', '', '', 'any', '', 'আ', 'আ']
Suffix নে not at end of wordform নাও, af: ['নে', 'v', '', '', '2', '', 'নে', 'নে']
Suffix বে not at end of wordform নামব, af: ['নাম', 'v', '', '', '1', '', 'বে', 'বে']
Suffix ল not at end of wordform নামলাম, af: ['নাম', 'v', '', '', '1', '', 'ল', 'ল']
Suffix ত not at end of wordform নিতাম, af: ['নে', 'v', '', '', '1', '', 'ত', 'ত']
Suffix ত not at end of wordform নিতে, af: ['নে', 'v', '', '', '2', '', 'ত', 'ত']
Suffix ল not at end of wordform নিলাম, af: ['নে', 'v', '', '', '1', '', 'ল', 'ল']
Suffix ল not at end of wordform নিলাম, af: ['নে', 'v', '', '', '1', '', 'ল', 'ল']
Suffix এছে not at end of wordform নিয়েছি, af: ['নে', 'v', '', '', '1', '', 'এছে', 'এছে']
Suffix এছে not at end of wordform নিয়েছি, af: ['নে', 'v', '', '', '1', '', 'এছে', 'এছে']
Suffix মে not at end of wordform নীলিমায়, af: ['নীলিমা', 'n', '', 'sg', '', 'd', 'মে', 'মে']
Suffix নি not at end of wordform নেই, af: ['না', 'v', '', '', 'any', '', 'নি', 'নি']
Suffix নি not at end of wordform নেই, af: ['না', 'v', '', '', 'any', '', 'নি', 'নি']
Suffix নি not at end of wordform নেই, af: ['না', 'v', '', '', 'any', '', 'নি', 'নি']
Suffix নি not at end of wordform নেই, af: ['না', 'v', '', '', 'any', '', 'নি', 'নি']
Suffix নি not at end of wordform নেই, af: ['না', 'v', '', '', 'any', '', 'নি', 'নি']
Suffix বে not at end of wordform নেবেন, af: ['নে', 'v', '', '', '3', '', 'বে', 'বে']
Suffix ক not at end of wordform নেমো, af: ['নাম', 'v', '', '', '2', '', 'ক', 'ক']
Suffix মে not at end of wordform পথ, af: ['পথ', 'n', '', 'sg', '', 'd', 'মে', 'মে']
Suffix মে not at end of wordform পথেই, af: ['পথ', 'n', '', 'sg', '', 'd', 'মে', 'মে']
Suffix ত not at end of wordform পরতে, af: ['পর', 'v', '', '', '2', '', 'ত', 'ত']
Suffix মে not at end of wordform পরেই, af: ['পর', 'n', '', 'sg', '', 'd', 'মে', 'মে']
Suffix মে not at end of wordform পাঁচটায়, af: ['পাঁচটা', 'n', '', 'sg', '', 'd', 'মে', 'মে']
Suffix নে not at end of wordform পাই, af: ['পা', 'v', '', '', '1', '', 'নে', 'নে']
Suffix আ not at end of wordform পাওয়া, af: ['পা', 'v', '', '', 'any', '', 'আ', 'আ']
Suffix আ not at end of wordform পাওয়া, af: ['পা', 'v', '', '', 'any', '', 'আ', 'আ']
Suffix আ not at end of wordform পাওয়া, af: ['পা', 'v', '', '', 'any', '', 'আ', 'আ']
Suffix আ not at end of wordform পাওয়া, af: ['পা', 'v', '', '', 'any', '', 'আ', 'আ']
Suffix মে not at end of wordform পাখায়, af: ['পাখা', 'n', '', 'sg', '', 'd', 'মে', 'মে']
Suffix ছে not at end of wordform পাচ্ছি, af: ['পা', 'v', '', '', '1', '', 'ছে', 'ছে']
Suffix এছে not at end of wordform পাঠিয়েছি, af: ['পাঠা', 'v', '', '', '1', '', 'এছে', 'এছে']
Suffix কে not at end of wordform পাতাগুলিকেই, af: ['পাতা', 'n', '', 'pl', '', 'd', 'কে', 'কে']
Suffix ক not at end of wordform পান, af: ['পা', 'v', '', '', '3', '', 'ক', 'ক']
Suffix বে not at end of wordform পাব, af: ['পা', 'v', '', '', '1', '', 'বে', 'বে']
Suffix বে not at end of wordform পাবেন, af: ['পা', 'v', '', '', '2', '', 'বে', 'বে']
Suffix বে not at end of wordform পাবেন, af: ['পা', 'v', '', '', '3', '', 'বে', 'বে']
Suffix ক not at end of wordform পার, af: ['পার', 'v', '', '', '2', '', 'ক', 'ক']
Suffix নে not at end of wordform পার, af: ['পার', 'v', '', '', '2', '', 'নে', 'নে']
Suffix বে not at end of wordform পারব, af: ['পার', 'v', '', '', '1', '', 'বে', 'বে']
Suffix মে not at end of wordform পাশেই, af: ['পাশ', 'n', '', 'sg', '', 'd', 'মে', 'মে']
Suffix ক not at end of wordform পাড়ি, af: ['পাড়', 'v', '', '', '1', '', 'ক', 'ক']
Suffix মে not at end of wordform পিছনেই, af: ['পিছন', 'n', '', 'sg', '', 'd', 'মে', 'মে']
Suffix ল not at end of wordform পেলাম, af: ['পা', 'v', '', '', '1', '', 'ল', 'ল']
Suffix এছিল not at end of wordform পেয়েছিলাম, af: ['পা', 'v', '', '', '1', '', 'এছিল', 'এছিল']
Suffix ত not at end of wordform পৌঁছতে, af: ['পৌঁছ', 'v', '', '', '2', '', 'ত', 'ত']
Suffix ত not at end of wordform পৌঁছতে, af: ['পৌঁছ', 'v', '', '', '2', '', 'ত', 'ত']
Suffix বে not at end of wordform পৌঁছব, af: ['পৌঁছ', 'v', '', '', '1', '', 'বে', 'বে']
Suffix এছিল not at end of wordform পৌঁছেছিলাম, af: ['পৌঁছ', 'v', '', '', '1', '', 'এছিল', 'এছিল']
Suffix মে not at end of wordform প্যাকেটেই, af: ['প্যাকেট', 'n', '', 'sg', '', 'd', 'মে', 'মে']
Suffix মে not at end of wordform প্রতিযোগিতায়, af: ['প্রতিযোগিতা', 'n', '', 'sg', '', 'd', 'মে', 'মে']
Suffix মে not at end of wordform প্রদেশেই, af: ['প্রদেশ', 'n', '', 'sg', '', 'd', 'মে', 'মে']
Suffix মে not at end of wordform প্রয়োজনেই, af: ['প্রয়োজন', 'n', '', 'sg', '', 'd', 'মে', 'মে']
Suffix ল not at end of wordform পড়লাম, af: ['পড়', 'v', '', '', '1', '', 'ল', 'ল']
Suffix আ not at end of wordform পড়া, af: ['পড়', 'v', '', '', 'any', '', 'আ', 'আ']
Suffix মে not at end of wordform ফরাসিতেও, af: ['ফরাসি', 'n', '', 'sg', '', 'd', 'মে', 'মে']
Suffix মে not at end of wordform ফাঁকেই, af: ['ফাঁক', 'n', '', 'sg', '', 'd', 'মে', 'মে']
Suffix ছে not at end of wordform ফিরছি, af: ['ফির', 'v', '', '', '1', '', 'ছে', 'ছে']
Suffix ক not at end of wordform ফিরিসিপ্ট, af: ['ফিরিসিপ্ট\u200b', 'v', '', '', '1', '', 'ক', 'ক']
Suffix ল not at end of wordform ফেললাম, af: ['ফেল', 'v', '', '', '1', '', 'ল', 'ল']
Suffix ত not at end of wordform বলতে, af: ['বল', 'v', '', '', '2', '', 'ত', 'ত']
Suffix ত not at end of wordform বলতে, af: ['বল', 'v', '', '', '2', '', 'ত', 'ত']
Suffix বে not at end of wordform বলব, af: ['বল', 'v', '', '', '1', '', 'বে', 'বে']
Suffix ল not at end of wordform বললাম, af: ['বল', 'v', '', '', '1', '', 'ল', 'ল']
Suffix ল not at end of wordform বললেন, af: ['বল', 'v', '', '', '2', '', 'ল', 'ল']
Suffix ল not at end of wordform বললেন, af: ['বল', 'v', '', '', '3', '', 'ল', 'ল']
Suffix আ not at end of wordform বলা, af: ['বল', 'v', '', '', 'any', '', 'আ', 'আ']
Suffix ক not at end of wordform বলা, af: ['বলা', 'v', '', '', '2', '', 'ক', 'ক']
Suffix ক not at end of wordform বলুন, af: ['বল', 'v', '', '', '2', '', 'ক', 'ক']
Suffix ল not at end of wordform বলে, af: ['ব', 'v', '', '', '2', '', 'ল', 'ল']
Suffix এছে not at end of wordform বলেছি, af: ['বল', 'v', '', '', '1', '', 'এছে', 'এছে']
Suffix এছিল not at end of wordform বলেছিলেন, af: ['বল', 'v', '', '', '3', '', 'এছিল', 'এছিল']
Suffix ল not at end of wordform বলেন, af: ['ব', 'v', '', '', '3', '', 'ল', 'ল']
Suffix ল not at end of wordform বলো, af: ['ব', 'v', '', '', '3', '', 'ল', 'ল']
Suffix ল not at end of wordform বসলাম, af: ['বস', 'v', '', '', '1', '', 'ল', 'ল']
Suffix আ not at end of wordform বাঁধা, af: ['বাঁধ', 'v', '', '', 'any', '', 'আ', 'আ']
Suffix ক not at end of wordform বাঁধা, af: ['বাঁধা', 'v', '', '', '2', '', 'ক', 'ক']
Suffix মে not at end of wordform বাংলোয়, af: ['বাংলো', 'n', '', 'sg', '', 'd', 'মে', 'মে']
Suffix কে not at end of wordform বাঙালিদের, af: ['বাঙালি', 'n', '', 'pl', '', 'o', 'কে', 'কে']
Suffix ক not at end of wordform বাজান, af: ['বাজা', 'v', '', '', '3', '', 'ক', 'ক']
Suffix কে not at end of wordform বাসস্থানেরও, af: ['বাসস্থান', 'n', '', 'sg', '', 'o', 'কে', 'কে']
Suffix ত not at end of wordform বাড়তে, af: ['বাড়', 'v', '', '', '2', '', 'ত', 'ত']
Suffix ছে not at end of wordform বাড়াচ্ছ, af: ['বাড়া', 'v', '', '', '2', '', 'ছে', 'ছে']
Suffix মে not at end of wordform বিকেলেই, af: ['বিকেল', 'n', '', 'sg', '', 'd', 'মে', 'মে']
Suffix ক not at end of wordform বিদেশীদ্রব্য, af: ['হ', 'v', '', '', '2', '', 'ক', 'ক']
Suffix ত not at end of wordform বুঝতে, af: ['বুঝ', 'v', '', '', '2', '', 'ত', 'ত']
Suffix ক not at end of wordform বোঝা, af: ['বোঝা', 'v', '', '', '2', '', 'ক', 'ক']
Suffix ল not at end of wordform বোঝালাম, af: ['বোঝা', 'v', '', '', '1', '', 'ল', 'ল']
Suffix নে not at end of wordform বয়, af: ['ব', 'v', '', '', '3', '', 'নে', 'নে']
Suffix মে not at end of wordform ভঙ্গিমায়, af: ['ভঙ্গিমা', 'n', '', 'sg', '', 'd', 'মে', 'মে']
Suffix ক not at end of wordform ভরা, af: ['ভরা', 'v', '', '', '2', '', 'ক', 'ক']
Suffix ক not at end of wordform ভরা, af: ['ভরা', 'v', '', '', '2', '', 'ক', 'ক']
Suffix মে not at end of wordform ভাবনায়, af: ['ভাবনা', 'n', '', 'sg', '', 'd', 'মে', 'মে']
Suffix বে not at end of wordform ভাববেন, af: ['ভাব', 'v', '', '', '3', '', 'বে', 'বে']
Suffix ল not at end of wordform ভাবলাম, af: ['ভাব', 'v', '', '', '1', '', 'ল', 'ল']
Suffix মে not at end of wordform ভাষায়, af: ['ভাষা', 'n', '', 'sg', '', 'd', 'মে', 'মে']
Suffix বে not at end of wordform ভুলব, af: ['ভুল', 'v', '', '', '1', '', 'বে', 'বে']
Suffix মে not at end of wordform ভেতরেই, af: ['ভেতর', 'n', '', 'sg', '', 'd', 'মে', 'মে']
Suffix মে not at end of wordform মধ্যেই, af: ['মধ্য', 'n', '', 'sg', '', 'd', 'মে', 'মে']
Suffix মে not at end of wordform মনেই, af: ['মন', 'n', '', 'sg', '', 'd', 'মে', 'মে']
Suffix এর not at end of wordform মম, af: ['আমি', 'pn', '', 'sg', '', 'o', 'এর', 'এর']
Suffix মে not at end of wordform মস্কোয়, af: ['মস্কো', 'n', '', 'sg', '', 'd', 'মে', 'মে']
Suffix মে not at end of wordform মাঝেই, af: ['মাঝ', 'n', '', 'sg', '', 'd', 'মে', 'মে']
Suffix মে not at end of wordform মাথায়, af: ['মাথা', 'n', '', 'sg', '', 'd', 'মে', 'মে']
Suffix আ not at end of wordform মারা, af: ['মার', 'v', '', '', 'any', '', 'আ', 'আ']
Suffix মে not at end of wordform মেয়েটিই, af: ['মেয়ে', 'n', '', 'sg', '', 'd', 'মে', 'মে']
Suffix আ not at end of wordform যাওয়া, af: ['যা', 'v', '', '', 'any', '', 'আ', 'আ']
Suffix আ not at end of wordform যাওয়া, af: ['যা', 'v', '', '', 'any', '', 'আ', 'আ']
Suffix মে not at end of wordform যাত্রায়, af: ['যাত্রা', 'n', '', 'sg', '', 'd', 'মে', 'মে']
Suffix বে not at end of wordform যাব, af: ['যা', 'v', '', '', '1', '', 'বে', 'বে']
Suffix বে not at end of wordform যাবেন, af: ['যা', 'v', '', '', '2', '', 'বে', 'বে']
Suffix বে not at end of wordform যাবেন, af: ['যা', 'v', '', '', '3', '', 'বে', 'বে']
Suffix আ not at end of wordform যায়, af: ['পা', 'v', '', '', 'any', '', 'আ', 'আ']
Suffix ক not at end of wordform রসুন, af: ['রস', 'v', '', '', '3', '', 'ক', 'ক']
Suffix আ not at end of wordform রাখা, af: ['রাখ', 'v', '', '', 'any', '', 'আ', 'আ']
Suffix আ not at end of wordform রাখা, af: ['রাখ', 'v', '', '', 'any', '', 'আ', 'আ']
Suffix মে not at end of wordform রাশিয়ায়, af: ['রাশিয়া', 'n', '', 'sg', '', 'd', 'মে', 'মে']
Suffix মে not at end of wordform রাস্তায়, af: ['রাস্তা', 'n', '', 'sg', '', 'd', 'মে', 'মে']
Suffix নে not at end of wordform রয়েছেন, af: ['আছ', 'v', '', '', '2', '', 'নে', 'নে']
Suffix ক not at end of wordform লাগা, af: ['লাগা', 'v', '', '', '2', '', 'ক', 'ক']
Suffix ল not at end of wordform লাগালাম, af: ['লাগা', 'v', '', '', '1', '', 'ল', 'ল']
Suffix আ not at end of wordform লেখা, af: ['লিখ', 'v', '', '', 'any', '', 'আ', 'আ']
Suffix মে not at end of wordform লেখায়, af: ['লেখা', 'n', '', 'sg', '', 'd', 'মে', 'মে']
Suffix মে not at end of wordform শহরেও, af: ['শহর', 'n', '', 'sg', '', 'd', 'মে', 'মে']
Suffix মে not at end of wordform শিরায়, af: ['শিরা', 'n', '', 'sg', '', 'd', 'মে', 'মে']
Suffix ল not at end of wordform শুনলাম, af: ['শুন', 'v', '', '', '1', '', 'ল', 'ল']
Suffix এছে not at end of wordform শুনেছি, af: ['শুন', 'v', '', '', '1', '', 'এছে', 'এছে']
Suffix ক not at end of wordform শোনা, af: ['শোনা', 'v', '', '', '2', '', 'ক', 'ক']
Suffix মে not at end of wordform সঙ্গেই, af: ['সঙ্গ', 'n', '', 'sg', '', 'd', 'মে', 'মে']
Suffix মে not at end of wordform সময়েই, af: ['সময়', 'n', '', 'sg', '', 'd', 'মে', 'মে']
Suffix ত not at end of wordform সরঞ্জাম, af: ['সর', 'v', '', '', '1', '', 'ত', 'ত']
Suffix কে not at end of wordform সহযাত্রীদের, af: ['সহযাত্রী', 'n', '', 'pl', '', 'o', 'কে', 'কে']
Suffix আ not at end of wordform সাজানো, af: ['সাজা', 'v', '', '', 'any', '', 'আ', 'আ']
Suffix বে not at end of wordform সারব, af: ['সার', 'v', '', '', '1', '', 'বে', 'বে']
Suffix মে not at end of wordform সীমানার, af: ['সীমানা', 'n', '', 'sg', '', 'd', 'মে', 'মে']
Suffix মে not at end of wordform সীমানায়, af: ['সীমানা', 'n', '', 'sg', '', 'd', 'মে', 'মে']
Suffix মে not at end of wordform সেখান, af: ['সেখান', 'pn', '', '', '', 'd', 'মে', 'মে']
Suffix মে not at end of wordform সোফায়, af: ['সোফা', 'n', '', 'sg', '', 'd', 'মে', 'মে']
Suffix নে not at end of wordform হই, af: ['হ', 'v', '', '', '1', '', 'নে', 'নে']
Suffix ত not at end of wordform হতে, af: ['হ', 'v', '', '', '2', '', 'ত', 'ত']
Suffix বে not at end of wordform হব, af: ['হ', 'v', '', '', '1', '', 'বে', 'বে']
Suffix ল not at end of wordform হলাম, af: ['হ', 'v', '', '', '1', '', 'ল', 'ল']
Suffix ত not at end of wordform হাঁটতে, af: ['হাঁট', 'v', '', '', '2', '', 'ত', 'ত']
Suffix আ not at end of wordform হাঁটা, af: ['হাঁট', 'v', '', '', 'any', '', 'আ', 'আ']
Suffix মে not at end of wordform হাওয়ায়, af: ['হাওয়া', 'n', '', 'sg', '', 'd', 'মে', 'মে']
Suffix মে not at end of wordform হাতেই, af: ['হাত', 'n', '', 'sg', '', 'd', 'মে', 'মে']
Suffix এছে not at end of wordform হারিয়েছ, af: ['হারা', 'v', '', '', '2', '', 'এছে', 'এছে']
Suffix ছেই not at end of wordform হাসছি, af: ['হাস', 'v', '', '', '2', '', 'ছেই', 'ছেই']
Suffix মে not at end of wordform হোটেলেও, af: ['হোটেল', 'n', '', 'sg', '', 'd', 'মে', 'মে']
Suffix নে not at end of wordform হয়, af: ['হ', 'v', '', '', '3', '', 'নে', 'নে']
Suffix এছে not at end of wordform হয়েছি, af: ['হ', 'v', '', '', '1', '', 'এছে', 'এছে']
Suffix এছিল not at end of wordform হয়েছিলাম, af: ['হ', 'v', '', '', '1', '', 'এছিল', 'এছিল']
Suffix আ not at end of wordform হয়েছে, af: ['দে', 'v', '', '', 'any', '', 'আ', 'আ']
