POS RD_SYM not assigned 
POS RD_SYM not assigned 
POS RD_SYM not assigned 
POS RD_SYM not assigned 
POS RD_SYM not assigned 
POS RD_SYM not assigned 
POS RD_SYM not assigned 
POS RD_SYM not assigned 
POS RD_SYM not assigned 
POS RD_SYM not assigned 
POS RD_SYM not assigned 
POS RD_SYM not assigned 
POS RD_SYM not assigned 
POS RD_SYM not assigned 
POS RD_SYM not assigned 
POS RD_SYM not assigned 
POS RD_SYM not assigned 
POS RD_SYM not assigned 
POS <fs not assigned 
POS <fs not assigned 
POS <fs not assigned 
POS RD__ECH not assigned 
POS RD__ECH not assigned 
POS RD__ECH not assigned 
POS <fs not assigned 
POS <fs not assigned 
POS <fs not assigned 
POS RD__UNK not assigned 
POS RD__UNK not assigned 
POS RD__UNK not assigned 
POS RD__UNK not assigned 
POS RD__RDF not assigned 
POS RD__RDF not assigned 
POS RD__RDF not assigned 
POS पू.पासून not assigned 
POS पू. not assigned 
POS पू. not assigned 
POS पू. not assigned 
POS UT not assigned 
POS UT not assigned 
POS UT not assigned 
POS RD__UNK not assigned 
POS RD__UNK not assigned 
POS RD__UNK not assigned 
POS RD__UNK not assigned 
POS RD_UNK not assigned 
POS RD_UNK not assigned 
POS RD_UNK not assigned 
POS RD__RDF not assigned 
POS RD__RDF not assigned 
POS RD__RDF not assigned 
POS RD__RDF not assigned 
POS RD__RDF not assigned 
POS RD__RDF not assigned 
POS RD__RDF not assigned 
POS RD__RDF not assigned 
POS RD__RDF not assigned 
POS RD_UNK not assigned 
POS RD_UNK not assigned 
POS RD_UNK not assigned 
POS RD__UNK not assigned 
POS RD__UNK not assigned 
POS RD__UNK not assigned 
POS RD__UNK not assigned 
POS RD__UNK not assigned 
POS RD__UNK not assigned 
POS RD__UNK not assigned 
POS RD__UNK not assigned 
POS RD__UNK not assigned 
POS RD_UNK not assigned 
POS RD_UNK not assigned 
POS RD_UNK not assigned 
POS RD__UNK not assigned 
POS RD__UNK not assigned 
POS RD__UNK not assigned 
POS RD__UNK not assigned 
POS <fs not assigned 
POS <fs not assigned 
POS <fs not assigned 
POS RD_UNK not assigned 
POS RD_UNK not assigned 
POS RD_UNK not assigned 
POS RD__UNK not assigned 
POS RD__UNK not assigned 
POS RD__UNK not assigned 
POS RD__UNK not assigned 
POS RD__UNK not assigned 
POS RD__UNK not assigned 
POS RD_UNK not assigned 
POS RD_SYM not assigned 
POS RD_SYM not assigned 
POS RD_SYM not assigned 
POS RD__UNK not assigned 
POS RD__UNK not assigned 
POS RD__UNK not assigned 
POS RD__UNK not assigned 
POS RD__UNK not assigned 
POS RD__UNK not assigned 
POS <fs not assigned 
POS <fs not assigned 
POS <fs not assigned 
POS RD__UNK not assigned 
POS RD__UNK not assigned 
POS RD__UNK not assigned 
POS RD__UNK not assigned 
POS RD__UNK not assigned 
POS RD__UNK not assigned 
POS RD_UNK not assigned 
POS RD_UNK not assigned 
POS RD_UNK not assigned 
POS RD__UNK not assigned 
POS RD__UNK not assigned 
POS RD__UNK not assigned 
POS RD__UNK not assigned 
POS RD__UNK not assigned 
POS RD__UNK not assigned 
POS PP not assigned 
POS PP not assigned 
POS PP not assigned 
POS PP not assigned 
POS PP not assigned 
POS PP not assigned 
POS RD_UNK not assigned 
POS RD_UNK not assigned 
POS RD_UNK not assigned 
POS RD__UNK not assigned 
POS RD__UNK not assigned 
POS RD__UNK not assigned 
POS RD__UNK not assigned 
POS RD__UNK not assigned 
POS RD__UNK not assigned 
POS RD__UNK not assigned 
POS RD__UNK not assigned 
POS RD__UNK not assigned 
POS af='जमिनीच्या,n,f,sg,,o,च्या,ी_च्या'>नीच्या not assigned 
POS af='जमिनीच्या,n,f,sg,,o,च्या,ी_च्या'>नीच्या not assigned 
POS af='जमिनीच्या,n,f,sg,,o,च्या,ी_च्या'>नीच्या not assigned 
POS <fs not assigned 
POS <fs not assigned 
POS <fs not assigned 
POS RD__UNK not assigned 
POS RD__UNK not assigned 
POS RD__UNK not assigned 
POS RD_UNK not assigned 
POS RD_UNK not assigned 
POS RD_UNK not assigned 
POS RD__RDF not assigned 
POS RD__RDF not assigned 
POS RD__RDF not assigned 
POS RD__UNK not assigned 
POS RD__UNK not assigned 
POS RD__UNK not assigned 
POS RD__UNK not assigned 
POS RD__RDF not assigned 
POS RD__RDF not assigned 
POS RD__RDF not assigned 
POS RD__RDF not assigned 
POS RD__RDF not assigned 
POS RD__RDF not assigned 
POS RD__RDF not assigned 
POS RD__RDF not assigned 
POS RD__RDF not assigned 
POS RD__RDF not assigned 
POS RD__RDF not assigned 
POS RD__RDF not assigned 
POS RD__RDF not assigned 
POS RD__RDF not assigned 
POS RD__RDF not assigned 
POS RD__RDF not assigned 
POS RD__RDF not assigned 
POS RD__RDF not assigned 
POS RD__RDF not assigned 
POS RD__RDF not assigned 
POS RD__RDF not assigned 
POS RD__RDF not assigned 
POS RD__RDF not assigned 
POS RD__RDF not assigned 
POS गॅन्डुलेस not assigned 
POS RD_SYM not assigned 
POS RD_SYM not assigned 
POS RD_SYM not assigned 
POS RD_SYM not assigned 
POS RD_SYM not assigned 
POS RD_SYM not assigned 
POS RD_SYM not assigned 
POS RD_SYM not assigned 
POS RD_SYM not assigned 
POS RD_SYM not assigned 
POS RD_SYM not assigned 
POS RD_SYM not assigned 
POS RD_SYM not assigned 
POS RD_SYM not assigned 
POS RD_SYM not assigned 
POS RD_SYM not assigned 
POS RD_SYM not assigned 
POS RD_SYM not assigned 
POS RD_SYM not assigned 
POS RD_SYM not assigned 
POS RD_SYM not assigned 
POS RD_SYM not assigned 
POS RD_SYM not assigned 
POS RD_SYM not assigned 
POS RD_SYM not assigned 
POS RD_SYM not assigned 
POS RD_SYM not assigned 
POS RD__UNK not assigned 
POS RD__UNK not assigned 
POS RD__UNK not assigned 
POS RD__UNK not assigned 
POS RD__UNK not assigned 
POS RD__UNK not assigned 
POS <fs not assigned 
POS RD__UNK not assigned 
POS RD__UNK not assigned 
POS RD__UNK not assigned 
POS RD__RDF not assigned 
POS RD__RDF not assigned 
POS RD__RDF not assigned 
POS RD_UNK not assigned 
POS RD_UNK not assigned 
POS RD_UNK not assigned 
POS RD_UNK not assigned 
POS RD_UNK not assigned 
POS RD_UNK not assigned 
POS RD_UNK not assigned 
POS RD_SYM not assigned 
POS RD_SYM not assigned 
POS RD_SYM not assigned 
POS RD_SYM not assigned 
POS RD_SYM not assigned 
POS RD_SYM not assigned 
POS RD_SYM not assigned 
POS RD_SYM not assigned 
POS RD_SYM not assigned 
POS RD_SYM not assigned 
POS RD_SYM not assigned 
POS RD_SYM not assigned 
POS RD_SYM not assigned 
POS RD_SYM not assigned 
POS RD_SYM not assigned 
POS RD_SYM not assigned 
POS RD_SYM not assigned 
POS RD_SYM not assigned 
POS RD_SYM not assigned 
POS RD_SYM not assigned 
POS RD_SYM not assigned 
POS RD__SYM not assigned 
POS RD__SYM not assigned 
POS RD__SYM not assigned 
POS RD__UNK not assigned 
POS RD__UNK not assigned 
POS RD__UNK not assigned 
POS RD__UNK not assigned 
POS RD__UNK not assigned 
POS RD__UNK not assigned 
POS RD_SYM not assigned 
POS RD_SYM not assigned 
POS RD_SYM not assigned 
POS <fs not assigned 
POS RD_SYM not assigned 
POS RD_SYM not assigned 
POS RD_SYM not assigned 
POS RD_SYM not assigned 
POS RD_SYM not assigned 
POS RD_SYM not assigned 
POS RD_SYM not assigned 
POS RD_SYM not assigned 
POS RD_SYM not assigned 
POS RD_SYM not assigned 
POS RD_SYM not assigned 
POS RD_SYM not assigned 
POS RD_SYM not assigned 
POS RD_SYM not assigned 
POS RD_SYM not assigned 
POS RD_SYM not assigned 
POS RD_SYM not assigned 
POS RD_SYM not assigned 
POS RD_SYM not assigned 
POS RD_SYM not assigned 
POS RD_SYM not assigned 
POS RD_SYM not assigned 
POS RD_SYM not assigned 
POS RD_SYM not assigned 
POS RD_SYM not assigned 
POS RD_SYM not assigned 
POS RD_SYM not assigned 
POS RD__SYM not assigned 
POS RD__SYM not assigned 
POS RD__SYM not assigned 
POS RD__UNK not assigned 
POS RD__UNK not assigned 
POS RD__UNK not assigned 
POS RD__UNK not assigned 
POS RD__UNK not assigned 
POS RD__UNK not assigned 
POS RD__UNK not assigned 
POS RD__UNK not assigned 
POS RD__UNK not assigned 
POS RD__UNK not assigned 
POS RD__UNK not assigned 
POS RD__UNK not assigned 
POS RD__UNK not assigned 
POS RD__UNK not assigned 
POS RD__UNK not assigned 
POS RD__UNK not assigned 
POS RD__UNK not assigned 
POS RD__UNK not assigned 
POS RD_OUNC not assigned 
POS RD_OUNC not assigned 
POS RD_OUNC not assigned 
POS RD_OUNC not assigned 
POS RD_SYM not assigned 
POS RD_SYM not assigned 
POS RD_SYM not assigned 
POS RD_SYM not assigned 
POS RD_SYM not assigned 
POS RD_SYM not assigned 
POS RD_SYM not assigned 
POS RD_SYM not assigned 
POS RD_SYM not assigned 
POS RD_SYM not assigned 
POS RD_SYM not assigned 
POS RD_SYM not assigned 
POS RD_SYM not assigned 
POS RD_SYM not assigned 
POS RD_SYM not assigned 
POS RD_SYM not assigned 
POS RD_SYM not assigned 
POS RD_SYM not assigned 
POS RD_SYM not assigned 
POS RD_SYM not assigned 
POS RD_SYM not assigned 
POS RD_SYM not assigned 
POS RD_SYM not assigned 
POS RD_SYM not assigned 
POS RD_SYM not assigned 
POS RD_SYM not assigned 
POS RD_SYM not assigned 
POS RD_SYM not assigned 
POS RD_SYM not assigned 
POS RD_SYM not assigned 
POS RD_SYM not assigned 
POS RD__SYM not assigned 
POS RD__SYM not assigned 
POS RD__SYM not assigned 
POS RD_SYM not assigned 
POS RD_SYM not assigned 
POS RD_SYM not assigned 
POS RD__UNK not assigned 
POS RD__UNK not assigned 
POS RD__UNK not assigned 
POS RD__UNK not assigned 
POS RD__UNK not assigned 
POS RD__UNK not assigned 
POS RD__RDF not assigned 
POS RD__RDF not assigned 
POS RD__RDF not assigned 
POS RD__RDF not assigned 
POS RD__RDF not assigned 
POS RD__RDF not assigned 
POS RD__RDF not assigned 
POS RD__RDF not assigned 
POS RD__RDF not assigned 
POS RD__UNK not assigned 
POS RD__UNK not assigned 
POS RD__UNK not assigned 
POS RD__UNK not assigned 
POS RD__UNK not assigned 
POS RD__UNK not assigned 
POS RD__UNK not assigned 
POS RD__UNK not assigned 
POS RD__UNK not assigned 
POS RD_UNK not assigned 
POS RD_UNK not assigned 
POS RD_UNK not assigned 
POS RD_SYM not assigned 
POS RD_SYM not assigned 
POS RD_SYM not assigned 
POS RD_UNK not assigned 
POS RD_UNK not assigned 
POS RD_UNK not assigned 
POS RD__UNK not assigned 
POS RD__UNK not assigned 
POS RD__UNK not assigned 
POS फूट not assigned 
POS फूट not assigned 
POS फूट not assigned 
POS राणी not assigned 
POS राणी not assigned 
POS राणी not assigned 
POS वाजता not assigned 
POS वाजता not assigned 
POS वाजता not assigned 
POS हवं not assigned 
POS हवं not assigned 
POS हवं not assigned 
POS RD_SYM not assigned 
POS RD_SYM not assigned 
POS RD_SYM not assigned 
POS RD_SYM not assigned 
POS RD_SYM not assigned 
POS RD_SYM not assigned 
POS RD_SYM not assigned 
POS RD_SYM not assigned 
POS RD_SYM not assigned 
POS RD_SYM not assigned 
POS RD_SYM not assigned 
POS RD_SYM not assigned 
POS RD_SYM not assigned 
POS RD_SYM not assigned 
POS RD_SYM not assigned 
POS RD_SYM not assigned 
POS RD_SYM not assigned 
POS RD_SYM not assigned 
POS RD_SYM not assigned 
POS RD_SYM not assigned 
POS RD_SYM not assigned 
POS RD_SYM not assigned 
POS RD_SYM not assigned 
POS RD_SYM not assigned 
POS RD_SYM not assigned 
POS RD_SYM not assigned 
POS RD_SYM not assigned 
POS RD_SYM not assigned 
POS RD_SYM not assigned 
POS RD__SYM not assigned 
POS RD__SYM not assigned 
POS RD__SYM not assigned 
POS RD__SYM not assigned 
POS RD__SYM not assigned 
POS RD__SYM not assigned 
POS RD__SYM not assigned 
POS RD__SYM not assigned 
POS RD__SYM not assigned 
POS 3 not assigned 
POS 3 not assigned 
POS 3 not assigned 
POS RD_PINC not assigned 
POS RD_PUN not assigned 
POS RD_PUN not assigned 
POS RD_PUN not assigned 
POS RD_SYM not assigned 
POS RD_SYM not assigned 
POS RD_SYM not assigned 
POS RD_SYM not assigned 
POS RD_SYM not assigned 
POS RD_SYM not assigned 
POS unk not assigned 
POS unk not assigned 
POS unk not assigned 
POS RD_SYM not assigned 
POS RD_SYM not assigned 
POS RD_SYM not assigned 
POS RD_SYM not assigned 
POS RD_SYM not assigned 
POS RD_SYM not assigned 
POS RD_SYM not assigned 
POS RD_SYM not assigned 
POS RD_SYM not assigned 
POS RD_SYM not assigned 
POS RD_SYM not assigned 
POS RD_SYM not assigned 
POS RD_UNK not assigned 
POS RD_UNK not assigned 
POS RD_UNK not assigned 
POS RD__UNK not assigned 
POS RD__UNK not assigned 
POS RD__UNK not assigned 
POS RD__UNK not assigned 
POS RD__UNK not assigned 
POS RD__UNK not assigned 
POS RD__UNK not assigned 
POS RD__UNK not assigned 
POS RD__UNK not assigned 
POS RD__UNK not assigned 
POS RD__UNK not assigned 
POS RD__UNK not assigned 
POS <fs not assigned 
POS <fs not assigned 
POS <fs not assigned 
POS RD_SYM not assigned 
POS RD_SYM not assigned 
POS RD_SYM not assigned 
POS RD__RDF not assigned 
POS RD__RDF not assigned 
POS RD__RDF not assigned 
POS UT not assigned 
POS UT not assigned 
POS UT not assigned 
POS UT not assigned 
POS UT not assigned 
POS UT not assigned 
POS UT not assigned 
POS UT not assigned 
POS UT not assigned 
POS RD_SYM not assigned 
POS RD_SYM not assigned 
POS RD_SYM not assigned 
POS RD_SYM not assigned 
POS RD_SYM not assigned 
POS RD_SYM not assigned 
POS RD_SYM not assigned 
POS RD_SYM not assigned 
POS RD_SYM not assigned 
POS RD_SYM not assigned 
POS <fs not assigned 
POS <fs not assigned 
POS <fs not assigned 
POS <fs not assigned 
POS <fs not assigned 
POS <fs not assigned 
POS RD_UNK not assigned 
POS RD_UNK not assigned 
POS RD_UNK not assigned 
POS RD__UNK not assigned 
POS RD__UNK not assigned 
POS RD__UNK not assigned 
POS RD__UNK not assigned 
POS RD__UNK not assigned 
POS RD__UNK not assigned 
POS RD__UNK not assigned 
POS RD__UNK not assigned 
POS RD__UNK not assigned 
POS RD__UNK not assigned 
POS RD__UNK not assigned 
POS RD__UNK not assigned 
POS RD_UNK not assigned 
POS RD_UNK not assigned 
POS RD_UNK not assigned 
POS <fs not assigned 
POS <fs not assigned 
POS <fs not assigned 
POS RD__UNK not assigned 
POS RD__UNK not assigned 
POS RD__UNK not assigned 
POS RD__UNK not assigned 
POS RD__UNK not assigned 
POS RD__UNK not assigned 
POS RD__UNK not assigned 
POS RD__UNK not assigned 
POS RD__UNK not assigned 
POS RD__UNK not assigned 
POS RD__UNK not assigned 
POS RD__UNK not assigned 
POS RD_UNK not assigned 
POS RD_UNK not assigned 
POS RD_UNK not assigned 
POS unk not assigned 
POS unk not assigned 
POS unk not assigned 
POS unk not assigned 
POS unk not assigned 
POS unk not assigned 
POS PP not assigned 
POS PP not assigned 
POS PP not assigned 
POS RD_UNK not assigned 
POS RD_UNK not assigned 
POS RD_UNK not assigned 
POS RD__UNK not assigned 
POS RD__UNK not assigned 
POS RD__UNK not assigned 
POS RD__UNK not assigned 
POS RD__UNK not assigned 
POS RD__UNK not assigned 
POS RD__UNK not assigned 
POS RD__UNK not assigned 
POS RD__UNK not assigned 
POS RD__ECH not assigned 
POS RD__ECH not assigned 
POS RD__ECH not assigned 
POS RD__UNK not assigned 
POS RD__UNK not assigned 
POS RD__UNK not assigned 
POS RD__UNK not assigned 
POS RD__UNK not assigned 
POS RD__UNK not assigned 
POS RD__UNK not assigned 
POS RD__UNK not assigned 
POS RD__UNK not assigned 
POS RD__UNK not assigned 
POS RD__UNK not assigned 
POS RD__UNK not assigned 
POS RD__RDF not assigned 
POS RD__RDF not assigned 
POS RD__RDF not assigned 
POS RD__UNK not assigned 
POS RD__UNK not assigned 
POS RD__UNK not assigned 
POS RD__RDF not assigned 
POS RD__RDF not assigned 
POS RD__RDF not assigned 
POS RD__UNK not assigned 
POS RD__UNK not assigned 
POS RD__UNK not assigned 
POS RD_UNK not assigned 
POS RD_UNK not assigned 
POS RD_UNK not assigned 
POS RD__RDF not assigned 
POS RD__RDF not assigned 
POS RD__RDF not assigned 
POS RD__UNK not assigned 
POS RD__UNK not assigned 
POS RD__UNK not assigned 
POS RD_PUNR not assigned 
POS RD_PUNR not assigned 
POS RD_PUNR not assigned 
POS RD_SYM not assigned 
POS RD_SYM not assigned 
POS RD_SYM not assigned 
POS RD__SYM not assigned 
POS RD__SYM not assigned 
POS RD__SYM not assigned 
POS af='अस,v,n,sg,,d,लेले,लेले' not assigned 
POS af='अस,v,n,sg,,d,लेले,लेले' not assigned 
POS af='अस,v,n,sg,,d,लेले,लेले' not assigned 
POS RD_SYM not assigned 
POS RD_SYM not assigned 
POS RD_SYM not assigned 
POS RD__SYM not assigned 
POS RD__SYM not assigned 
POS RD__SYM not assigned 
POS RD_RDF not assigned 
POS RD_RDF not assigned 
POS RD_RDF not assigned 
POS RD_RDF not assigned 
POS RD_RDF not assigned 
POS RD_RDF not assigned 
POS RD_RDF not assigned 
POS RD_RDF not assigned 
POS RD_RDF not assigned 
POS RD_RDF not assigned 
POS RD_RDF not assigned 
POS RD_RDF not assigned 
POS RD__RDF not assigned 
POS RD__RDF not assigned 
POS RD__RDF not assigned 
POS RD_RDF not assigned 
POS RD_RDF not assigned 
POS RD_RDF not assigned 
POS RD_RDF not assigned 
POS RD_UNK not assigned 
POS RD_UNK not assigned 
POS RD_UNK not assigned 
POS RD_RDF not assigned 
POS RD_RDF not assigned 
POS RD_RDF not assigned 
POS RD_RDF not assigned 
POS RD_RDF not assigned 
POS RD_RDF not assigned 
POS RD_RDF not assigned 
POS RD_RDF not assigned 
POS RD_RDF not assigned 
POS RD_RDF not assigned 
POS RD_RDF not assigned 
POS RD_RDF not assigned 
POS RD_RDF not assigned 
POS RD_RDF not assigned 
POS RD_RDF not assigned 
POS RD_RDF not assigned 
POS RD_RDF not assigned 
POS RD_RDF not assigned 
POS RD_RDF not assigned 
POS RD_RDF not assigned 
POS RD_RDF not assigned 
POS <fs not assigned 
POS RD__RDF not assigned 
POS RD__RDF not assigned 
POS RD__RDF not assigned 
POS RD_RDF not assigned 
POS RD_RDF not assigned 
POS RD_RDF not assigned 
POS RD_RDF not assigned 
POS RD_RDF not assigned 
POS RD_RDF not assigned 
POS RD_RDF not assigned 
POS RD_SYM not assigned 
POS RD_SYM not assigned 
POS RD_SYM not assigned 
POS RD_SYM not assigned 
POS RD_SYM not assigned 
POS RD_SYM not assigned 
POS RD_SYM not assigned 
POS RD_SYM not assigned 
POS RD_SYM not assigned 
POS RD_SYM not assigned 
POS RD_SYM not assigned 
POS RD_SYM not assigned 
POS RD_SYM not assigned 
POS RD_SYM not assigned 
POS RD_SYM not assigned 
POS RD_SYM not assigned 
POS RD_SYM not assigned 
POS RD_SYM not assigned 
POS RD_RDF not assigned 
POS RD_RDF not assigned 
POS RD_RDF not assigned 
POS RD_RDF not assigned 
POS RD_RDF not assigned 
POS RD_SYM not assigned 
POS RD_SYM not assigned 
POS RD_SYM not assigned 
POS RD__RDF not assigned 
POS RD__RDF not assigned 
POS RD__RDF not assigned 
POS RD__RDF not assigned 
POS RD__RDF not assigned 
POS RD__RDF not assigned 
POS unk not assigned 
POS unk not assigned 
POS unk not assigned 
POS RD__RDF not assigned 
POS RD__RDF not assigned 
POS RD__RDF not assigned 
POS RD_RDF not assigned 
POS RD_SYM not assigned 
POS RD_SYM not assigned 
POS RD_SYM not assigned 
POS RD__RDF not assigned 
POS RD__RDF not assigned 
POS RD__RDF not assigned 
POS <fs not assigned 
POS ३QT_QTC not assigned 
POS RD_RDF not assigned 
POS RD_RDF not assigned 
POS RD_RDF not assigned 
POS RD_RDF not assigned 
POS RD_RDF not assigned 
POS RD_RDF not assigned 
POS RD_RDF not assigned 
POS RD_RDF not assigned 
POS RD_RDF not assigned 
POS RD__RDF not assigned 
POS RD__RDF not assigned 
POS RD__RDF not assigned 
POS RD__RDF not assigned 
POS RD__RDF not assigned 
POS RD__RDF not assigned 
POS RD_UNK not assigned 
POS RD_UNK not assigned 
POS RD_UNK not assigned 
POS RD_UNK not assigned 
POS RD_RDF not assigned 
POS RD_RDF not assigned 
POS RD_RDF not assigned 
POS RD_RDF not assigned 
POS RD_SYM not assigned 
POS RD_SYM not assigned 
POS RD_SYM not assigned 
POS RD__RDF not assigned 
POS RD__RDF not assigned 
POS RD__RDF not assigned 
POS RD__RDF not assigned 
POS RD__RDF not assigned 
POS RD__RDF not assigned 
POS RD_RDF not assigned 
POS RD_RDF not assigned 
POS RD_RDF not assigned 
POS RD__RDF not assigned 
POS RD__RDF not assigned 
POS RD__RDF not assigned 
POS RD_RDF not assigned 
POS RD_RDF not assigned 
POS RD_RDF not assigned 
POS RD_RDF not assigned 
POS RD_RDF not assigned 
POS RD_RDF not assigned 
POS RD_RDF not assigned 
POS RD__RDF not assigned 
POS RD__RDF not assigned 
POS RD__RDF not assigned 
POS RD__RDF not assigned 
POS RD__RDF not assigned 
POS RD__RDF not assigned 
POS RD__RDF not assigned 
POS RD__RDF not assigned 
POS RD__RDF not assigned 
