Suffix ्यातील not at position 4, 10, of wordform अगर्‍यातील, af: ['अगरा', 'n', '', '', '', '', '्यातील', '्यातील']
Suffix र्यांंनी not at position 4, 12, of wordform अधिकाऱ्यांना, af: ['अधिकारी', 'n', 'm', 'pl', '', 'o', '', 'र्यांंनी']
Suffix ल not at position 8, 9, of wordform अमेरीकेला, af: ['अमेरीका', 'n', 'f', 'sg', '', 'o', 'ला', 'े_ल']
Suffix े not at position 8, 9, of wordform अमेरीकेला, af: ['अमेरीका', 'n', 'f', 'sg', '', 'o', 'ला', 'े_ल']
Suffix ्या not at position 6, 9, of wordform अश्‍लीलतेच्या, af: ['अश्\u200dलीलतेच्या', 'n', 'f', 'sg', '3', 'o', 'च्या', '्या_च्या']
Suffix नारे not at position 2, 6, of wordform असणारे, af: ['अस', 'v', 'n', 'sg', '3', '', 'नारे', 'नारे']
Suffix tn not at position 6, 8, of wordform असणाऱ्या, af: ['अस', 'v', '', '', '', 'o', 'णाऱ्या', 'tn']
Suffix tn not at position 6, 8, of wordform असणाऱ्या, af: ['अस', 'v', '', '', '', 'o', 'णाऱ्या', 'tn']
Suffix णारा not at position 1, 5, of wordform असणाऱ्या, af: ['अस', 'v', 'm', 'sg', '', 'o', 'णारा_', 'णारा_्या']
Suffix tn not at position 6, 8, of wordform असणाऱ्या, af: ['अस', 'v', '', '', '', 'o', 'णाऱ्या', 'tn']
Suffix d not at position 3, 4, of wordform असणे, af: ['n_kr', 'kr', 'अस', 'v', 'n', 'sg', '', 'd']
Suffix o not at position 7, 8, of wordform असण्याची, af: ['n_kr', 'kr', 'अस', 'v', 'n', 'sg', '', 'o']
Suffix o not at position 7, 8, of wordform असण्यावर, af: ['n_kr', 'kr', 'अस', 'v', 'n', 'sg', '', 'o']
Suffix 3 not at position 3, 4, of wordform असतं, af: ['p', 'pas', 'c', 'अस', 'v', 'n', 'sg', '3']
Suffix 3 not at position 3, 4, of wordform असता, af: ['p', 'pas', 'c', 'अस', 'v', 'm', 'sg', '3']
Suffix 3 not at position 4, 5, of wordform असतात, af: ['h', 'ak', 'pre', 'अस', 'v', 'm', 'pl', '3']
Suffix 3 not at position 4, 5, of wordform असतात, af: ['h', 'ak', 'pre', 'अस', 'v', 'm', 'pl', '3']
Suffix 3 not at position 4, 5, of wordform असतात, af: ['h', 'ak', 'pre', 'अस', 'v', 'n', 'pl', '3']
Suffix 3 not at position 4, 5, of wordform असतात, af: ['h', 'pre', 'ak', 'अस', 'v', 'n', 'pl', '3']
Suffix 3 not at position 4, 5, of wordform असतात, af: ['h', 'pre', 'ak', 'अस', 'v', 'n', 'pl', '3']
Suffix 3 not at position 4, 5, of wordform असतात, af: ['pre', 'ak', 'h', 'अस', 'v', 'f', 'pl', '3']
Suffix 3 not at position 4, 5, of wordform असतात, af: ['pre', 'ak', 'h', 'अस', 'v', 'm', 'pl', '3']
Suffix 3 not at position 4, 5, of wordform असतात, af: ['pre', 'ak', 'h', 'अस', 'v', 'n', 'pl', '3']
Suffix 3 not at position 4, 5, of wordform असतात, af: ['pre', 'ak', 'h', 'अस', 'v', 'n', 'pl', '3']
Suffix ते not at position 3, 5, of wordform असतात, af: ['अस', 'v', 'n', 'pl', '3', '', 'ते', 'ते']
Suffix 3 not at position 3, 4, of wordform असती, af: ['p', 'pas', 'c', 'अस', 'v', 'f', 'sg', '3']
Suffix sg not at position 2, 4, of wordform असते, af: ['c', 'pas', 'ak', 'p', 'अस', 'v', 'n', 'sg']
Suffix 3 not at position 3, 4, of wordform असते, af: ['h', 'ak', 'pre', 'अस', 'v', 'f', 'sg', '3']
Suffix 3 not at position 3, 4, of wordform असते, af: ['h', 'ak', 'pre', 'अस', 'v', 'n', 'sg', '3']
Suffix sg not at position 2, 4, of wordform असते, af: ['c', 'pas', 'ak', 'p', 'अस', 'v', 'n', 'sg']
Suffix 3 not at position 3, 4, of wordform असते, af: ['h', 'ak', 'pre', 'अस', 'v', 'f', 'sg', '3']
Suffix 3 not at position 3, 4, of wordform असते, af: ['h', 'ak', 'pre', 'अस', 'v', 'n', 'sg', '3']
Suffix 3 not at position 3, 4, of wordform असते, af: ['pre', 'ak', 'h', 'अस', 'v', 'f', 'sg', '3']
Suffix 3 not at position 3, 4, of wordform असतो, af: ['h', 'ak', 'pre', 'अस', 'v', 'm', 'sg', '3']
Suffix 3 not at position 3, 4, of wordform असतो, af: ['ak', 'p', 'pas', 'अस', 'v', 'm', 'pl', '3']
Suffix 3 not at position 3, 4, of wordform असतो, af: ['h', 'ak', 'pre', 'अस', 'v', 'm', 'sg', '3']
Suffix 3 not at position 3, 4, of wordform असतो, af: ['h', 'pre', 'ak', 'अस', 'v', 'm', 'sg', '3']
Suffix 3 not at position 3, 4, of wordform असली, af: ['p', 'ak', 'pas', 'अस', 'v', 'n', 'pl', '3']
Suffix 3 not at position 3, 4, of wordform असली, af: ['p', 'ak', 'pas', 'अस', 'v', 'n', 'pl', '3']
Suffix 3 not at position 3, 4, of wordform असले, af: ['p', 'ak', 'pas', 'अस', 'v', 'n', 'sg', '3']
Suffix 3 not at position 3, 4, of wordform असले, af: ['p', 'ak', 'pas', 'अस', 'v', 'n', 'sg', '3']
Suffix 3 not at position 3, 4, of wordform असले, af: ['pas', 'ak', 'p', 'अस', 'v', 'n', 'sg', '3']
Suffix d not at position 5, 6, of wordform असलेला, af: ['l_kr', 'kr', 'अस', 'v', 'm', 'sg', '', 'd']
Suffix लेले not at position 4, 8, of wordform असलेल्या, af: ['अस', 'v', 'n', 'sg', '', 'd', 'लेले', 'लेले']
Suffix o not at position 7, 8, of wordform असल्याने, af: ['l_kr', 'kr', 'अस', 'v', 'n', 'sg', '', 'o']
Suffix o not at position 9, 10, of wordform असल्यामुळे, af: ['l_kr', 'kr', 'अस', 'v', 'n', 'sg', '', 'o']
Suffix ून not at position 4, 6, of wordform असूनही, af: ['kr', 'अस', 'v', '', '', '', '', 'ून']
Suffix 3 not at position 2, 3, of wordform असे, af: ['h', 'pre', 'ak', 'अस', 'v', 'n', 'sg', '3']
Suffix 3 not at position 2, 3, of wordform असे, af: ['pas', 'ak', 'h', 'अस', 'v', 'm', 'sg', '3']
Suffix े not at position 2, 3, of wordform आंबे, af: ['आंबा', 'n', 'm', 'pl', '', 'o', 'े', 'े_े']
Suffix ्याच्या not at position 4, 11, of wordform आगर्‍याच्या, af: ['आगरा', 'n', '', '', '', '', '्याच्या', '्याच्या']
Suffix ्यात not at position 4, 8, of wordform आगर्‍यात, af: ['आगरा', 'n', 'm', 'sg', '3', '', '्यात', '्यात']
Suffix ्याहून not at position 4, 10, of wordform आगर्‍याहून, af: ['आगरा', 'n', '', '', '', '', '्याहून', '्याहून']
Suffix च्या not at position 5, 9, of wordform आजूबाजूचे, af: ['आजूबाजू', 'nst', '', '', '', '', 'च्या', 'च्या']
Suffix 3 not at position 5, 6, of wordform आढळतात, af: ['h', 'ak', 'pre', 'आढळ', 'v', 'm', 'pl', '3']
Suffix 3 not at position 5, 6, of wordform आढळतात, af: ['h', 'ak', 'pre', 'आढळ', 'v', 'm', 'pl', '3']
Suffix 3 not at position 5, 6, of wordform आढळतात, af: ['h', 'ak', 'pre', 'आढळ', 'v', 'n', 'pl', '3']
Suffix 3 not at position 4, 5, of wordform आढळते, af: ['h', 'ak', 'pre', 'आढळ', 'v', 'n', 'sg', '3']
Suffix 3 not at position 4, 5, of wordform आढळला, af: ['p', 'ak', 'pas', 'आढळ', 'v', 'm', 'sg', '3']
Suffix 3 not at position 4, 5, of wordform आढळले, af: ['pas', 'ak', 'p', 'आढळ', 'v', 'n', 'sg', '3']
Suffix ण्यासाठी not at position -5, 3, of wordform आणि, af: ['वापर', 'v', '', '', '', '', 'साठी', 'ण्यासाठी']
Suffix o not at position 1, 2, of wordform आल, af: ['p', 'pas', 'ये', 'v', 'n', 'sg', '', 'o']
Suffix pas not at position -1, 2, of wordform आल, af: ['ये', 'v', 'n', 'sg', '3', 'o', 'आ_ल', 'pas']
Suffix 3 not at position 2, 3, of wordform आला, af: ['p', 'pas', 'ak', 'ये', 'v', 'm', 'sg', '3']
Suffix 3 not at position 2, 3, of wordform आली, af: ['p', 'pas', 'ak', 'ये', 'v', 'f', 'sg', '3']
Suffix 3 not at position 2, 3, of wordform आले, af: ['p', 'pas', 'ak', 'ये', 'v', 'n', 'sg', '3']
Suffix 3 not at position 2, 3, of wordform आले, af: ['pas', 'ak', 'p', 'ये', 'v', 'n', 'sg', '3']
Suffix o not at position 2, 3, of wordform आले, af: ['ak', 'p', 'ये', 'v', 'n', 'pl', '3', 'o']
Suffix 3 not at position 2, 3, of wordform आले, af: ['p', 'ak', 'pas', 'ये', 'v', 'm', 'pl', '3']
Suffix 3 not at position 2, 3, of wordform आले, af: ['p', 'ak', 'pas', 'ये', 'v', 'n', 'sg', '3']
Suffix 3 not at position 2, 3, of wordform आले, af: ['pas', 'ak', 'p', 'ये', 'v', 'n', 'sg', '3']
Suffix d not at position 4, 5, of wordform आलेला, af: ['kr', 'l_kr', 'ये', 'v', 'm', 'sg', '', 'd']
Suffix d not at position 4, 5, of wordform आलेलो, af: ['p', 'kr', 'ये', 'v', 'n', 'sg', '1', 'd']
Suffix o not at position 9, 10, of wordform आल्याबरोबर, af: ['l_kr', 'kr', 'ये', 'v', 'n', 'sg', '', 'o']
Suffix 3 not at position 4, 5, of wordform आवडते, af: ['h', 'ak', 'pre', 'आवड', 'v', 'n', 'sg', '3']
Suffix ची not at position 5, 7, of wordform आवरणाचे, af: ['आवरण', 'n', 'n', 'sg', '', 'o', 'ची', 'ा_ची']
Suffix ा not at position 6, 7, of wordform आवरणाचे, af: ['आवरण', 'n', 'n', 'sg', '', 'o', 'ची', 'ा_ची']
Suffix 3 not at position 2, 3, of wordform आहे, af: ['pre', 'ak', 's', 'अस', 'v', '', 'sg', '3']
Suffix 3 not at position 2, 3, of wordform आहे, af: ['pre', 'ak', 's', 'अस', 'v', '', 'sg', '3']
Suffix 3 not at position 2, 3, of wordform आहे, af: ['s', 'ak', 'pre', 'अस', 'v', '', 'sg', '3']
Suffix 3 not at position 2, 3, of wordform आहे, af: ['s', 'ak', 'pre', 'अस', 'v', '', 'sg', '3']
Suffix 3 not at position 2, 3, of wordform आहे, af: ['s', 'ak', 'pre', 'अस', 'v', '', 'sg', '3']
Suffix 3 not at position 2, 3, of wordform आहे, af: ['s', 'ak', 'pre', 'आहे', 'v', '', 'sg', '3']
Suffix 3 not at position 2, 3, of wordform आहे, af: ['s', 'ak', 'pre', 'आहे', 'v', '', 'sg', '3']
Suffix 3 not at position 2, 3, of wordform आहे, af: ['s', 'pre', 'ak', 'अस', 'v', '', 'sg', '3']
Suffix o not at position 2, 3, of wordform आहे, af: ['s', 'pre', 'अस', 'v', 'n', 'sg', '3', 'o']
Suffix त not at position 2, 3, of wordform आहे, af: ['आहे', 'v', '', 'pl', '3', '', 'त', 'त']
Suffix 3 not at position 2, 3, of wordform आहे, af: ['pre', 'ak', 's', 'अस', 'v', '', 'sg', '3']
Suffix 3 not at position 2, 3, of wordform आहे, af: ['pre', 'ak', 's', 'अस', 'v', '', 'sg', '3']
Suffix 3 not at position 2, 3, of wordform आहे, af: ['pre', 'ak', 's', 'अस', 'v', '', 'sg', '3']
Suffix 3 not at position 2, 3, of wordform आहे, af: ['s', 'ak', 'pre', 'अस', 'v', '', 'sg', '3']
Suffix 3 not at position 2, 3, of wordform आहे, af: ['s', 'ak', 'pre', 'अस', 'v', '', 'sg', '3']
Suffix 3 not at position 2, 3, of wordform आहे, af: ['s', 'ak', 'pre', 'अस', 'v', '', 'sg', '3']
Suffix 3 not at position 2, 3, of wordform आहे, af: ['s', 'ak', 'pre', 'आहे', 'v', '', 'sg', '3']
Suffix 3 not at position 2, 3, of wordform आहे, af: ['s', 'ak', 'pre', 'आहे', 'v', '', 'sg', '3']
Suffix 3 not at position 2, 3, of wordform आहे, af: ['s', 'ak', 'pre', 'आहे', 'v', '', 'sg', '3']
Suffix 3 not at position 2, 3, of wordform आहे, af: ['s', 'pre', 'ak', 'अस', 'v', '', 'sg', '3']
Suffix 3 not at position 2, 3, of wordform आहे, af: ['s', 'pre', 'ak', 'अस', 'v', '', 'sg', '3']
Suffix ावी not at position 0, 3, of wordform आहे, af: ['अस', 'v', 'f', 'sg', '3', '', 'ावी', 'ावी']
Suffix त not at position 2, 3, of wordform आहे, af: ['आहे', 'v', '', 'pl', '3', '', 'त', 'त']
Suffix 3 not at position 2, 3, of wordform आहे, af: ['s', 'ak', 'pre', 'अस', 'v', '', 'sg', '3']
Suffix 3 not at position 2, 3, of wordform आहे, af: ['s', 'ak', 'pre', 'अस', 'v', '', 'sg', '3']
Suffix ा not at position 0, 1, of wordform आहे, af: ['अस', 'v', '', 'sg', '3', '', 'े', 'ा_हे']
Suffix 3 not at position 3, 4, of wordform आहेत, af: ['s', 'ak', 'pre', 'अस', 'v', '', 'pl', '3']
Suffix 3 not at position 3, 4, of wordform आहेत, af: ['s', 'ak', 'pre', 'अस', 'v', '', 'pl', '3']
Suffix 3 not at position 3, 4, of wordform आहेत, af: ['s', 'pre', 'ak', 'अस', 'v', '', 'pl', '3']
Suffix ल्या not at position 0, 4, of wordform आहेत, af: ['कोर', 'v', 'f', 'pl', '3', '', 'ल्या', 'ल्या']
Suffix 3 not at position 3, 4, of wordform आहेत, af: ['pre', 'ak', 's', 'अस', 'v', '', 'pl', '3']
Suffix 3 not at position 3, 4, of wordform आहेत, af: ['s', 'ak', 'pre', 'अस', 'v', '', 'pl', '3']
Suffix 3 not at position 3, 4, of wordform आहेत, af: ['s', 'ak', 'pre', 'अस', 'v', '', 'pl', '3']
Suffix 3 not at position 3, 4, of wordform आहेत, af: ['s', 'ak', 'pre', 'आहे', 'v', '', 'pl', '3']
Suffix 3 not at position 3, 4, of wordform आहेत, af: ['s', 'pre', 'ak', 'अस', 'v', '', 'pl', '3']
Suffix 3 not at position 3, 4, of wordform आहेत, af: ['pre', 'ak', 's', 'अस', 'v', '', 'pl', '3']
Suffix च्या not at position -1, 3, of wordform इतर, af: ['इतर', 'adj', 'n', 'pl', '', 'd', 'च्या', 'ां_च्या']
Suffix ां not at position 1, 3, of wordform इतर, af: ['इतर', 'adj', 'n', 'pl', '', 'd', 'च्या', 'ां_च्या']
Suffix ं not at position 5, 6, of wordform इमारती, af: ['इमारत', 'n', 'f', 'sg', '', 'o', 'ं', 'ी_ं']
Suffix o not at position 6, 7, of wordform उकडलेले, af: ['l_kr', 'kr', 'उकड', 'v', '', '', '', 'o']
Suffix 3 not at position 5, 6, of wordform उगवतात, af: ['pre', 'ak', 'h', 'उगव', 'v', 'm', 'pl', '3']
Suffix 3 not at position 4, 5, of wordform उगवले, af: ['p', 'ak', 'pas', 'उगव', 'v', 'n', 'sg', '3']
Suffix 3 not at position 5, 6, of wordform उगविले, af: ['p', 'ak', 'pas', 'उगव', 'v', 'n', 'sg', '3']
Suffix d not at position 4, 5, of wordform उतरणे, af: ['n_kr', 'kr', 'उतर', 'v', 'n', 'sg', '', 'd']
Suffix ची not at position 10, 12, of wordform उत्पादनाच्या, af: ['उत्पादन', 'n', 'n', 'sg', '', 'o', 'ची', 'ा_ची']
Suffix पासून not at position 5, 10, of wordform उदयपूरसाठी, af: ['उदयपूरसाठी', 'n', 'n', 'sg', '', 'o', 'पासून', 'पासून']
Suffix ्या not at position 5, 8, of wordform उन्हाळयाच्या, af: ['उन्हाळा', 'unk', 'm', 'sg', '', 'o', 'च्या', '्या_च्या']
Suffix d not at position 5, 6, of wordform उरलेला, af: ['l_kr', 'kr', 'उर', 'v', 'm', 'sg', '', 'd']
Suffix च्या not at position 5, 9, of wordform ऑक्सीजनची, af: ['ऑक्सीजन', 'n', 'm', 'sg', '', 'o', 'च्या', 'च्या']
Suffix 3 not at position 3, 4, of wordform ओढली, af: ['pas', 'ak', 'p', 'ओढ', 'v', 'f', 'sg', '3']
Suffix o not at position 8, 9, of wordform ओरडण्याची, af: ['n_kr', 'kr', 'ओरड', 'v', 'n', 'sg', '', 'o']
Suffix चे not at position 11, 13, of wordform कडधान्यांच्या, af: ['कडधान्य', 'n', 'n', 'pl', '', 'o', 'चे', 'ां_चे']
Suffix ां not at position 11, 13, of wordform कडधान्यांच्या, af: ['कडधान्य', 'n', 'n', 'pl', '', 'o', 'चे', 'ां_चे']
Suffix ची not at position 9, 11, of wordform कडाक्याच्या, af: ['कडाका', 'n', 'm', 'sg', '', 'o', 'ची', '्या_ची']
Suffix बरोबर not at position -1, 4, of wordform कपडे, af: ['कपडा', 'n', 'm', 'pl', '', 'o', 'बरोबर', 'े_बरोबर']
Suffix त not at position 2, 3, of wordform कमी, af: ['कमी', 'avy', '', '', '', '', 'त', 'त']
Suffix चा not at position 2, 4, of wordform कमीत, af: ['उपकरण', 'n', 'n', 'sg', '', 'o', 'चा', 'ा_चा']
Suffix ा not at position 3, 4, of wordform कमीत, af: ['उपकरण', 'n', 'n', 'sg', '', 'o', 'चा', 'ा_चा']
Suffix kr not at position 6, 8, of wordform करणाऱ्या, af: ['कर', 'n', 'm', 'sg', '', 'o', 'ा_ऱ्या', 'kr']
Suffix kr not at position 6, 8, of wordform करणाऱ्या, af: ['कर', 'v', '', '', '', 'o', 'णाऱ्या', 'kr']
Suffix tn not at position 6, 8, of wordform करणाऱ्या, af: ['कर', 'v', '', '', '', 'o', 'णाऱ्या', 'tn']
Suffix kr not at position 6, 8, of wordform करणाऱ्या, af: ['कर', 'v', '', '', '0', 'ऱ्या', 'णाऱ्या', 'kr']
Suffix tn not at position 6, 8, of wordform करणाऱ्या, af: ['कर', 'v', '', 'pl', '', 'o', 'णाऱ्या', 'tn']
Suffix kr not at position 6, 8, of wordform करणाऱ्या, af: ['कर', 'v', '', 'sg', '', 'o', 'ा_ऱ्या', 'kr']
Suffix kr not at position 6, 8, of wordform करणाऱ्या, af: ['कर', 'v', 'f', 'sg', '', 'o', 'ा_ऱ्या', 'kr']
Suffix kr not at position 9, 11, of wordform करणाऱ्यांना, af: ['कर', 'v', 'm', 'pl', '', 'o', 'ऱ्यां_ना', 'kr']
Suffix kr not at position 9, 11, of wordform करणाऱ्यांना, af: ['कर', 'v', 'm', 'pl', '', 'o', 'ऱ्यांना', 'kr']
Suffix kr not at position 8, 10, of wordform करणाऱ्याला, af: ['कर', 'v', 'm', 'sg', '', 'o', 'ऱ्या_ला', 'kr']
Suffix d not at position 3, 4, of wordform करणे, af: ['n_kr', 'kr', 'कर', 'v', 'n', 'sg', '', 'd']
Suffix d not at position 3, 4, of wordform करणे, af: ['n_kr', 'kr', 'कर', 'v', 'n', 'sg', '', 'd']
Suffix d not at position 3, 4, of wordform करणे, af: ['n_kr', 'kr', 'कर', 'v', 'n', 'sg', '', 'd']
Suffix d not at position 3, 4, of wordform करणे, af: ['n_kr', 'kr', 'कर', 'v', 'n', 'sg', '', 'd']
Suffix o not at position 7, 8, of wordform करण्याचा, af: ['n_kr', 'kr', 'कर', 'v', 'n', 'sg', '', 'o']
Suffix o not at position 7, 8, of wordform करण्याची, af: ['n_kr', 'kr', 'कर', 'v', 'n', 'sg', '', 'o']
Suffix o not at position 7, 8, of wordform करण्याचे, af: ['n_kr', 'kr', 'कर', 'v', 'n', 'sg', '', 'o']
Suffix o not at position 9, 10, of wordform करण्याच्या, af: ['n_kr', 'kr', 'कर', 'v', 'n', 'sg', '', 'o']
Suffix o not at position 7, 8, of wordform करण्याने, af: ['n_kr', 'kr', 'कर', 'v', 'n', 'sg', '', 'o']
Suffix o not at position 9, 10, of wordform करण्यामुळे, af: ['n_kr', 'kr', 'कर', 'v', 'n', 'sg', '', 'o']
Suffix d not at position 8, 9, of wordform करण्यासठी, af: ['n_kr', 'kr', 'कर', 'v', '', 'sg', '', 'd']
Suffix 3 not at position 3, 4, of wordform करता, af: ['ak', 'p', 'pas', 'कर', 'v', 'm', 'sg', '3']
Suffix 3 not at position 4, 5, of wordform करतात, af: ['h', 'ak', 'pre', 'कर', 'v', 'm', 'pl', '3']
Suffix 3 not at position 3, 4, of wordform करते, af: ['ak', 'p', 'pas', 'कर', 'v', 'm', 'pl', '3']
Suffix 3 not at position 3, 4, of wordform करते, af: ['h', 'ak', 'pre', 'कर', 'v', 'f', 'sg', '3']
Suffix 3 not at position 3, 4, of wordform करते, af: ['h', 'ak', 'pre', 'कर', 'v', 'f', 'sg', '3']
Suffix 3 not at position 3, 4, of wordform करते, af: ['h', 'ak', 'pre', 'कर', 'v', 'n', 'sg', '3']
Suffix sg not at position 2, 4, of wordform करते, af: ['p', 'c', 'ak', 'pas', 'कर', 'v', 'n', 'sg']
Suffix 3 not at position 3, 4, of wordform करते, af: ['pre', 'ak', 'h', 'कर', 'v', 'f', 'sg', '3']
Suffix 3 not at position 3, 4, of wordform करतो, af: ['h', 'pre', 'ak', 'कर', 'v', 'm', 'sg', '3']
Suffix विलि not at position 2, 6, of wordform करविली, af: ['कर', 'v', '', '', '', '', 'विलि', 'विलि']
Suffix 3 not at position 5, 6, of wordform करायचे, af: ['h', 'ak', 'pas', 'कर', 'v', 'n', 'sg', '3']
Suffix 3 not at position 3, 4, of wordform करीत, af: ['pas', 'ak', 'h', 'कर', 'v', 'm', 'pl', '3']
Suffix ू not at position 2, 3, of wordform करु, af: ['kr', 'कर', 'v', '', '', '', 'ू', 'ू']
Suffix ून not at position 2, 4, of wordform करुन, af: ['कर', 'v', '', '', '', '', 'ून', 'ून']
Suffix d not at position 4, 5, of wordform काढणे, af: ['n_kr', 'kr', 'काढ', 'v', 'n', 'sg', '', 'd']
Suffix लेल्या not at position 1, 7, of wordform काढलेले, af: ['kr', 'काढ', 'v', 'f', 'pl', '', 'd', 'लेल्या']
Suffix ्यात not at position 9, 13, of wordform कानाकोपर्‍यात, af: ['कानाकोपरा', 'n', 'm', 'sg', '3', '', '्यात', '्यात']
Suffix सारखी not at position 9, 14, of wordform कामायनीसारख्या, af: ['कामायनी', 'n', 'f', 'sg', '', 'o', '्या', 'सारखी']
Suffix अन्वये not at position 6, 12, of wordform कायद्यान्वये, af: ['कायदा', 'n', 'm', 'sg', '', 'o', '', 'अन्वये']
Suffix ्या not at position 6, 9, of wordform किनार्‍यावरची, af: ['किनारा', 'n', 'm', 'sg', '', 'o', 'ची', '्या_वर_ची']
Suffix कु not at position 1, 3, of wordform कुणी, af: ['कोण', 'pn', '', 'sg', '', 'o', 'ी', 'कु_ी']
Suffix ु not at position 2, 3, of wordform कुणी, af: ['कोण', 'pn', '', 'sg', '', 'o', 'ी', 'ु_ी']
Suffix ु not at position 2, 3, of wordform कुणी, af: ['कोण', 'pn', '', 'sg', '', 'o', 'ी', 'ु_ी']
Suffix े not at position 2, 3, of wordform के., af: ['कर', 'v', 'm', 'sg', '1', '', 'े', 'े']
Suffix े not at position 2, 3, of wordform के., af: ['कर', 'v', 'm', 'sg', '1', '', 'े', 'े']
Suffix 3 not at position 3, 4, of wordform केला, af: ['h', 'ak', 'pas', 'कर', 'v', 'm', 'sg', '3']
Suffix 3 not at position 3, 4, of wordform केला, af: ['h', 'ak', 'pas', 'कर', 'v', 'm', 'sg', '3']
Suffix 3 not at position 3, 4, of wordform केला, af: ['h', 'pas', 'ak', 'कर', 'v', 'm', 'sg', '3']
Suffix d not at position 3, 4, of wordform केला, af: ['h', 'pas', 'कर', 'v', 'm', 'sg', '3', 'd']
Suffix d not at position 3, 4, of wordform केला, af: ['h', 'pas', 'कर', 'v', 'm', 'sg', '3', 'd']
Suffix 3 not at position 3, 4, of wordform केला, af: ['pas', 'ak', 'h', 'कर', 'v', 'm', 'sg', '3']
Suffix d not at position 3, 4, of wordform केला, af: ['pas', 'ak', 'कर', 'v', 'm', 'sg', '3', 'd']
Suffix 3 not at position 3, 4, of wordform केली, af: ['p', 'ak', 'pas', 'कर', 'v', 'f', 'sg', '3']
Suffix 3 not at position 3, 4, of wordform केली, af: ['p', 'ak', 'pas', 'कर', 'v', 'f', 'sg', '3']
Suffix 3 not at position 3, 4, of wordform केली, af: ['pas', 'ak', 'p', 'कर', 'v', 'f', 'sg', '3']
Suffix ले not at position 2, 4, of wordform केली, af: ['कर', 'v', 'm', 'sg', '3', '', 'ले', 'े_ले']
Suffix े not at position 3, 4, of wordform केली, af: ['कर', 'v', 'm', 'sg', '3', '', 'ले', 'े_ले']
Suffix 3 not at position 3, 4, of wordform केले, af: ['p', 'ak', 'pas', 'कर', 'v', 'n', 'sg', '3']
Suffix 3 not at position 3, 4, of wordform केले, af: ['pas', 'ak', 'p', 'कर', 'v', 'n', 'sg', '3']
Suffix d not at position 5, 6, of wordform केलेलं, af: ['h', 'ak', 'कर', 'v', 'm', 'sg', '1', 'd']
Suffix d not at position 5, 6, of wordform केलेला, af: ['h', 'pas', 'कर', 'v', 'm', 'sg', '1', 'd']
Suffix d not at position 5, 6, of wordform केलेला, af: ['l_kr', 'kr', 'कर', 'v', 'm', 'sg', '', 'd']
Suffix d not at position 5, 6, of wordform केलेला, af: ['pas', 'ak', 'कर', 'v', 'm', 'sg', '3', 'd']
Suffix d not at position 5, 6, of wordform केलेले, af: ['h', 'pas', 'कर', 'v', 'm', 'sg', '3', 'd']
Suffix d not at position 5, 6, of wordform केलेले, af: ['h', 'pas', 'कर', 'v', 'm', 'sg', '3', 'd']
Suffix 3 not at position 5, 6, of wordform केल्या, af: ['pas', 'ak', 'h', 'कर', 'v', 'm', 'sg', '3']
Suffix ेसच्या not at position 6, 12, of wordform कॉलेजेस'च्या, af: ['कॉलेज', 'n', '', '', '', '', 'ेसच्या', 'ेसच्या']
Suffix ही not at position 6, 8, of wordform कोणतीहीच, af: ['कोणती', 'pn', '', '', '', '', 'ही', 'ही']
Suffix ही not at position 11, 13, of wordform कोणतीहीसुद्धा, af: ['कोणती', 'pn', '', '', '', '', 'ही', 'ही']
Suffix पर्यंत not at position 7, 13, of wordform क्षेत्रार्यंत, af: ['क्षेत्र', 'n', 'n', 'sg', '', 'o', 'पर्यंत', 'ा_पर्यंत']
Suffix ा not at position 12, 13, of wordform क्षेत्रार्यंत, af: ['क्षेत्र', 'n', 'n', 'sg', '', 'o', 'पर्यंत', 'ा_पर्यंत']
Suffix pas not at position 3, 6, of wordform खणाणला, af: ['खणाण', 'v', 'm', 'sg', '3', 'o', 'ला', 'pas']
Suffix ण्या not at position 11, 15, of wordform खाण्या-पिण्याची, af: ['kr', 'खा', 'v', 'n', 'sg', '', 'o', 'ण्या']
Suffix sg not at position 3, 5, of wordform गाडते, af: ['c', 'pas', 'ak', 'p', 'गाड', 'v', 'n', 'sg']
Suffix े not at position 2, 3, of wordform गाण, af: ['गाण', 'n', 'n', 'sg', '', 'o', '', 'े']
Suffix े not at position 2, 3, of wordform गाण, af: ['गाणे', 'n', 'n', 'sg', '', 'o', 'े', 'े']
Suffix ीं not at position 5, 7, of wordform गारपिटीमुळे, af: ['गारपिट', 'n', 'f', 'sg', '', '', 'मुळे', 'ीं_मुळे']
Suffix च्या not at position 8, 12, of wordform गावाच्याआतून, af: ['गाव', 'n', 'n', 'sg', '', 'o', 'च्या', 'ा_च्या']
Suffix ा not at position 11, 12, of wordform गावाच्याआतून, af: ['गाव', 'n', 'n', 'sg', '', 'o', 'च्या', 'ा_च्या']
Suffix च्या not at position 8, 12, of wordform गावाच्यामधून, af: ['गाव', 'n', 'n', 'sg', '', 'o', 'च्या', 'ा_च्या']
Suffix ा not at position 11, 12, of wordform गावाच्यामधून, af: ['गाव', 'n', 'n', 'sg', '', 'o', 'च्या', 'ा_च्या']
Suffix 3 not at position 3, 4, of wordform गेला, af: ['pas', 'ak', 'p', 'जा', 'v', 'm', 'sg', '3']
Suffix 3 not at position 3, 4, of wordform गेला, af: ['pas', 'ak', 'p', 'जा', 'v', 'm', 'sg', '3']
Suffix 3 not at position 3, 4, of wordform गेली, af: ['p', 'ak', 'pas', 'जा', 'v', 'f', 'sg', '3']
Suffix 3 not at position 3, 4, of wordform गेली, af: ['p', 'pas', 'ak', 'जा', 'v', 'f', 'sg', '3']
Suffix ले not at position 2, 4, of wordform गेली, af: ['जा', 'v', 'n', 'sg', '3', '', 'ले', 'ले']
Suffix 3 not at position 3, 4, of wordform गेले, af: ['p', 'ak', 'pas', 'जा', 'v', 'n', 'sg', '3']
Suffix 3 not at position 3, 4, of wordform गेले, af: ['p', 'pas', 'ak', 'जा', 'v', 'm', 'pl', '3']
Suffix 3 not at position 5, 6, of wordform गेल्या, af: ['p', 'ak', 'pas', 'जा', 'v', 'f', 'pl', '3']
Suffix 3 not at position 5, 6, of wordform गेल्या, af: ['p', 'ak', 'pas', 'जा', 'v', 'f', 'pl', '3']
Suffix 1 not at position 8, 9, of wordform गोंदीसाठी, af: ['h', 'ak', 'pas', 'गोंद', 'v', 'm', 'sg', '1']
Suffix kr not at position 8, 10, of wordform गौरविण्यात, af: ['गौरव', 'v', '', '', '', '', 'ि_ण्यात', 'kr']
Suffix kr not at position 8, 10, of wordform गौरविण्यात, af: ['गौरव', 'v', '', '', '', 'o', 'ि_ण्यात', 'kr']
Suffix tn not at position 7, 9, of wordform घडवणाऱ्या, af: ['घडव', 'v', '', 'pl', '', 'o', 'णाऱ्या', 'tn']
Suffix च्या not at position 6, 10, of wordform घराच्याजवळ, af: ['घर', 'n', 'n', 'sg', '', 'o', 'च्या', 'ा_च्या']
Suffix ा not at position 9, 10, of wordform घराच्याजवळ, af: ['घर', 'n', 'n', 'sg', '', 'o', 'च्या', 'ा_च्या']
Suffix च्या not at position 2, 6, of wordform घराजवळ, af: ['घर', 'n', 'n', 'sg', '', 'o', 'च्या', 'ा_च्या']
Suffix ा not at position 5, 6, of wordform घराजवळ, af: ['घर', 'n', 'n', 'sg', '', 'o', 'च्या', 'ा_च्या']
Suffix d not at position 6, 7, of wordform घातलेला, af: ['l_kr', 'kr', 'घा', 'v', 'm', 'sg', '', 'd']
Suffix 3 not at position 5, 6, of wordform घालतात, af: ['h', 'ak', 'pre', 'घाल', 'v', 'm', 'pl', '3']
Suffix ू not at position 3, 4, of wordform घुसु, af: ['घुस', 'v', '', '', '', '', 'ू', 'ू']
Suffix o not at position 7, 8, of wordform घेण्याचा, af: ['n_kr', 'kr', 'घे', 'v', 'n', 'sg', '', 'o']
Suffix o not at position 9, 10, of wordform घेण्यासाठी, af: ['n_kr', 'kr', 'घे', 'v', 'n', 'sg', '', 'o']
Suffix 3 not at position 4, 5, of wordform घेतले, af: ['p', 'kr', 'pas', 'घे', 'v', 'n', 'sg', '3']
Suffix 3 not at position 4, 5, of wordform घेतले, af: ['pas', 'kr', 'p', 'घे', 'v', 'n', 'sg', '3']
Suffix d not at position 6, 7, of wordform घेरलेला, af: ['l_kr', 'kr', 'घेर', 'v', 'm', 'sg', '', 'd']
Suffix imp not at position 1, 4, of wordform घ्या, af: ['घे', 'v', 'm', 'pl', '2', 'o', '्या', 'imp']
Suffix d not at position 3, 4, of wordform चढणे, af: ['n_kr', 'kr', 'चढ', 'v', 'n', 'sg', '', 'd']
Suffix ्यावर not at position 6, 11, of wordform चबूतर्‍यावर, af: ['चबूतरा', 'n', 'm', 'sg', '3', '', '्यावर', '्यावर']
Suffix ्यावर not at position 5, 10, of wordform चव्हाटयावर, af: ['चव्हाटा', 'n', 'm', 'sg', '', '', '्यावर', '्यावर']
Suffix या---े not at position 9, 15, of wordform चांगल्याप्रकारे, af: ['चांगल्याप्रकार', 'n', 'm', '', '', 'o', 'े', '्_या---े']
Suffix ् not at position 14, 15, of wordform चांगल्याप्रकारे, af: ['चांगल्याप्रकार', 'n', 'm', '', '', 'o', 'े', '्_या---े']
Suffix ंनी not at position 1, 4, of wordform चारी, af: ['चारी', 'n', 'f', 'pl', '3', '', 'ंनी', 'ंनी']
Suffix tn not at position 7, 9, of wordform चालणाऱ्या, af: ['चाल', 'v', '', '', '', 'o', 'णाऱ्या', 'tn']
Suffix ले not at position 3, 5, of wordform चालली, af: ['चाल', 'v', 'f', 'sg', '1', '', 'ले', 'ले']
Suffix tn not at position 8, 10, of wordform चालवणाऱ्या, af: ['चालव', 'v', '', '', '', 'o', 'णाऱ्या', 'tn']
Suffix tn not at position 8, 10, of wordform चालवणाऱ्या, af: ['चालव', 'v', '', '', '', 'o', 'णाऱ्या', 'tn']
Suffix o not at position 6, 7, of wordform चालविणे, af: ['n_kr', 'kr', 'चालव', 'v', 'n', 'sg', '', 'o']
Suffix चा not at position 9, 11, of wordform चिन्नारच्या, af: ['चिन्नार', 'n', 'n', 'sg', '', 'o', 'चा', 'चा']
Suffix े not at position 3, 4, of wordform चौथा, af: ['चौथा', 'num', '', '', '', '', 'े', 'े']
Suffix ावरुन not at position 2, 7, of wordform छतावरून, af: ['छत', 'n', 'n', 'sg', '', 'd', '', 'ावरुन']
Suffix ं not at position 6, 7, of wordform छत्र्या, af: ['छत्री', 'n', 'f', 'pl', '', 'o', 'ं', '्या_ं']
Suffix 3 not at position 4, 5, of wordform जगतात, af: ['h', 'pre', 'ak', 'जग', 'v', 'm', 'pl', '3']
Suffix े not at position 8, 9, of wordform जनावरे..., af: ['जनावर', 'n', 'n', 'pl', '', 'o', 'े', 'े']
Suffix o not at position 7, 8, of wordform जपण्याची, af: ['n_kr', 'kr', 'जप', 'v', 'n', 'sg', '', 'o']
Suffix ची not at position 3, 5, of wordform जपानी, af: ['जपान', 'n', 'm', 'sg', '', 'o', 'ची', 'ची']
Suffix च्या not at position 2, 6, of wordform जमि<fs, af: ['जमिनीच्या', 'n', 'f', 'sg', '', 'o', 'च्या', 'ी_च्या']
Suffix ी not at position 5, 6, of wordform जमि<fs, af: ['जमिनीच्या', 'n', 'f', 'sg', '', 'o', 'च्या', 'ी_च्या']
Suffix चे not at position 2, 4, of wordform जवळच, af: ['जवळ', 'nst', '', '', '', '', 'चे', 'चे']
Suffix चे not at position 4, 6, of wordform जवळजवळ, af: ['जवळजवळ', 'nst', '', '', '', '', 'चे', 'चे']
Suffix चे not at position 4, 6, of wordform जवळजवळ, af: ['जवळजवळ', 'nst', '', '', '', '', 'चे', 'चे']
Suffix े not at position 1, 2, of wordform जसजसे, af: ['जसा', 'pn', 'm', 'pl', '', 'd', '', 'े_जसे']
Suffix d not at position 3, 4, of wordform जाणे, af: ['n_kr', 'kr', 'जा', 'v', 'n', 'sg', '', 'd']
Suffix o not at position 7, 8, of wordform जाण्याचा, af: ['n_kr', 'kr', 'जा', 'v', 'n', 'sg', '', 'o']
Suffix च्या not at position 4, 8, of wordform जाण्याचा, af: ['जा', 'v', 'n', 'sg', '', 'o', 'च्या', 'ण्या_च्या']
Suffix ण्या not at position 4, 8, of wordform जाण्याचा, af: ['जा', 'v', 'n', 'sg', '', 'o', 'च्या', 'ण्या_च्या']
Suffix o not at position 9, 10, of wordform जाण्यासाठी, af: ['n_kr', 'kr', 'जा', 'v', 'n', 'sg', '', 'o']
Suffix ली not at position 1, 3, of wordform जात, af: ['कर', 'v', 'f', 'sg', '', 'd', 'ली', 'ली']
Suffix 3 not at position 4, 5, of wordform जातात, af: ['h', 'ak', 'pre', 'जा', 'v', 'f', 'pl', '3']
Suffix 3 not at position 4, 5, of wordform जातात, af: ['h', 'ak', 'pre', 'जा', 'v', 'm', 'pl', '3']
Suffix 3 not at position 4, 5, of wordform जातात, af: ['h', 'ak', 'pre', 'जा', 'v', 'n', 'pl', '3']
Suffix 3 not at position 4, 5, of wordform जातात, af: ['h', 'pre', 'ak', 'जा', 'v', 'f', 'pl', '3']
Suffix 3 not at position 4, 5, of wordform जातात, af: ['h', 'pre', 'ak', 'जा', 'v', 'n', 'pl', '3']
Suffix 3 not at position 4, 5, of wordform जातात, af: ['pre', 'ak', 'h', 'जा', 'v', 'f', 'pl', '3']
Suffix 3 not at position 4, 5, of wordform जातात, af: ['pre', 'ak', 'h', 'जा', 'v', 'm', 'pl', '3']
Suffix ते not at position 3, 5, of wordform जातात, af: ['जा', 'v', '', '', '', '', 'ते', 'ते']
Suffix 3 not at position 3, 4, of wordform जाते, af: ['ak', 'p', 'pas', 'जा', 'v', 'm', 'pl', '3']
Suffix 3 not at position 3, 4, of wordform जाते, af: ['ak', 'p', 'pas', 'जा', 'v', 'n', 'sg', '3']
Suffix 3 not at position 3, 4, of wordform जाते, af: ['h', 'ak', 'pre', 'जा', 'v', 'f', 'sg', '3']
Suffix 3 not at position 3, 4, of wordform जाते, af: ['h', 'ak', 'pre', 'जा', 'v', 'n', 'sg', '3']
Suffix 3 not at position 3, 4, of wordform जाते, af: ['h', 'ak', 'pre', 'जा', 'v', 'n', 'sg', '3']
Suffix 3 not at position 3, 4, of wordform जाते, af: ['h', 'pre', 'ak', 'जा', 'v', 'f', 'sg', '3']
Suffix 3 not at position 3, 4, of wordform जाते, af: ['h', 'pre', 'ak', 'जा', 'v', 'n', 'sg', '3']
Suffix 1 not at position 3, 4, of wordform जाते, af: ['pre', 'ak', 'h', 'जा', 'v', 'f', 'sg', '1']
Suffix 3 not at position 3, 4, of wordform जाते, af: ['pre', 'ak', 'h', 'जा', 'v', 'f', 'sg', '3']
Suffix 3 not at position 3, 4, of wordform जाते, af: ['pre', 'ak', 'h', 'जा', 'v', 'f', 'sg', '3']
Suffix 3 not at position 3, 4, of wordform जाते, af: ['pre', 'ak', 'h', 'जा', 'v', 'n', 'sg', '3']
Suffix 3 not at position 3, 4, of wordform जाते, af: ['pre', 'ak', 'h', 'जा', 'v', 'n', 'sg', '3']
Suffix ते not at position 2, 4, of wordform जातो, af: ['ak', 'जा', 'v', 'n', 'sg', '3', '', 'ते']
Suffix 3 not at position 3, 4, of wordform जातो, af: ['h', 'ak', 'pre', 'जा', 'v', 'm', 'sg', '3']
Suffix 3 not at position 3, 4, of wordform जातो, af: ['h', 'ak', 'pre', 'जा', 'v', 'm', 'sg', '3']
Suffix 3 not at position 3, 4, of wordform जातो, af: ['h', 'ak', 'pre', 'जा', 'v', 'm', 'sg', '3']
Suffix 3 not at position 3, 4, of wordform जातो, af: ['h', 'pre', 'ak', 'जा', 'v', 'm', 'sg', '3']
Suffix 3 not at position 3, 4, of wordform जातो, af: ['pre', 'ak', 'h', 'जा', 'v', 'm', 'sg', '3']
Suffix 3 not at position 3, 4, of wordform जातो, af: ['pre', 'ak', 'h', 'जा', 'v', 'm', 'sg', '3']
Suffix m not at position 2, 3, of wordform जाव, af: ['जा', 'v', '', '', '', '', 'व', 'm']
Suffix ावं not at position 0, 3, of wordform जाव, af: ['जा', 'v', 'n', 'sg', '3', '', 'ावं', 'ावं']
Suffix i not at position 3, 4, of wordform जावो, af: ['जा', 'v', '', '', '', 'o', 'वो', 'i']
Suffix ात not at position 3, 5, of wordform जास्त, af: ['जास्त', 'n', 'n', 'sg', '', 'o', '', 'ात']
Suffix ुंना not at position 6, 10, of wordform जीवजंतूंना, af: ['जीवजंतु', 'n', 'n', 'pl', '', 'o', 'ुंना', 'ुंना']
Suffix ा not at position 12, 13, of wordform झाडा-झुडपांनी, af: ['झाड-झुडप', 'n', 'n', 'pl', '', 'o', 'ा', 'ा']
Suffix 3 not at position 3, 4, of wordform झाला, af: ['p', 'ak', 'pas', 'हो', 'v', 'm', 'sg', '3']
Suffix 3 not at position 3, 4, of wordform झाला, af: ['p', 'pas', 'ak', 'हो', 'v', 'm', 'sg', '3']
Suffix 3 not at position 3, 4, of wordform झाला, af: ['p', 'pas', 'ak', 'हो', 'v', 'm', 'sg', '3']
Suffix 3 not at position 3, 4, of wordform झाली, af: ['p', 'ak', 'pas', 'हो', 'v', 'f', 'sg', '3']
Suffix 3 not at position 3, 4, of wordform झाली, af: ['pas', 'ak', 'p', 'हो', 'v', 'f', 'sg', '3']
Suffix 3 not at position 3, 4, of wordform झाले, af: ['p', 'ak', 'pas', 'हो', 'v', 'n', 'sg', '3']
Suffix 3 not at position 3, 4, of wordform झाले, af: ['p', 'pas', 'ak', 'हो', 'v', 'n', 'sg', '3']
Suffix o not at position 8, 9, of wordform झोपण्याचा, af: ['kr', 'n_kr', 'झोप', 'v', 'n', 'sg', '', 'o']
Suffix ्यांनी not at position 6, 12, of wordform टक्‍क्‍यांनी, af: ['टक्\u200dका', 'n', 'm', 'pl', '', '', '्यांनी', '्यांनी']
Suffix ्यांवरून not at position 6, 14, of wordform टक्‍क्‍यांवरून, af: ['टक्\u200dका', 'n', 'm', 'pl', '', '', '्यांवरून', '्यांवरून']
Suffix 3 not at position 5, 6, of wordform टाकतात, af: ['h', 'ak', 'pre', 'टाक', 'v', 'm', 'pl', '3']
Suffix 3 not at position 4, 5, of wordform टाकले, af: ['p', 'ak', 'pas', 'टाक', 'v', 'm', 'pl', '3']
Suffix 3 not at position 4, 5, of wordform टाळले, af: ['p', 'ak', 'pas', 'टाळ', 'v', 'n', 'sg', '3']
Suffix 3 not at position 5, 6, of wordform ठरवतात, af: ['h', 'ak', 'pre', 'ठरव', 'v', 'm', 'pl', '3']
Suffix चे not at position 4, 6, of wordform ठिकाणी, af: ['ठिकाण', 'n', 'n', 'pl', '', 'o', 'चे', 'ां_चे']
Suffix ां not at position 4, 6, of wordform ठिकाणी, af: ['ठिकाण', 'n', 'n', 'pl', '', 'o', 'चे', 'ां_चे']
Suffix d not at position 4, 5, of wordform ठेवणे, af: ['n_kr', 'kr', 'ठेव', 'v', 'n', 'sg', '', 'd']
Suffix 3 not at position 4, 5, of wordform ठेवते, af: ['h', 'pre', 'ak', 'ठेव', 'v', 'n', 'sg', '3']
Suffix 3 not at position 4, 5, of wordform ठेवले, af: ['p', 'ak', 'pas', 'ठेव', 'v', 'n', 'sg', '3']
Suffix स्‌ not at position 8, 11, of wordform इव्हेंटस्‌'चा, af: ['इव्हेंट', 'n', 'm', 'pl', '', 'o', 'चा', 'स्\u200c_चा']
Suffix 3 not at position 4, 5, of wordform ढकलले, af: ['pas', 'ak', 'p', 'ढकल', 'v', 'f', 'sg', '3']
Suffix ा not at position 8, 9, of wordform दुष्काळा'शी, af: ['दुष्काळ', 'n', 'm', 'sg', '', 'o', 'शी', 'ा_शी']
Suffix pas not at position 3, 6, of wordform ढासळले, af: ['ढासळ', 'v', 'n', 'sg', '3', 'ले', 'ले', 'pas']
Suffix ा not at position 5, 6, of wordform तलावा'च्या, af: ['तलाव', 'n', 'm', 'sg', '', 'o', 'च्या', 'ा_च्या']
Suffix 3 not at position 4, 5, of wordform तळतात, af: ['pre', 'ak', 'h', 'तळ', 'v', 'n', 'pl', '3']
Suffix ां not at position 6, 8, of wordform तात्यां'च्या, af: ['तात्या', 'n', 'm', '', '', '', 'च्या', 'ां_च्या']
Suffix े not at position 8, 9, of wordform तारखेच्या, af: ['तारीख', 'n', 'f', 'sg', '', 'o', 'े', 'े']
Suffix ा not at position 11, 12, of wordform तुडवड्यामुळे, af: ['तुडवडा', 'n', 'm', '', '', 'o', 'ा', 'ा']
Suffix ्यावर not at position 3, 8, of wordform तेवढयावर, af: ['तेवढे', 'pn', '', '', '', '', '्यावर', '्यावर']
Suffix ची not at position 13, 15, of wordform त्याच्याअंतर्गत, af: ['त्याच्याअंतर्गत', 'pn', 'n', 'sg', '', 'o', 'ची', '्या_ची']
Suffix ्या not at position 12, 15, of wordform त्याच्याअंतर्गत, af: ['त्याच्याअंतर्गत', 'pn', 'n', 'sg', '', 'o', 'ची', '्या_ची']
Suffix च्या not at position 9, 13, of wordform त्याच्याबद्दल, af: ['तो', 'pn', 'm', 'sg', '', 'o', 'च्या', '्या_च्या']
Suffix ्या not at position 10, 13, of wordform त्याच्याबद्दल, af: ['तो', 'pn', 'm', 'sg', '', 'o', 'च्या', '्या_च्या']
Suffix ्या-तील not at position 0, 7, of wordform त्यातील, af: ['तो', 'pn', '', '', '', 'o', 'तील', '्या-तील']
Suffix kr not at position 3, 5, of wordform थडकले, af: ['थडक', 'v', 'n', 'sg', '3', 'o', 'ले', 'kr']
Suffix ली not at position 7, 9, of wordform थरालीवरून, af: ['थरालीवरून', 'n', 'm', 'sg', '', 'o', 'ली', 'ा_ली']
Suffix ा not at position 8, 9, of wordform थरालीवरून, af: ['थरालीवरून', 'n', 'm', 'sg', '', 'o', 'ली', 'ा_ली']
Suffix 3 not at position 6, 7, of wordform थांबवतो, af: ['h', 'ak', 'pre', 'थांबव', 'v', 'm', 'sg', '3']
Suffix सुद्धा not at position 0, 6, of wordform थोडीही, af: ['थोडा', 'adv', '', '', '', '', 'सुद्धा', 'ी_सुद्धा']
Suffix ्या not at position 3, 6, of wordform दर्‍या, af: ['दरी', 'n', 'f', 'pl', '3', '', '्या', '्या']
Suffix ्यांनी not at position 3, 9, of wordform दर्‍यांनी, af: ['दरी', 'n', 'f', 'pl', '', '', '्यांनी', '्यांनी']
Suffix ्यांमध्ये not at position 3, 12, of wordform दर्‍यांमध्ये, af: ['दरी', 'n', 'f', 'pl', '3', '', '्यांमध्ये', '्यांमध्ये']
Suffix चे not at position 5, 7, of wordform दर्जाची, af: ['दर्जा', 'n', 'm', 'sg', '', 'o', 'चे', 'चे']
Suffix 3 not at position 6, 7, of wordform दर्शवते, af: ['h', 'ak', 'pre', 'दर्शव', 'v', 'n', 'sg', '3']
Suffix pas not at position 5, 8, of wordform दर्शविली, af: ['दर्शविली', 'v', 'f', 'sg', '3', 'o', 'ि_ली', 'pas']
Suffix ं not at position 4, 5, of wordform दहावे, af: ['दहावा', 'num', '', '', '', '', 'ं', 'े_ं']
Suffix 3 not at position 5, 6, of wordform दाखवते, af: ['h', 'ak', 'pre', 'दाखव', 'v', 'n', 'sg', '3']
Suffix 3 not at position 5, 6, of wordform दाखवतो, af: ['h', 'ak', 'pre', 'दाखव', 'v', 'm', 'sg', '3']
Suffix d not at position 7, 8, of wordform दाखवलेला, af: ['l_kr', 'kr', 'दाखव', 'v', 'm', 'sg', '', 'd']
Suffix kr not at position 8, 10, of wordform दाखविण्यात, af: ['दाखव', 'v', '', 'sg', '', 'o', 'ण्यात', 'kr']
Suffix 3 not at position 6, 7, of wordform दाखविले, af: ['p', 'ak', 'pas', 'दाखव', 'v', 'm', 'pl', '3']
Suffix 3 not at position 3, 4, of wordform दिला, af: ['p', 'ak', 'pas', 'दे', 'v', 'm', 'sg', '3']
Suffix 3 not at position 3, 4, of wordform दिला, af: ['pas', 'ak', 'p', 'दे', 'v', 'm', 'sg', '3']
Suffix 3 not at position 3, 4, of wordform दिली, af: ['p', 'ak', 'pas', 'दे', 'v', 'n', 'pl', '3']
Suffix 3 not at position 4, 5, of wordform दिसते, af: ['h', 'ak', 'pre', 'दिस', 'v', 'n', 'sg', '3']
Suffix 3 not at position 4, 5, of wordform दिसतो, af: ['h', 'pre', 'ak', 'दिस', 'v', 'm', 'sg', '3']
Suffix 3 not at position 4, 5, of wordform दिसतो, af: ['pre', 'ak', 'h', 'दिस', 'v', 'm', 'sg', '3']
Suffix न not at position 6, 7, of wordform दुकानांवर, af: ['दुकान', 'n', 'n', 'sg', '', 'o', 'वर', 'ा_ं_न_वर']
Suffix च्या not at position 11, 15, of wordform दुकानाच्यापुढून, af: ['दुकान', 'n', 'n', 'sg', '', 'o', 'च्या', 'ा_च्या']
Suffix ा not at position 14, 15, of wordform दुकानाच्यापुढून, af: ['दुकान', 'n', 'n', 'sg', '', 'o', 'च्या', 'ा_च्या']
Suffix च्या not at position 12, 16, of wordform दुकानाच्यासमोरून, af: ['दुकान', 'n', 'n', 'sg', '', 'o', 'च्या', 'ा_च्या']
Suffix ा not at position 15, 16, of wordform दुकानाच्यासमोरून, af: ['दुकान', 'n', 'n', 'sg', '', 'o', 'च्या', 'ा_च्या']
Suffix ं not at position 5, 6, of wordform दुकाने, af: ['दुकान', 'n', 'n', 'pl', '', 'd', '', 'े_ं']
Suffix च्या not at position 9, 13, of wordform दुधाच्याशिवाय, af: ['दूध', 'n', 'n', 'sg', '', 'o', 'च्या', 'ा_च्या']
Suffix ा not at position 12, 13, of wordform दुधाच्याशिवाय, af: ['दूध', 'n', 'n', 'sg', '', 'o', 'च्या', 'ा_च्या']
Suffix च्या not at position 5, 9, of wordform दुधाशिवाय, af: ['दूध', 'n', 'n', 'sg', '', 'o', 'च्या', 'ा_च्या']
Suffix ा not at position 8, 9, of wordform दुधाशिवाय, af: ['दूध', 'n', 'n', 'sg', '', 'o', 'च्या', 'ा_च्या']
Suffix ं not at position 5, 6, of wordform दृश्ये, af: ['दृश्य', 'n', 'n', 'pl', '', 'd', '', 'े_ं']
Suffix ना not at position 4, 6, of wordform दृश्ये, af: ['दृश्य', 'n', 'n', 'pl', '', 'o', 'ना', 'ां_ना']
Suffix ां not at position 4, 6, of wordform दृश्ये, af: ['दृश्य', 'n', 'n', 'pl', '', 'o', 'ना', 'ां_ना']
Suffix ला not at position 4, 6, of wordform दृश्ये, af: ['दृश्य', 'n', 'n', 'sg', '', 'o', 'ला', 'ा_ला']
Suffix ा not at position 5, 6, of wordform दृश्ये, af: ['दृश्य', 'n', 'n', 'sg', '', 'o', 'ला', 'ा_ला']
Suffix ऱ्यांच्य not at position 5, 13, of wordform देणाऱ्यांच्या, af: ['दे', 'v', 'm', 'pl', '', 'o', 'kr', 'ऱ्यांच्य']
Suffix o not at position 7, 8, of wordform देण्याचा, af: ['n_kr', 'kr', 'दे', 'v', 'n', 'sg', '', 'o']
Suffix o not at position 9, 10, of wordform देण्याच्या, af: ['n_kr', 'kr', 'दे', 'v', 'n', 'sg', '', 'o']
Suffix o not at position 9, 10, of wordform देण्यासाठी, af: ['n_kr', 'kr', 'दे', 'v', 'n', 'sg', '', 'o']
Suffix 3 not at position 4, 5, of wordform देतात, af: ['h', 'ak', 'pre', 'दे', 'v', 'm', 'pl', '3']
Suffix 3 not at position 3, 4, of wordform देते, af: ['h', 'ak', 'pre', 'दे', 'v', 'f', 'sg', '3']
Suffix 3 not at position 3, 4, of wordform देते, af: ['h', 'ak', 'pre', 'दे', 'v', 'n', 'sg', '3']
Suffix ते not at position 6, 8, of wordform देतेवेळी, af: ['देतेवेळी', 'v', 'n', 'sg', '3', '', 'ते', 'ते']
Suffix 1 not at position 3, 4, of wordform देतो, af: ['p', 'pas', 'c', 'दे', 'v', 'm', 'pl', '1']
Suffix च्या not at position 4, 8, of wordform देवदारांमध्ये, af: ['देवदार', 'n', 'm', 'pl', '3', '', 'ां_च्या_मध्ये', 'ां_च्या_मध्ये']
Suffix च्या not at position 8, 12, of wordform दोघांच्यामधे, af: ['दोघांच्या', 'pn', 'm', '', '', 'o', 'च्या', 'ां_च्या']
Suffix ां not at position 10, 12, of wordform दोघांच्यामधे, af: ['दोघांच्या', 'pn', 'm', '', '', 'o', 'च्या', 'ां_च्या']
Suffix च्या not at position 10, 14, of wordform दोघांच्यामध्ये, af: ['दोघांच्या', 'pn', 'm', '', '', 'o', 'च्या', 'ां_च्या']
Suffix ां not at position 12, 14, of wordform दोघांच्यामध्ये, af: ['दोघांच्या', 'pn', 'm', '', '', 'o', 'च्या', 'ां_च्या']
Suffix चे not at position 9, 11, of wordform धान्यांच्या, af: ['धान्य', 'n', 'n', 'pl', '', 'o', 'चे', 'ां_चे']
Suffix ां not at position 9, 11, of wordform धान्यांच्या, af: ['धान्य', 'n', 'n', 'pl', '', 'o', 'चे', 'ां_चे']
Suffix o not at position 9, 10, of wordform धुण्यासाठी, af: ['n_kr', 'kr', 'धु', 'v', 'n', 'sg', '', 'o']
Suffix ं not at position 4, 5, of wordform नद्या, af: ['नदी', 'n', 'f', 'pl', '', 'd', 'ं', '्या_ं']
Suffix pas not at position 2, 5, of wordform नरमले, af: ['नरम', 'v', 'm', 'pl', '3', 'o', 'ले', 'pas']
Suffix ् not at position 5, 6, of wordform नव्हता, af: ['नस', 'v', 'm', 'sg', '3', '', 'ता', '्']
Suffix ् not at position 0, 1, of wordform नव्हती, af: ['नस', 'v', 'f', 'sg', '3', '', 'ती', '्_व्ह_ती']
Suffix व्हे not at position 0, 4, of wordform नव्हते, af: ['नस', 'v', 'n', 'sg', '3', '', 'ते', '_व्हे_ते']
Suffix ्या not at position 9, 12, of wordform नशापार्ट्यांमुळे, af: ['नशापार्ट्यां', 'n', 'f', 'pl', '', 'o', '्यामुळे', '्या_मुळे']
Suffix d not at position 6, 7, of wordform नांगरणे, af: ['n_kr', 'kr', 'नांगर', 'v', 'n', 'sg', '', 'd']
Suffix 3 not at position 3, 4, of wordform नाही, af: ['s', 'ak', 'pre', 'नस', 'v', '', 'sg', '3']
Suffix 3 not at position 3, 4, of wordform नाही, af: ['s', 'pre', 'ak', 'नस', 'v', '', 'sg', '3']
Suffix 3 not at position 3, 4, of wordform नाही, af: ['s', 'pre', 'ak', 'नस', 'v', '', 'sg', '3']
Suffix 3 not at position 3, 4, of wordform नाही, af: ['s', 'ak', 'pre', 'नस', 'v', '', 'sg', '3']
Suffix 3 not at position 4, 5, of wordform नाहीत, af: ['s', 'ak', 'pre', 'नाही', 'v', '', 'pl', '3']
Suffix 3 not at position 5, 6, of wordform नाहीसा, af: ['s', 'pre', 'ak', 'नस', 'v', '', 'sg', '3']
Suffix d not at position 4, 5, of wordform निघणे, af: ['n_kr', 'kr', 'निघ', 'v', 'n', 'sg', '', 'd']
Suffix kr not at position 9, 11, of wordform निर्ढावलेले, af: ['निर्ढाव', 'v', 'n', 'sg', '3', 'o', 'लेले', 'kr']
Suffix d not at position 9, 10, of wordform निर्मिलेले, af: ['l_kr', 'kr', 'निर्मि', 'n', '', 'sg', '', 'd']
Suffix d not at position 3, 4, of wordform पडणे, af: ['n_kr', 'kr', 'पड', 'v', 'n', 'sg', '', 'd']
Suffix o not at position 7, 8, of wordform पडण्याची, af: ['n_kr', 'kr', 'पड', 'v', 'n', 'sg', '', 'o']
Suffix 3 not at position 4, 5, of wordform पडतात, af: ['h', 'ak', 'pre', 'पड', 'v', 'm', 'pl', '3']
Suffix 3 not at position 3, 4, of wordform पडले, af: ['p', 'ak', 'pas', 'पड', 'v', 'n', 'sg', '3']
Suffix ें not at position 4, 6, of wordform पथदिवे, af: ['पथदिवा', 'n', 'm', 'pl', '', '', 'े', 'ें']
Suffix ाःला not at position 3, 7, of wordform परवताला, af: ['पर्वत', 'n', 'm', 'sg', '', 'o', 'ला', 'ाःला']
Suffix ां not at position 8, 10, of wordform पर्वतरांगाना, af: ['पर्वतरांग', 'n', 'f', 'pl', '3', '', 'ां_ना', 'ां_ना']
Suffix ांमधुन not at position 5, 11, of wordform पर्वतांमधून, af: ['पर्वत', 'n', 'm', 'pl', '3', '', 'ांमधुन', 'ांमधुन']
Suffix o not at position 7, 8, of wordform पळण्याची, af: ['n_kr', 'kr', 'पळ', 'v', 'n', 'sg', '', 'o']
Suffix 3 not at position 4, 5, of wordform पसरली, af: ['pas', 'ak', 'p', 'पसर', 'v', 'f', 'sg', '3']
Suffix 3 not at position 4, 5, of wordform पसरले, af: ['p', 'ak', 'pas', 'पसर', 'v', 'n', 'sg', '3']
Suffix 3 not at position 5, 6, of wordform पसरवला, af: ['pas', 'ak', 'p', 'पसरव', 'v', 'm', 'sg', '3']
Suffix ्-याची not at position 4, 10, of wordform पाटपाण्यची, af: ['पाटपाण्याची', 'n', 'n', 'sg', '', 'o', 'याची', '्-याची']
Suffix pas not at position 2, 5, of wordform पाडले, af: ['पाड', 'v', 'n', 'sg', '3', 'o', 'ले', 'pas']
Suffix व not at position 3, 4, of wordform पावसाच्या, af: ['पाऊस', 'n', 'm', 'sg', '', 'o', 'च्या', 'व_ा_च्या']
Suffix व not at position 3, 4, of wordform पावसानंतर, af: ['पाऊस', 'n', 'm', 'sg', '', 'o', 'नंतर', 'व_ा_नंतर']
Suffix व not at position 3, 4, of wordform पावसापासून, af: ['पाऊस', 'n', 'm', 'sg', '', 'o', 'पासून', 'व_ा_पासून']
Suffix व not at position 3, 4, of wordform पावसामुळे, af: ['पाऊस', 'n', 'm', 'sg', '', 'o', 'मुळे', 'व_ा_मुळे']
Suffix व not at position 3, 4, of wordform पावसावर, af: ['पाऊस', 'n', 'm', 'sg', '', 'o', 'वर', 'व_ा_वर']
Suffix सारखे not at position 7, 12, of wordform पाहण्यासारखी, af: ['पाह', 'v', 'n', 'sg', '', 'o', 'सारखे', 'ण्या_सारखे']
Suffix ण्या not at position 8, 12, of wordform पाहण्यासारखी, af: ['पाह', 'v', 'n', 'sg', '', 'o', 'सारखे', 'ण्या_सारखे']
Suffix o not at position 4, 5, of wordform पाहिल, af: ['p', 'c', 'पाह', 'v', '', 'sg', '3', 'o']
Suffix ल not at position 5, 6, of wordform पाहिली, af: ['पाह', 'v', 'f', 'sg', '1', '', 'ल', 'ि_ल']
Suffix ि not at position 5, 6, of wordform पाहिली, af: ['पाह', 'v', 'f', 'sg', '1', '', 'ल', 'ि_ल']
Suffix 3 not at position 5, 6, of wordform पाहिले, af: ['p', 'ak', 'pas', 'पाह', 'v', 'n', 'sg', '3']
Suffix ऊन not at position 4, 6, of wordform पिऊनही, af: ['kr', 'पि', 'v', '', '', '', '', 'ऊन']
Suffix 3 not at position 6, 7, of wordform पिकविले, af: ['p', 'pas', 'ak', 'पिकव', 'v', 'n', 'sg', '3']
Suffix चे not at position 7, 9, of wordform पिकांच्या, af: ['पिक', 'n', 'n', 'pl', '', 'o', 'चे', 'ां_चे']
Suffix ां not at position 7, 9, of wordform पिकांच्या, af: ['पिक', 'n', 'n', 'pl', '', 'o', 'चे', 'ां_चे']
Suffix े not at position 6, 7, of wordform पिके..., af: ['पीक', 'n', 'n', 'pl', '', 'o', 'े', 'ि_े']
Suffix ि not at position 6, 7, of wordform पिके..., af: ['पीक', 'n', 'n', 'pl', '', 'o', 'े', 'ि_े']
Suffix ्याची not at position 4, 9, of wordform पुण्या"ची, af: ['पुणे', 'n', 'n', 'sg', '', 'o', '्याची', '्याची']
Suffix बरोबरच not at position 8, 14, of wordform पुरस्कारारोबरच, af: ['पुरस्कार', 'n', 'm', 'sg', '', 'o', 'बरोबरच', 'ा_बरोबरच']
Suffix ा not at position 13, 14, of wordform पुरस्कारारोबरच, af: ['पुरस्कार', 'n', 'm', 'sg', '', 'o', 'बरोबरच', 'ा_बरोबरच']
Suffix ूा not at position 2, 4, of wordform पुरात, af: ['पुर', 'n', 'n', 'sg', '', 'o', 'त', 'ूा_त']
Suffix d not at position 6, 7, of wordform पोहोचणे, af: ['n_kr', 'kr', 'पोहोच', 'v', 'n', 'sg', '', 'd']
Suffix अंतर्गत not at position 7, 14, of wordform प्रकल्पांतर्गत, af: ['प्रकल्प', 'n', 'm', 'sg', '3', '', 'अंतर्गत', 'अंतर्गत']
Suffix ातर्फे not at position 8, 14, of wordform प्रकाशना'तर्फे, af: ['प्रकाशन', 'n', 'n', 'sg', '', 'o', '', 'ातर्फे']
Suffix ये not at position 8, 10, of wordform प्रक्रिये'साठी, af: ['प्रक्रिया', 'n', 'f', 'sg', '', '', 'साठी', 'ये_साठी']
Suffix ल not at position 10, 11, of wordform प्रत्येकाला, af: ['प्रत्येक', 'n', '', 'sg', '', 'o', 'ल', 'ा_ल']
Suffix च्या not at position 8, 12, of wordform प्रधानमंत्र्, af: ['प्रधानमंत्री', 'n', 'm', 'pl', '', 'o', 'च्या', 'ा_च्या']
Suffix ा not at position 11, 12, of wordform प्रधानमंत्र्, af: ['प्रधानमंत्री', 'n', 'm', 'pl', '', 'o', 'च्या', 'ा_च्या']
Suffix ा not at position 5, 6, of wordform प्रवीण, af: ['प्रवीण', 'n', '', '', '', '', 'ा', 'च_ा']
Suffix च not at position 5, 6, of wordform प्रवीण, af: ['प्रवीण', 'n', '', '', '', '', 'ा', 'च_ा']
Suffix च्या not at position 8, 12, of wordform प्रवेशद्वारामध्ये, af: ['प्रवेशद्वार', 'n', 'n', 'sg', '', 'o', 'मध्ये', 'ा_च्या_मध्ये']
Suffix ं not at position 11, 12, of wordform प्रवेशद्वारे, af: ['प्रवेशद्वार', 'n', 'n', 'pl', '', 'd', '', 'ं']
Suffix ची not at position 7, 9, of wordform प्राधिकरण, af: ['प्राधिकरण', 'n', 'n', 'sg', '', 'o', 'ची', 'ा_ची']
Suffix ा not at position 8, 9, of wordform प्राधिकरण, af: ['प्राधिकरण', 'n', 'n', 'sg', '', 'o', 'ची', 'ा_ची']
Suffix o not at position 8, 9, of wordform फिरण्याचा, af: ['n_kr', 'kr', 'फिर', 'v', 'n', 'sg', '', 'o']
Suffix 3 not at position 5, 6, of wordform फिरवली, af: ['p', 'ak', 'pas', 'फिरव', 'v', 'f', 'sg', '3']
Suffix ूल not at position 1, 3, of wordform फुल, af: ['फूल', 'n', 'n', 'pl', '', 'o', 'ूल', 'ूल']
Suffix 3 not at position 4, 5, of wordform फेकते, af: ['p', 'pas', 'c', 'फेक', 'v', 'n', 'sg', '3']
Suffix 3 not at position 5, 6, of wordform फोडतात, af: ['h', 'ak', 'pre', 'फोड', 'v', 'n', 'pl', '3']
Suffix च्या not at position 4, 8, of wordform बगीच्यांमध्ये, af: ['बगीचा', 'n', 'm', 'pl', '', 'o', 'मध्ये', '्यां_च्या_मध्ये']
Suffix 3 not at position 5, 6, of wordform बजावते, af: ['h', 'ak', 'pre', 'बजाव', 'v', 'f', 'sg', '3']
Suffix pl not at position 5, 7, of wordform बदलत्या, af: ['p', 'c', 'ak', 'pas', 'बदल', 'v', 'n', 'pl']
Suffix 3 not at position 3, 4, of wordform बनते, af: ['h', 'ak', 'pre', 'बन', 'v', 'n', 'sg', '3']
Suffix 3 not at position 3, 4, of wordform बनले, af: ['p', 'ak', 'pas', 'बन', 'v', 'n', 'sg', '3']
Suffix o not at position 10, 11, of wordform बनवण्याच्या, af: ['n_kr', 'kr', 'बनव', 'v', 'n', 'sg', '', 'o']
Suffix िले not at position 3, 6, of wordform बनविली, af: ['बनव', 'v', 'n', 'sg', '3', '', 'िले', 'िले']
Suffix ा not at position 3, 4, of wordform बरीच, af: ['वर्म', 'n', 'n', 'sg', '', 'o', 'ा', 'ा']
Suffix d not at position 5, 6, of wordform बसलेला, af: ['kr', 'l_kr', 'बस', 'v', 'm', 'sg', '', 'd']
Suffix d not at position 6, 7, of wordform बहरलेला, af: ['l_kr', 'kr', 'बहर', 'v', 'm', 'sg', '', 'd']
Suffix o not at position 9, 10, of wordform बांधण्याची, af: ['n_kr', 'kr', 'बांध', 'v', 'n', 'sg', '', 'o']
Suffix 3 not at position 4, 5, of wordform बांधल, af: ['p', 'pas', 'c', 'बांध', 'v', 'm', 'sg', '3']
Suffix d not at position 7, 8, of wordform बांधलेला, af: ['l_kr', 'kr', 'बांध', 'v', 'm', 'sg', '', 'd']
Suffix समोर not at position 5, 9, of wordform बाबांच्या, af: ['बाबा', 'n', 'm', 'pl', '', 'o', 'समोर', 'ं_च्या_समोर']
Suffix को not at position 3, 5, of wordform बायका, af: ['बाई', 'n', 'f', 'pl', '', 'o', 'को', 'य_को']
Suffix य not at position 4, 5, of wordform बायका, af: ['बाई', 'n', 'f', 'pl', '', 'o', 'को', 'य_को']
Suffix ून not at position 5, 7, of wordform बाहेरुन, af: ['बाहेर', 'nst', '', '', '', '', 'ून', 'ून']
Suffix ाःच्या not at position 12, 18, of wordform बिजोत्पादनाच्1.7या, af: ['बिजोत्पादन', 'n', 'n', '', '', 'o', 'च्या', 'ाःच्या']
Suffix मध्ये not at position 7, 12, of wordform बुंदेलखंडाचा, af: ['बुंदेलखंड', 'n', 'm', 'sg', '', 'o', 'मध्ये', 'ा_मध्ये']
Suffix च्या not at position 0, 4, of wordform बेटाजवळ, af: ['बेट', 'n', 'n', 'sg', '', 'o', 'जवळ', 'ा_च्या_जवळ']
Suffix ता not at position -1, 1, of wordform -, af: ['वाज', 'v', '', '', '', '', 'ता', 'ता']
Suffix ं not at position 0, 1, of wordform -, af: ['ak', 'हव', 'v', 'n', 'sg', '3', '', 'ं']
Suffix d not at position 6, 7, of wordform भाजलेला, af: ['l_kr', 'kr', 'भाज', 'v', 'm', 'sg', '', 'd']
Suffix च्य not at position 6, 9, of wordform भारताच्या, af: ['भारत', 'n', 'm', 'sg', '', 'o', 'च्या', 'ा_च्य']
Suffix च्या not at position 6, 10, of wordform भारताविषयी, af: ['भारत', 'n', 'm', 'sg', '', 'o', 'च्या', 'ा_च्या']
Suffix ा not at position 9, 10, of wordform भारताविषयी, af: ['भारत', 'n', 'm', 'sg', '', 'o', 'च्या', 'ा_च्या']
Suffix d not at position 9, 10, of wordform भिजवण्याचा, af: ['n_kr', 'kr', 'भिजव', 'v', '', 'sg', '', 'd']
Suffix m not at position 4, 5, of wordform भेटाव, af: ['भेट', 'v', '', '', '', '', 'व', 'm']
Suffix चे not at position 7, 9, of wordform भोजनाच्या, af: ['भोजन', 'n', 'n', 'sg', '', 'o', 'चे', 'ा_चे']
Suffix च्या not at position 2, 6, of wordform मंत्र्, af: ['मंत्री', 'n', 'm', 'pl', '', 'o', 'च्या', 'ा_च्या']
Suffix ा not at position 5, 6, of wordform मंत्र्, af: ['मंत्री', 'n', 'm', 'pl', '', 'o', 'च्या', 'ा_च्या']
Suffix च्या not at position 10, 14, of wordform मंदिराच्याआतून, af: ['मंदिर', 'n', 'n', 'sg', '', 'o', 'च्या', 'ा_च्या']
Suffix ा not at position 13, 14, of wordform मंदिराच्याआतून, af: ['मंदिर', 'n', 'n', 'sg', '', 'o', 'च्या', 'ा_च्या']
Suffix समोर not at position -3, 1, of wordform ., af: ['बाबा', 'n', 'm', 'pl', '', 'o', 'समोर', 'ं_च्या_समोर']
Suffix च्या not at position -3, 1, of wordform ., af: ['बाबा', 'n', 'm', 'pl', '', 'o', 'समोर', 'ं_च्या_समोर']
Suffix ं not at position 0, 1, of wordform ., af: ['बाबा', 'n', 'm', 'pl', '', 'o', 'समोर', 'ं_च्या_समोर']
Suffix ्यांवर not at position 5, 11, of wordform मकबर्‍यांवर, af: ['मकबरा', 'n', 'm', 'pl', '3', '', '्यांवर', '्यांवर']
Suffix ्यास not at position 5, 9, of wordform मकबर्‍यास, af: ['मकबरा', 'n', 'm', 'sg', '3', '', '्यास', '्यास']
Suffix चे not at position 1, 3, of wordform मळे, af: ['चहा', 'n', 'm', 'sg', '', 'o', 'चे', 'चे']
Suffix चे not at position 12, 14, of wordform महत्त्वाचेनेते, af: ['महत्त्व', 'n', 'n', 'sg', '', 'o', 'चे', 'ा_चे']
Suffix ा not at position 13, 14, of wordform महत्त्वाचेनेते, af: ['महत्त्व', 'n', 'n', 'sg', '', 'o', 'चे', 'ा_चे']
Suffix े not at position 9, 10, of wordform महापालिके'च्या, af: ['महापालिका', 'n', 'f', 'sg', '', 'o', 'च्या', 'े_च्या']
Suffix ावरुन not at position 4, 9, of wordform महालावरून, af: ['महाल', 'n', 'm', 'sg', '', 'o', '', 'ावरुन']
Suffix ाःझं not at position 0, 4, of wordform माझं, af: ['मी', 'pn', 'any', 'sg', '', 'o', 'झं', 'ाःझं']
Suffix ु not at position 1, 2, of wordform माझा, af: ['मी', 'pn', '', '', '', '', 'झा', 'ु_झा']
Suffix झ्या not at position 6, 10, of wordform माझ्याकडून, af: ['मी', 'pn', '', '', '', '', 'झ्या', 'ा_झ्या']
Suffix ा not at position 9, 10, of wordform माझ्याकडून, af: ['मी', 'pn', '', '', '', '', 'झ्या', 'ा_झ्या']
Suffix झ्या not at position 7, 11, of wordform माझ्याशिवाय, af: ['मी', 'pn', '', '', '', '', 'झ्या', 'ा_झ्या']
Suffix ा not at position 10, 11, of wordform माझ्याशिवाय, af: ['मी', 'pn', '', '', '', '', 'झ्या', 'ा_झ्या']
Suffix च्या not at position 2, 6, of wordform मातीची, af: ['माती', 'n', 'f', 'sg', '', 'o', 'च्या', 'च्या']
Suffix 3 not at position 5, 6, of wordform मानतात, af: ['h', 'ak', 'pre', 'मान', 'v', 'm', 'pl', '3']
Suffix ने not at position 8, 10, of wordform मानभंगानेच, af: ['मानभंग', 'n', 'm', 'sg', '', 'o', 'ने', 'ा_ने']
Suffix ा not at position 9, 10, of wordform मानभंगानेच, af: ['मानभंग', 'n', 'm', 'sg', '', 'o', 'ने', 'ा_ने']
Suffix ले not at position 3, 5, of wordform मानला, af: ['ak', 'मान', 'v', 'n', 'sg', '3', '', 'ले']
Suffix 3 not at position 4, 5, of wordform मानले, af: ['pas', 'ak', 'p', 'मान', 'v', 'n', 'sg', '3']
Suffix ा not at position 3, 4, of wordform मानवला, af: ['मानव', 'n', 'm', '', '', 'o', 'ला', 'ा_ला']
Suffix ला not at position 3, 5, of wordform मार्ग, af: ['मार्ग', 'n', 'm', 'sg', '', 'o', 'ला', 'ा_ला']
Suffix ा not at position 4, 5, of wordform मार्ग, af: ['मार्ग', 'n', 'm', 'sg', '', 'o', 'ला', 'ा_ला']
Suffix वरुन not at position 6, 10, of wordform मार्गावरून, af: ['मार्ग', 'n', 'm', 'sg', '', 'o', '', 'वरुन']
Suffix ाःच्या not at position 8, 14, of wordform माल्टीकरणाच्या, af: ['माल्टीकरण', 'n', 'n', 'sg', '', 'o', 'च्या', 'ाःच्या']
Suffix tn not at position 7, 9, of wordform मिळणाऱ्या, af: ['मिळ', 'v', '', '', '', 'o', 'णाऱ्या', 'tn']
Suffix tn not at position 7, 9, of wordform मिळणाऱ्या, af: ['मिळ', 'v', '', 'pl', '', 'o', 'णाऱ्या', 'tn']
Suffix 3 not at position 4, 5, of wordform मिळते, af: ['h', 'ak', 'pre', 'मिळ', 'v', 'n', 'sg', '3']
Suffix 3 not at position 4, 5, of wordform मिळतो, af: ['h', 'ak', 'pre', 'मिळ', 'v', 'm', 'sg', '3']
Suffix 3 not at position 4, 5, of wordform मिळतो, af: ['pre', 'ak', 'h', 'मिळ', 'v', 'm', 'sg', '3']
Suffix o not at position 14, 15, of wordform मिळवण्याविषयीचे, af: ['n_kr', 'kr', 'मिळव', 'v', 'n', 'sg', '', 'o']
Suffix kr not at position 9, 11, of wordform मिळविणाऱ्या, af: ['मिळव', 'v', '', 'pl', '', 'o', 'ि_णाऱ्या', 'kr']
Suffix 3 not at position 5, 6, of wordform मिळाला, af: ['p', 'ak', 'pas', 'मिळ', 'v', 'm', 'sg', '3']
Suffix 3 not at position 5, 6, of wordform मिळाली, af: ['p', 'ak', 'pas', 'मिळ', 'v', 'f', 'sg', '3']
Suffix 3 not at position 5, 6, of wordform मिळाले, af: ['p', 'ak', 'pas', 'मिळ', 'v', 'n', 'sg', '3']
Suffix 3 not at position 5, 6, of wordform मिळाले, af: ['p', 'pas', 'ak', 'मिळ', 'v', 'n', 'sg', '3']
Suffix 3 not at position 5, 6, of wordform मिसळले, af: ['p', 'ak', 'pas', 'मिसळ', 'v', 'n', 'sg', '3']
Suffix वर not at position 10, 12, of wordform मुन्नारमध्ये, af: ['मुन्नार', 'n', 'n', 'sg', '', 'o', 'वर', 'ा_वर']
Suffix ा not at position 11, 12, of wordform मुन्नारमध्ये, af: ['मुन्नार', 'n', 'n', 'sg', '', 'o', 'वर', 'ा_वर']
Suffix ु not at position 2, 3, of wordform मुलं, af: ['मूल', 'n', 'n', 'pl', '', 'd', 'ं', 'ु_ं']
Suffix ू not at position 1, 2, of wordform मुल, af: ['मुल', 'n', '', 'pl', '', 'o', 'ूल', 'ू_ल']
Suffix ना not at position 3, 5, of wordform मुलांबरोबर, af: ['मुल', 'n', '', 'pl', '', 'o', 'बरोबर', 'ां_ना_बरोबर']
Suffix च्या not at position 9, 13, of wordform मुलींच्यापैकी, af: ['मुलींच्यापैकी', 'n', 'f', 'sg', '', 'o', 'च्या', 'ं_च्या']
Suffix ं not at position 12, 13, of wordform मुलींच्यापैकी, af: ['मुलींच्यापैकी', 'n', 'f', 'sg', '', 'o', 'च्या', 'ं_च्या']
Suffix च्या not at position 5, 9, of wordform मुलींपैकी, af: ['मुलगी', 'n', 'f', 'sg', '', 'o', 'च्या', 'ं_च्या']
Suffix ं not at position 8, 9, of wordform मुलींपैकी, af: ['मुलगी', 'n', 'f', 'sg', '', 'o', 'च्या', 'ं_च्या']
Suffix ्या not at position 3, 6, of wordform मूर्तींमध्ये, af: ['मूर्ती', 'n', 'f', 'pl', '', 'd', 'मध्ये', '्या_ं_मध्ये']
Suffix ्या not at position 3, 6, of wordform मूर्ती, af: ['मूर्ती', 'n', 'f', 'pl', '', 'd', '', '्या']
Suffix ं not at position 5, 6, of wordform मूर्ती, af: ['मूर्ती', 'n', 'f', 'pl', '', 'o', 'ं', '्या_ं']
Suffix ्या not at position 3, 6, of wordform मूर्ती, af: ['मूर्ती', 'n', 'f', 'pl', '', 'o', 'ं', '्या_ं']
Suffix ्या not at position 3, 6, of wordform मूर्तीसुद्धा, af: ['मूर्ती', 'n', 'f', 'pl', '', 'd', '', '्या_सुद्धा']
Suffix चे not at position 6, 8, of wordform मूळाच्या, af: ['मूळ', 'n', 'n', 'sg', '', 'o', 'चे', 'ा_चे']
Suffix ाःचा not at position 3, 7, of wordform मैदनाचा, af: ['मैदान', 'n', 'n', 'sg', '', 'o', 'चा', 'ाःचा']
Suffix ्या not at position 1, 4, of wordform मोठी, af: ['मोठा', 'adj', 'm', '', '', 'o', '', '्या']
Suffix च्या not at position 9, 13, of wordform मोहनच्याखेरीज, af: ['मोहन', 'n', 'm', 'sg', '', 'o', 'च्या', 'च्या']
Suffix च्या not at position 10, 14, of wordform मोहनच्याद्वारा, af: ['मोहन', 'n', 'm', 'sg', '', 'o', 'च्या', 'च्या']
Suffix च्या not at position 9, 13, of wordform मोहनच्याशिवाय, af: ['मोहन', 'n', 'm', 'sg', '', 'o', 'च्या', 'च्या']
Suffix 3 not at position 6, 7, of wordform म्हणतात, af: ['h', 'ak', 'pre', 'म्हण', 'v', 'm', 'pl', '3']
Suffix 3 not at position 5, 6, of wordform म्हणतो, af: ['h', 'pre', 'ak', 'म्हण', 'v', 'm', 'sg', '3']
Suffix imp not at position -1, 2, of wordform या, af: ['ये', 'v', 'm', 'sg', '2', 'o', 'ा', 'imp']
Suffix ुं not at position 8, 10, of wordform यात्रेकरूंचे, af: ['यात्रेकरु', 'n', 'n', 'pl', '', 'o', 'चे', 'ुं_चे']
Suffix kr not at position 6, 8, of wordform येणाऱ्या, af: ['ये', 'v', '', '', '', 'o', 'ा_ऱ्या', 'kr']
Suffix tn not at position 6, 8, of wordform येणाऱ्या, af: ['ये', 'v', 'f', 'pl', '', 'o', 'णाऱ्या', 'tn']
Suffix 3 not at position 4, 5, of wordform येतात, af: ['h', 'ak', 'pre', 'ये', 'v', 'm', 'pl', '3']
Suffix 3 not at position 4, 5, of wordform येतात, af: ['h', 'ak', 'pre', 'ये', 'v', 'm', 'pl', '3']
Suffix 3 not at position 4, 5, of wordform येतात, af: ['h', 'ak', 'pre', 'ये', 'v', 'n', 'pl', '3']
Suffix 3 not at position 4, 5, of wordform येतात, af: ['pre', 'ak', 'h', 'ये', 'v', 'f', 'pl', '3']
Suffix 3 not at position 3, 4, of wordform येते, af: ['h', 'ak', 'pre', 'ये', 'v', 'f', 'sg', '3']
Suffix 3 not at position 3, 4, of wordform येते, af: ['h', 'ak', 'pre', 'ये', 'v', 'n', 'sg', '3']
Suffix 3 not at position 3, 4, of wordform येतो, af: ['h', 'ak', 'pre', 'ये', 'v', 'm', 'sg', '3']
Suffix 3 not at position 6, 7, of wordform रंगविले, af: ['p', 'pas', 'ak', 'रंगव', 'v', 'n', 'sg', '3']
Suffix 3 not at position 4, 5, of wordform रंगीत, af: ['h', 'ak', 'pas', 'रंग', 'v', 'm', 'pl', '3']
Suffix 3 not at position 4, 5, of wordform रंगीत, af: ['h', 'ak', 'pas', 'रंग', 'v', 'm', 'pl', '3']
Suffix pas not at position 1, 4, of wordform रचला, af: ['रच', 'v', 'm', 'sg', '3', 'o', 'ला', 'pas']
Suffix याच्या not at position 8, 14, of wordform रस्त्याच्यामधे, af: ['रस्ता', 'n', 'm', 'sg', '', 'o', 'याच्या', 'याच्या']
Suffix ावरुन not at position 6, 11, of wordform रस्त्यावरून, af: ['रस्ता', 'n', 'm', 'sg', '', 'o', '', 'ावरुन']
Suffix d not at position 8, 9, of wordform रागावलेला, af: ['l_kr', 'kr', 'रागाव', 'v', 'm', 'sg', '', 'd']
Suffix च्यां not at position 12, 17, of wordform राजगोपालाचारीच्या, af: ['राजगोपालाचारी', 'n', 'm', 'sg', '', 'o', 'च्यां', 'च्यां']
Suffix tn not at position 7, 9, of wordform राहणाऱ्या, af: ['राह', 'v', '', '', '', 'o', 'णाऱ्या', 'tn']
Suffix kr not at position 7, 9, of wordform राहणाऱ्या, af: ['राहण', 'v', '', 'sg', '', 'o', 'ाऱ्या', 'kr']
Suffix d not at position 4, 5, of wordform राहणे, af: ['n_kr', 'kr', 'राह', 'v', 'n', 'sg', '', 'd']
Suffix 3 not at position 5, 6, of wordform राहतात, af: ['h', 'pre', 'ak', 'राह', 'v', 'n', 'pl', '3']
Suffix 3 not at position 5, 6, of wordform राहतात, af: ['h', 'ak', 'pre', 'राह', 'v', 'm', 'pl', '3']
Suffix 3 not at position 5, 6, of wordform राहतात, af: ['pre', 'ak', 'h', 'राह', 'v', 'f', 'pl', '3']
Suffix 3 not at position 4, 5, of wordform राहते, af: ['h', 'ak', 'pre', 'राह', 'v', 'n', 'sg', '3']
Suffix ली not at position 4, 6, of wordform राहिला, af: ['राह', 'v', 'f', 'sg', '3', '', 'ली', 'ली']
Suffix च्या not at position 10, 14, of wordform राहुलच्याबरोबर, af: ['राहुल', 'n', 'm', 'sg', '', 'o', 'च्या', 'च्या']
Suffix च्या not at position 10, 14, of wordform राहुलच्याशिवाय, af: ['राहुल', 'n', 'm', 'sg', '', 'o', 'च्या', 'च्या']
Suffix चा not at position 9, 11, of wordform लक्षद्वीपची, af: ['लक्षद्वीप', 'n', 'n', 'sg', '', 'o', 'चा', 'चा']
Suffix सहित not at position 0, 4, of wordform लांब, af: ['मूठ', 'n', 'f', 'sg', '', 'o', 'सहित', 'ी_सहित']
Suffix ी not at position 3, 4, of wordform लांब, af: ['मूठ', 'n', 'f', 'sg', '', 'o', 'सहित', 'ी_सहित']
Suffix ों not at position 2, 4, of wordform लाखो, af: ['लाख', 'adj', '', '', '', 'o', 'ों', 'ों']
Suffix 3 not at position 5, 6, of wordform लागतात, af: ['pre', 'ak', 'h', 'लाग', 'v', 'n', 'pl', '3']
Suffix 3 not at position 5, 6, of wordform लागतात, af: ['h', 'ak', 'pre', 'लाग', 'v', 'n', 'pl', '3']
Suffix 3 not at position 4, 5, of wordform लागते, af: ['h', 'ak', 'pre', 'लाग', 'v', 'n', 'sg', '3']
Suffix 3 not at position 4, 5, of wordform लागली, af: ['p', 'ak', 'pas', 'लाग', 'v', 'f', 'sg', '3']
Suffix 3 not at position 4, 5, of wordform लागली, af: ['p', 'pas', 'ak', 'लाग', 'v', 'f', 'sg', '3']
Suffix 3 not at position 4, 5, of wordform लागले, af: ['p', 'ak', 'pas', 'लाग', 'v', 'n', 'sg', '3']
Suffix 3 not at position 4, 5, of wordform लागले, af: ['p', 'pas', 'ak', 'लाग', 'v', 'm', 'pl', '3']
Suffix tn not at position 7, 9, of wordform लावणाऱ्या, af: ['लाव', 'v', '', '', '', 'o', 'णाऱ्या', 'tn']
Suffix d not at position 6, 7, of wordform लावलेला, af: ['l_kr', 'kr', 'लाव', 'v', 'm', 'sg', '', 'd']
Suffix लtype not at position 0, 5, of wordform लिहिल, af: ['लिहि', 'v', 'm', 'sg', '', 'o', 'ल', 'लtype']
Suffix िल not at position 5, 7, of wordform लिहिलेल, af: ['लिह', 'v', '', '', '', '', 'ल', 'िल']
Suffix kr not at position 5, 7, of wordform लुटताना, af: ['लुट', 'v', '', 'sg', '', 'o', 'ताना', 'kr']
Suffix o not at position 8, 9, of wordform लोळण्याचा, af: ['n_kr', 'kr', 'लोळ', 'v', 'n', 'sg', '', 'o']
Suffix 3 not at position 4, 5, of wordform लोळते, af: ['h', 'ak', 'pre', 'लोळ', 'v', 'n', 'sg', '3']
Suffix ्यांःच्या not at position 4, 13, of wordform वक्‍त्यांच्या, af: ['वक्ता', 'n', 'm', 'pl', '', 'o', 'च्या', '्यांःच्या']
Suffix े not at position 5, 6, of wordform वर्षांपूर्वी, af: ['वर्ष', 'n', 'n', 'pl', '', 'o', 'पूर्वी', 'े_पूर्वी']
Suffix ांपुर्वी not at position 4, 12, of wordform वर्षांपूर्वी, af: ['वर्ष', 'n', 'n', 'pl', '3', '', 'ांपुर्वी', 'ांपुर्वी']
Suffix 3 not at position 3, 4, of wordform वळतो, af: ['h', 'ak', 'pre', 'वळ', 'v', 'm', 'sg', '3']
Suffix ी not at position 2, 3, of wordform वळवाच्या, af: ['वळीव', 'n', 'm', 'sg', '', 'o', 'ाच्या', 'ी_ा_च्या']
Suffix ही not at position 3, 5, of wordform वस्तू, af: ['वस्तू', 'n', 'f', 'pl', '', 'd', 'ही', 'ही']
Suffix 3 not at position 5, 6, of wordform वाकतात, af: ['h', 'ak', 'pre', 'वाक', 'v', 'n', 'pl', '3']
Suffix 3 not at position 4, 5, of wordform वाकतो, af: ['pre', 'ak', 'h', 'वाक', 'v', 'm', 'sg', '3']
Suffix ून not at position 9, 11, of wordform वाचूनसुद्धा, af: ['kr', 'वाच', 'v', '', '', '', '', 'ून']
Suffix ून not at position 5, 7, of wordform वाचूनही, af: ['kr', 'वाच', 'v', '', '', '', '', 'ून']
Suffix kr not at position 9, 11, of wordform वाजविणाऱ्या, af: ['वाज', 'v', '', 'sg', '', 'o', 'णाऱ्या', 'kr']
Suffix 3 not at position 4, 5, of wordform वाटतं, af: ['p', 'pas', 'c', 'वाट', 'v', 'n', 'sg', '3']
Suffix 3 not at position 4, 5, of wordform वाटते, af: ['h', 'ak', 'pre', 'वाट', 'v', 'n', 'sg', '3']
Suffix pas not at position 1, 4, of wordform वाटल, af: ['वाट', 'v', '', 'sg', '3', 'o', 'ल', 'pas']
Suffix 3 not at position 5, 6, of wordform वाढतात, af: ['h', 'ak', 'pre', 'वाढ', 'v', 'm', 'pl', '3']
Suffix 3 not at position 5, 6, of wordform वाढतात, af: ['pre', 'ak', 'h', 'वाढ', 'v', 'f', 'pl', '3']
Suffix 3 not at position 4, 5, of wordform वाढती, af: ['ak', 'p', 'pas', 'वाढ', 'v', 'f', 'sg', '3']
Suffix sg not at position 3, 5, of wordform वाढते, af: ['c', 'pas', 'ak', 'p', 'वाढ', 'v', 'n', 'sg']
Suffix 3 not at position 4, 5, of wordform वाढते, af: ['h', 'ak', 'pre', 'वाढ', 'v', 'f', 'sg', '3']
Suffix 3 not at position 4, 5, of wordform वाढते, af: ['h', 'ak', 'pre', 'वाढ', 'v', 'n', 'sg', '3']
Suffix 3 not at position 4, 5, of wordform वाढते, af: ['h', 'ak', 'pre', 'वाढ', 'v', 'n', 'sg', '3']
Suffix 3 not at position 4, 5, of wordform वाढते, af: ['pre', 'ak', 'h', 'वाढ', 'v', 'n', 'sg', '3']
Suffix 3 not at position 4, 5, of wordform वाढते, af: ['h', 'ak', 'pre', 'वाढ', 'v', 'f', 'sg', '3']
Suffix 3 not at position 4, 5, of wordform वाढतो, af: ['h', 'ak', 'pre', 'वाढ', 'v', 'm', 'sg', '3']
Suffix 3 not at position 4, 5, of wordform वाढतो, af: ['pre', 'ak', 'h', 'वाढ', 'v', 'm', 'sg', '3']
Suffix 3 not at position 6, 7, of wordform वाढत्या, af: ['ak', 'p', 'pas', 'वाढ', 'v', 'f', 'pl', '3']
Suffix pl not at position 5, 7, of wordform वाढत्या, af: ['p', 'ak', 'c', 'pas', 'वाढ', 'v', 'f', 'pl']
Suffix pl not at position 5, 7, of wordform वाढत्या, af: ['p', 'c', 'ak', 'pas', 'वाढ', 'v', 'n', 'pl']
Suffix 3 not at position 6, 7, of wordform वाढत्या, af: ['p', 'pas', 'c', 'वाढ', 'v', 'f', 'pl', '3']
Suffix 3 not at position 4, 5, of wordform वाढली, af: ['p', 'ak', 'pas', 'वाढ', 'v', 'f', 'sg', '3']
Suffix 3 not at position 4, 5, of wordform वाढली, af: ['p', 'ak', 'pas', 'वाढ', 'v', 'f', 'sg', '3']
Suffix 3 not at position 4, 5, of wordform वाढले, af: ['p', 'ak', 'pas', 'वाढ', 'v', 'n', 'sg', '3']
Suffix 3 not at position 6, 7, of wordform वाढवतात, af: ['h', 'ak', 'pre', 'वाढव', 'v', 'm', 'pl', '3']
Suffix 3 not at position 5, 6, of wordform वाढवतो, af: ['h', 'pre', 'ak', 'वाढव', 'v', 'm', 'sg', '3']
Suffix 3 not at position 6, 7, of wordform वाढविले, af: ['p', 'ak', 'pas', 'वाढव', 'v', 'm', 'pl', '3']
Suffix 3 not at position 6, 7, of wordform वाढविले, af: ['pas', 'ak', 'p', 'वाढव', 'v', 'n', 'sg', '3']
Suffix d not at position 5, 6, of wordform वापरणे, af: ['n_kr', 'kr', 'वापर', 'v', 'n', 'sg', '', 'd']
Suffix 3 not at position 6, 7, of wordform वापरतात, af: ['h', 'ak', 'pre', 'वापर', 'v', 'm', 'pl', '3']
Suffix 3 not at position 6, 7, of wordform वापरतात, af: ['h', 'pre', 'ak', 'वापर', 'v', 'f', 'pl', '3']
Suffix 3 not at position 6, 7, of wordform वापरतात, af: ['h', 'pre', 'ak', 'वापर', 'v', 'm', 'pl', '3']
Suffix 3 not at position 6, 7, of wordform वापरतात, af: ['pre', 'ak', 'h', 'वापर', 'v', 'm', 'pl', '3']
Suffix 3 not at position 6, 7, of wordform वापरतात, af: ['h', 'ak', 'pre', 'वापर', 'v', 'm', 'pl', '3']
Suffix 3 not at position 5, 6, of wordform वापरली, af: ['pas', 'ak', 'p', 'वापर', 'v', 'f', 'sg', '3']
Suffix 3 not at position 5, 6, of wordform वापरली, af: ['pas', 'ak', 'p', 'वापर', 'v', 'f', 'sg', '3']
Suffix 3 not at position 5, 6, of wordform वापरले, af: ['p', 'ak', 'pas', 'वापर', 'v', 'n', 'sg', '3']
Suffix ु not at position 3, 4, of wordform वासरं, af: ['वासरु', 'n', 'm', 'pl', '', 'o', 'ं', 'ु_ं']
Suffix 3 not at position 4, 5, of wordform विकले, af: ['p', 'ak', 'pas', 'विक', 'v', 'n', 'sg', '3']
Suffix o not at position 10, 11, of wordform विखुरण्याची, af: ['n_kr', 'kr', 'विखुर', 'v', 'n', 'sg', '', 'o']
Suffix d not at position 8, 9, of wordform विखुरलेला, af: ['l_kr', 'kr', 'विखुर', 'v', 'm', 'sg', '', 'd']
Suffix pas not at position 4, 7, of wordform विचारले, af: ['विचार', 'v', 'n', 'sg', '', 'o', 'ले', 'pas']
Suffix यांचे not at position 8, 13, of wordform विद्यार्थांचे, af: ['विद्यार्थी', 'n', 'm', 'pl', '3', '', 'यांचे', 'यांचे']
Suffix वरुन not at position 8, 12, of wordform विमानतळावरून, af: ['विमानतळ', 'n', 'n', 'sg', '', 'd', '', 'वरुन']
Suffix d not at position 10, 11, of wordform विस्तारलेला, af: ['l_kr', 'kr', 'विस्तार', 'v', 'm', 'sg', '', 'd']
Suffix चा not at position 5, 7, of wordform वेगळ्या, af: ['वेगळ्याप्रकार', 'adj', '', '', '', '', 'चा', 'चा']
Suffix 3 not at position 7, 8, of wordform व्यापतात, af: ['h', 'pre', 'ak', 'व्याप', 'v', 'm', 'pl', '3']
Suffix 3 not at position 6, 7, of wordform व्यापते, af: ['h', 'ak', 'pre', 'व्याप', 'v', 'f', 'sg', '3']
Suffix ा not at position 9, 10, of wordform व्यासपीठा'तर्फे, af: ['व्यासपीठ', 'n', 'n', 'sg', '', 'o', 'तर्फे', 'ा_तर्फे']
Suffix 2 not at position 3, 4, of wordform शकता, af: ['h', 'ak', 'pre', 'शक', 'v', 'm', 'pl', '2']
Suffix 3 not at position 4, 5, of wordform शकतात, af: ['h', 'ak', 'pre', 'शक', 'v', 'm', 'pl', '3']
Suffix 3 not at position 4, 5, of wordform शकतात, af: ['h', 'ak', 'pre', 'शक', 'v', 'n', 'pl', '3']
Suffix 3 not at position 4, 5, of wordform शकतात, af: ['h', 'pre', 'ak', 'शक', 'v', 'm', 'pl', '3']
Suffix 3 not at position 3, 4, of wordform शकते, af: ['h', 'ak', 'pre', 'शक', 'v', 'f', 'sg', '3']
Suffix 3 not at position 3, 4, of wordform शकते, af: ['h', 'ak', 'pre', 'शक', 'v', 'n', 'sg', '3']
Suffix 1 not at position 3, 4, of wordform शकतो, af: ['h', 'ak', 'pre', 'शक', 'v', 'm', 'pl', '1']
Suffix 3 not at position 3, 4, of wordform शकतो, af: ['h', 'ak', 'pre', 'शक', 'v', 'm', 'sg', '3']
Suffix 3 not at position 3, 4, of wordform शकतो, af: ['h', 'pre', 'ak', 'शक', 'v', 'm', 'sg', '3']
Suffix 3 not at position 3, 4, of wordform शकतो, af: ['h', 'pre', 'ak', 'शक', 'v', 'm', 'sg', '3']
Suffix pre not at position 4, 7, of wordform शक्‍यतो, af: ['शक', 'v', 'm', 'sg', '3', 'o', 'यतो', 'pre']
Suffix tn not at position 7, 9, of wordform शिकणाऱ्या, af: ['शिक', 'v', '', '', '', 'o', 'णाऱ्या', 'tn']
Suffix 3 not at position 4, 5, of wordform शिकले, af: ['p', 'pas', 'ak', 'शिक', 'v', 'm', 'pl', '3']
Suffix ले not at position 3, 5, of wordform शिकवल, af: ['शिकव', 'v', 'n', 'sg', '3', '', 'ल', 'ले']
Suffix च not at position 8, 9, of wordform शॅम्पेनची, af: ['शॅम्पेन', 'n', 'f', 'sg', '', 'd', '', 'च']
Suffix ना not at position 2, 4, of wordform शेते, af: ['शेत', 'n', 'n', 'pl', '', 'o', 'ना', 'ां_ना']
Suffix ां not at position 2, 4, of wordform शेते, af: ['शेत', 'n', 'n', 'pl', '', 'o', 'ना', 'ां_ना']
Suffix 3 not at position 4, 5, of wordform शोधले, af: ['p', 'pas', 'ak', 'शोध', 'v', 'n', 'sg', '3']
Suffix मध्ये not at position 4, 9, of wordform संक्रांती, af: ['संक्रांती', 'n', 'f', 'sg', '', 'd', '', 'मध्ये']
Suffix च्या not at position 2, 6, of wordform सगळ्या, af: ['सगळा', 'adj', 'n', 'pl', '', 'o', 'च्या', 'ां_च्या']
Suffix ां not at position 4, 6, of wordform सगळ्या, af: ['सगळा', 'adj', 'n', 'pl', '', 'o', 'च्या', 'ां_च्या']
Suffix च्या not at position 11, 15, of wordform सभासदांच्यापैकी, af: ['सभासद', 'n', 'm', 'pl', '', 'o', 'च्या', 'ां_च्या']
Suffix ां not at position 13, 15, of wordform सभासदांच्यापैकी, af: ['सभासद', 'n', 'm', 'pl', '', 'o', 'च्या', 'ां_च्या']
Suffix च्या not at position 7, 11, of wordform सभासदांपैकी, af: ['सभासद', 'n', 'm', 'pl', '', 'o', 'च्या', 'ां_च्या']
Suffix ां not at position 9, 11, of wordform सभासदांपैकी, af: ['सभासद', 'n', 'm', 'pl', '', 'o', 'च्या', 'ां_च्या']
Suffix 3 not at position 4, 5, of wordform समजली, af: ['p', 'pas', 'ak', 'समज', 'v', 'f', 'sg', '3']
Suffix ा not at position 9, 10, of wordform समुद्राकाठच्या, af: ['समुद्राकाठच्या', 'n', 'm', 'sg', '', 'o', 'च्या', 'ा__च्या']
Suffix च्या not at position 0, 4, of wordform सर्व, af: ['सर्व', 'pn', '', '', '', '', 'च्या', 'च्या']
Suffix 3 not at position 5, 6, of wordform सांगतं, af: ['p', 'pas', 'c', 'सांग', 'v', 'n', 'sg', '3']
Suffix d not at position 9, 10, of wordform सांगितलेला, af: ['l_kr', 'kr', 'सांग', 'v', 'm', 'sg', '', 'd']
Suffix pas not at position 2, 5, of wordform साचलय, af: ['साच', 'v', 'n', 'sg', '3', 'o', 'य', 'pas']
Suffix o not at position 9, 10, of wordform साठवण्याचा, af: ['n_kr', 'kr', 'साठव', 'v', 'n', 'sg', '', 'o']
Suffix d not at position 7, 8, of wordform साठवलेला, af: ['l_kr', 'kr', 'साठव', 'v', 'm', 'sg', '', 'd']
Suffix ्-या not at position 2, 6, of wordform साड्या, af: ['साडी', 'n', 'f', 'pl', '', 'o', 'या', '्-या']
Suffix ां not at position 11, 13, of wordform सिद्धिविनायकाच्या, af: ['सिद्धिविनायक', 'n', 'm', 'sg', '', '', 'च्या', 'ां_च्या']
Suffix ां not at position 9, 11, of wordform सीडब्ल्युआरनी, af: ['सीडब्ल्युआर', 'n', 'n', 'pl', '', 'o', 'नी', 'ां_नी']
Suffix d not at position 6, 7, of wordform सुकलेला, af: ['l_kr', 'kr', 'सुक', 'v', 'm', 'sg', '', 'd']
Suffix या not at position 7, 9, of wordform सुक्यामेव्यापेक्षा, af: ['सुक्यामेव्यापेक्षा', 'n', 'm', 'sg', '', 'o', 'पेक्षा', '्_या__्_यापेक्षा']
Suffix ् not at position 8, 9, of wordform सुक्यामेव्यापेक्षा, af: ['सुक्यामेव्यापेक्षा', 'n', 'm', 'sg', '', 'o', 'पेक्षा', '्_या__्_यापेक्षा']
Suffix 3 not at position 6, 7, of wordform सुचविले, af: ['p', 'ak', 'pas', 'सुचव', 'v', 'n', 'sg', '3']
Suffix ं not at position 7, 8, of wordform सुट्ट्या, af: ['सुट्टी', 'n', 'f', 'pl', '', 'd', 'ं', '्या_ं']
Suffix ना not at position 6, 8, of wordform सुट्ट्या, af: ['सुट्टी', 'n', 'f', 'pl', '', 'd', 'ना', '्या_ं_ना']
Suffix ं not at position 7, 8, of wordform सुट्ट्या, af: ['सुट्टी', 'n', 'f', 'pl', '', 'd', 'ना', '्या_ं_ना']
Suffix ला not at position 3, 5, of wordform सुधास, af: ['सुधा', 'n', 'f', 'sg', '', 'o', 'ला', 'ला']
Suffix pas not at position 4, 7, of wordform सुनावले, af: ['सुनाव', 'v', 'n', 'sg', '3', 'o', 'ले', 'pas']
Suffix tn not at position 7, 9, of wordform सोडणाऱ्या, af: ['सोड', 'v', '', '', '', 'o', 'णाऱ्या', 'tn']
Suffix यच्या not at position 1, 6, of wordform स्तरीय, af: ['स्तर', 'n', '', 'sg', '', 'o', 'यच्या', 'ी_यच्या']
Suffix ी not at position 5, 6, of wordform स्तरीय, af: ['स्तर', 'n', '', 'sg', '', 'o', 'यच्या', 'ी_यच्या']
Suffix ां not at position 6, 8, of wordform स्त्रिया, af: ['स्त्री', 'n', 'f', 'pl', '', 'o', 'य_ां', 'य_ां']
Suffix य not at position 7, 8, of wordform स्त्रिया, af: ['स्त्री', 'n', 'f', 'pl', '', 'o', 'य_ां', 'य_ां']
Suffix d not at position 9, 10, of wordform स्थापिलेले, af: ['p', 'pas', 'स्थाप', 'v', 'm', 'pl', '3', 'd']
Suffix o not at position 6, 7, of wordform स्रवतात, af: ['ak', 'pre', 'स्रव', 'v', 'm', 'pl', '3', 'o']
Suffix kr not at position 11, 13, of wordform स्वीकारणाऱ्या, af: ['स्वीकार', 'v', '', '', '', 'o', 'ा_ऱ्या', 'kr']
Suffix ों not at position 3, 5, of wordform हजारो, af: ['हजार', 'num', '', '', '', '', '', 'ों']
Suffix ोंच्या not at position 3, 9, of wordform हजारोच्या, af: ['हजार', 'num', '', '', '', '', '', 'ोंच्या']
Suffix च्या not at position 13, 17, of wordform हत्यारांच्याशिवाय, af: ['हत्यार', 'n', 'n', 'pl', '', 'o', 'च्या', 'ां_च्या']
Suffix ां not at position 15, 17, of wordform हत्यारांच्याशिवाय, af: ['हत्यार', 'n', 'n', 'pl', '', 'o', 'च्या', 'ां_च्या']
Suffix o not at position 7, 8, of wordform हसण्याने, af: ['kr', 'n_kr', 'हस', 'v', 'n', 'sg', '', 'o']
Suffix ुंचे not at position 4, 8, of wordform हिंदूंचे, af: ['हिंदु', 'n', 'n', 'pl', '', 'o', 'ुंचे', 'ुंचे']
Suffix च्या not at position 5, 9, of wordform हिमालयाचे, af: ['हिमालय', 'n', 'm', 'sg', '', 'o', 'च्या', 'ा_च्या']
Suffix ा not at position 8, 9, of wordform हिमालयाचे, af: ['हिमालय', 'n', 'm', 'sg', '', 'o', 'च्या', 'ा_च्या']
Suffix न not at position 6, 7, of wordform हिल्टन'मध्ये, af: ['हिल्टन', 'n', '', '', '', '', 'मध्ये', 'न_मध्ये']
Suffix च्रा not at position 7, 11, of wordform हुसैनाबादचा, af: ['हुसैनाबाद', 'n', '', '', '', '', 'च्रा', 'च्रा']
Suffix ्या not at position 3, 6, of wordform हेतूने, af: ['हा', 'pn', 'm', 'sg', '', 'o', '्या', '्या']
Suffix न not at position 5, 6, of wordform हेतूने, af: ['हेतू', 'n', 'm', 'sg', '', 'o', '', 'न']
Suffix े not at position 8, 9, of wordform हे.पर्यंत, af: ['हा', 'pn', 'm', 'pl', '', 'd', '', 'े']
Suffix च्या not at position 3, 7, of wordform हॉटेलांशिवाय, af: ['हॉटेल', 'n', 'n', 'pl', '', 'o', 'शिवाय', 'ां_च्या_शिवाय']
Suffix tn not at position 6, 8, of wordform होणाऱ्या, af: ['हो', 'v', '', '', '', 'o', 'णाऱ्या', 'tn']
Suffix tn not at position 6, 8, of wordform होणाऱ्या, af: ['हो', 'v', 'm', 'pl', '', 'o', 'णाऱ्या', 'tn']
Suffix d not at position 3, 4, of wordform होणे, af: ['n_kr', 'kr', 'हो', 'v', 'n', 'sg', '', 'd']
Suffix o not at position 7, 8, of wordform होण्याचा, af: ['n_kr', 'kr', 'हो', 'v', 'n', 'sg', '', 'o']
Suffix च्या not at position 2, 6, of wordform होण्याजवळ, af: ['हो', 'v', 'n', 'sg', '', 'o', 'च्या_जवळ', 'ण्या_च्या_जवळ']
Suffix 3 not at position 2, 3, of wordform होत, af: ['h', 'ak', 'pas', 'हो', 'v', 'm', 'pl', '3']
Suffix 3 not at position 3, 4, of wordform होता, af: ['ak', 'p', 'pas', 'हो', 'v', 'm', 'sg', '3']
Suffix 3 not at position 3, 4, of wordform होता, af: ['ak', 'p', 'pas', 'हो', 'v', 'm', 'sg', '3']
Suffix sg not at position 2, 4, of wordform होता, af: ['p', 'ak', 'c', 'pas', 'हो', 'v', 'm', 'sg']
Suffix sg not at position 2, 4, of wordform होता, af: ['p', 'c', 'ak', 'pas', 'हो', 'v', 'm', 'sg']
Suffix 3 not at position 3, 4, of wordform होता, af: ['p', 'pas', 'c', 'हो', 'v', 'm', 'sg', '3']
Suffix 3 not at position 3, 4, of wordform होता, af: ['ak', 'p', 'pas', 'हो', 'v', 'm', 'sg', '3']
Suffix ते not at position 2, 4, of wordform होता, af: ['ak', 'हो', 'v', 'n', 'sg', '3', '', 'ते']
Suffix ते not at position 2, 4, of wordform होता, af: ['हो', 'v', 'm', 'pl', '3', '', 'ते', 'ते']
Suffix 3 not at position 4, 5, of wordform होतात, af: ['h', 'ak', 'pre', 'हो', 'v', 'm', 'pl', '3']
Suffix 3 not at position 4, 5, of wordform होतात, af: ['h', 'ak', 'pre', 'हो', 'v', 'n', 'pl', '3']
Suffix 3 not at position 4, 5, of wordform होतात, af: ['h', 'pre', 'ak', 'हो', 'v', 'm', 'pl', '3']
Suffix 3 not at position 4, 5, of wordform होतात, af: ['pre', 'ak', 'h', 'हो', 'v', 'f', 'pl', '3']
Suffix sg not at position 2, 4, of wordform होती, af: ['p', 'c', 'ak', 'pas', 'हो', 'v', 'f', 'sg']
Suffix 3 not at position 3, 4, of wordform होती, af: ['p', 'pas', 'c', 'हो', 'v', 'f', 'sg', '3']
Suffix ते not at position 2, 4, of wordform होती, af: ['हो', 'v', 'f', 'sg', '3', '', 'ते', 'ते']
Suffix 3 not at position 3, 4, of wordform होती, af: ['ak', 'p', 'pas', 'हो', 'v', 'f', 'sg', '3']
Suffix sg not at position 2, 4, of wordform होती, af: ['p', 'ak', 'c', 'pas', 'हो', 'v', 'f', 'sg']
Suffix 3 not at position 3, 4, of wordform होती, af: ['p', 'pas', 'c', 'हो', 'v', 'f', 'sg', '3']
Suffix ते not at position 2, 4, of wordform होती, af: ['हो', 'v', 'f', 'sg', '3', '', 'ते', 'ते']
Suffix 3 not at position 3, 4, of wordform होते, af: ['ak', 'p', 'pas', 'हो', 'v', 'm', 'pl', '3']
Suffix 3 not at position 3, 4, of wordform होते, af: ['ak', 'p', 'pas', 'हो', 'v', 'n', 'sg', '3']
Suffix 3 not at position 3, 4, of wordform होते, af: ['h', 'ak', 'pre', 'हो', 'v', 'n', 'sg', '3']
Suffix 3 not at position 3, 4, of wordform होते, af: ['h', 'pre', 'ak', 'हो', 'v', 'n', 'sg', '3']
Suffix sg not at position 2, 4, of wordform होते, af: ['p', 'c', 'ak', 'pas', 'हो', 'v', 'n', 'sg']
Suffix 3 not at position 3, 4, of wordform होते, af: ['p', 'pas', 'c', 'हो', 'v', 'm', 'pl', '3']
Suffix 3 not at position 3, 4, of wordform होते, af: ['pre', 'ak', 'h', 'हो', 'v', 'f', 'sg', '3']
Suffix 3 not at position 3, 4, of wordform होते, af: ['pre', 'ak', 'h', 'हो', 'v', 'n', 'sg', '3']
Suffix 3 not at position 3, 4, of wordform होते, af: ['h', 'ak', 'pre', 'हो', 'v', 'f', 'sg', '3']
Suffix 3 not at position 3, 4, of wordform होते, af: ['h', 'ak', 'pre', 'हो', 'v', 'f', 'sg', '3']
Suffix 3 not at position 3, 4, of wordform होते, af: ['h', 'ak', 'pre', 'हो', 'v', 'n', 'sg', '3']
Suffix 3 not at position 3, 4, of wordform होते, af: ['h', 'ak', 'pre', 'हो', 'v', 'n', 'sg', '3']
Suffix 3 not at position 3, 4, of wordform होते, af: ['h', 'pre', 'ak', 'हो', 'v', 'f', 'sg', '3']
Suffix 3 not at position 3, 4, of wordform होते, af: ['h', 'pre', 'ak', 'हो', 'v', 'n', 'sg', '3']
Suffix sg not at position 2, 4, of wordform होते, af: ['p', 'ak', 'c', 'pas', 'हो', 'v', 'n', 'sg']
Suffix sg not at position 2, 4, of wordform होते, af: ['p', 'c', 'ak', 'pas', 'हो', 'v', 'f', 'sg']
Suffix sg not at position 2, 4, of wordform होते, af: ['p', 'c', 'ak', 'pas', 'हो', 'v', 'n', 'sg']
Suffix 3 not at position 3, 4, of wordform होते, af: ['pre', 'ak', 'h', 'हो', 'v', 'f', 'sg', '3']
Suffix 3 not at position 3, 4, of wordform होतो, af: ['h', 'ak', 'pre', 'हो', 'v', 'm', 'sg', '3']
Suffix 3 not at position 3, 4, of wordform होतो, af: ['h', 'ak', 'pre', 'हो', 'v', 'm', 'sg', '3']
Suffix 3 not at position 3, 4, of wordform होतो, af: ['h', 'pre', 'ak', 'हो', 'v', 'm', 'sg', '3']
Suffix 3 not at position 3, 4, of wordform होतो, af: ['h', 'pre', 'ak', 'हो', 'v', 'm', 'sg', '3']
Suffix sg not at position 2, 4, of wordform होतो, af: ['h', 'pre', 'ak', 'होतो', 'हो', 'v', 'm', 'sg']
Suffix 3 not at position 3, 4, of wordform होतो, af: ['pre', 'ak', 'h', 'हो', 'v', 'm', 'sg', '3']
Suffix ते not at position 2, 4, of wordform होतो, af: ['हो', 'v', 'n', 'sg', '3', '', 'ते', 'ते']
Suffix 3 not at position 5, 6, of wordform होत्या, af: ['ak', 'p', 'pas', 'हो', 'v', 'f', 'pl', '3']
Suffix pl not at position 4, 6, of wordform होत्या, af: ['p', 'ak', 'c', 'pas', 'हो', 'v', 'f', 'pl']
Suffix o not at position 2, 3, of wordform होय, af: ['ak', 'pre', 'हो', 'v', '', '', '3', 'o']
Suffix ं not at position 3, 4, of wordform ह्या, af: ['हे', 'pn', 'n', 'pl', '', 'o', 'ं', '्या_ं']
Suffix ्यां not at position 0, 4, of wordform ह्याच, af: ['ही', 'pn', 'f', 'pl', '', 'o', 'च', '्यां_च']
Suffix ्या not at position 6, 9, of wordform ह्याशिवाय, af: ['हे', 'pn', 'n', 'sg', '', 'o', '्या', '्या']
Suffix लेले not at position -1, 3, of wordform <fs, af: ['अस', 'v', 'n', 'sg', '', 'd', 'लेले', 'लेले']
