WARNING:root:Suffix ure not contained at the end of wordform craqûre
WARNING:root:Suffix ure not contained at the end of wordform craqûre
WARNING:root:Suffix aille not contained at the end of wordform épousailles
WARNING:root:Suffix aille not contained at the end of wordform épousailles
WARNING:root:Suffix if not contained at the end of wordform expectative
WARNING:root:Suffix if not contained at the end of wordform expectative
WARNING:root:Suffix aille not contained at the end of wordform fiançailles
WARNING:root:Suffix aille not contained at the end of wordform fiançailles
WARNING:root:Suffix aison not contained at the end of wordform guérison
WARNING:root:Suffix aison not contained at the end of wordform guérison
WARNING:root:Suffix aison not contained at the end of wordform pâmoison
WARNING:root:Suffix aison not contained at the end of wordform pâmoison
WARNING:root:Suffix ure not contained at the end of wordform piqûre
WARNING:root:Suffix ure not contained at the end of wordform piqûre
WARNING:root:Suffix erie not contained at the end of wordform plaidoirie
WARNING:root:Suffix erie not contained at the end of wordform plaidoirie
WARNING:root:Suffix ure not contained at the end of wordform repiqûre
WARNING:root:Suffix ure not contained at the end of wordform repiqûre
WARNING:root:Suffix aille not contained at the end of wordform retrouvailles
WARNING:root:Suffix aille not contained at the end of wordform retrouvailles
WARNING:root:Suffix aille not contained at the end of wordform semailles
WARNING:root:Suffix aille not contained at the end of wordform semailles
WARNING:root:Suffix if not contained at the end of wordform tentative
WARNING:root:Suffix if not contained at the end of wordform tentative
WARNING:root:Suffix ment not contained at the end of wordform tournillements
WARNING:root:Suffix ment not contained at the end of wordform tournillements
